{"/Users/coolvibecoding/Desktop/AI_Mixer_Pro/src/app/layout.tsx": {"path":"/Users/coolvibecoding/Desktop/AI_Mixer_Pro/src/app/layout.tsx","statementMap":{"0":{"start":{"line":7,"column":21},"end":{"line":11,"column":2}},"1":{"start":{"line":13,"column":14},"end":{"line":17,"column":2}},"2":{"start":{"line":19,"column":22},"end":{"line":23,"column":2}},"3":{"start":{"line":25,"column":34},"end":{"line":35,"column":2}},"4":{"start":{"line":37,"column":34},"end":{"line":41,"column":2}},"5":{"start":{"line":48,"column":2},"end":{"line":60,"column":4}}},"fnMap":{"0":{"name":"RootLayout","decl":{"start":{"line":43,"column":24},"end":{"line":43,"column":34}},"loc":{"start":{"line":47,"column":2},"end":{"line":61,"column":1}}}},"branchMap":{},"s":{"0":0,"1":0,"2":0,"3":0,"4":0,"5":0},"f":{"0":0},"b":{}}
,"/Users/coolvibecoding/Desktop/AI_Mixer_Pro/src/app/page.tsx": {"path":"/Users/coolvibecoding/Desktop/AI_Mixer_Pro/src/app/page.tsx","statementMap":{"0":{"start":{"line":15,"column":2},"end":{"line":30,"column":4}}},"fnMap":{"0":{"name":"Home","decl":{"start":{"line":13,"column":24},"end":{"line":13,"column":28}},"loc":{"start":{"line":13,"column":28},"end":{"line":31,"column":1}}}},"branchMap":{},"s":{"0":0},"f":{"0":0},"b":{}}
,"/Users/coolvibecoding/Desktop/AI_Mixer_Pro/src/app/(auth)/sign-in/page.tsx": {"path":"/Users/coolvibecoding/Desktop/AI_Mixer_Pro/src/app/(auth)/sign-in/page.tsx","statementMap":{"0":{"start":{"line":5,"column":2},"end":{"line":36,"column":4}}},"fnMap":{"0":{"name":"SignInPage","decl":{"start":{"line":4,"column":24},"end":{"line":4,"column":34}},"loc":{"start":{"line":4,"column":34},"end":{"line":37,"column":1}}}},"branchMap":{},"s":{"0":0},"f":{"0":0},"b":{}}
,"/Users/coolvibecoding/Desktop/AI_Mixer_Pro/src/app/(auth)/sign-up/page.tsx": {"path":"/Users/coolvibecoding/Desktop/AI_Mixer_Pro/src/app/(auth)/sign-up/page.tsx","statementMap":{"0":{"start":{"line":5,"column":2},"end":{"line":36,"column":4}}},"fnMap":{"0":{"name":"SignUpPage","decl":{"start":{"line":4,"column":24},"end":{"line":4,"column":34}},"loc":{"start":{"line":4,"column":34},"end":{"line":37,"column":1}}}},"branchMap":{},"s":{"0":0},"f":{"0":0},"b":{}}
,"/Users/coolvibecoding/Desktop/AI_Mixer_Pro/src/app/api-docs/page.tsx": {"path":"/Users/coolvibecoding/Desktop/AI_Mixer_Pro/src/app/api-docs/page.tsx","statementMap":{"0":{"start":{"line":6,"column":21},"end":{"line":139,"column":2}},"1":{"start":{"line":142,"column":46},"end":{"line":142,"column":75}},"2":{"start":{"line":144,"column":26},"end":{"line":148,"column":3}},"3":{"start":{"line":145,"column":4},"end":{"line":145,"column":40}},"4":{"start":{"line":146,"column":4},"end":{"line":146,"column":32}},"5":{"start":{"line":147,"column":4},"end":{"line":147,"column":52}},"6":{"start":{"line":147,"column":21},"end":{"line":147,"column":44}},"7":{"start":{"line":150,"column":2},"end":{"line":279,"column":4}},"8":{"start":{"line":182,"column":10},"end":{"line":182,"column":41}},"9":{"start":{"line":188,"column":16},"end":{"line":188,"column":50}},"10":{"start":{"line":208,"column":41},"end":{"line":208,"column":114}},"11":{"start":{"line":228,"column":41},"end":{"line":228,"column":116}}},"fnMap":{"0":{"name":"APIDocumentation","decl":{"start":{"line":141,"column":24},"end":{"line":141,"column":40}},"loc":{"start":{"line":141,"column":40},"end":{"line":280,"column":1}}},"1":{"name":"(anonymous_1)","decl":{"start":{"line":144,"column":26},"end":{"line":144,"column":27}},"loc":{"start":{"line":144,"column":61},"end":{"line":148,"column":3}}},"2":{"name":"(anonymous_2)","decl":{"start":{"line":147,"column":15},"end":{"line":147,"column":18}},"loc":{"start":{"line":147,"column":21},"end":{"line":147,"column":44}}},"3":{"name":"(anonymous_3)","decl":{"start":{"line":181,"column":26},"end":{"line":181,"column":27}},"loc":{"start":{"line":182,"column":10},"end":{"line":182,"column":41}}},"4":{"name":"(anonymous_4)","decl":{"start":{"line":187,"column":37},"end":{"line":187,"column":38}},"loc":{"start":{"line":188,"column":16},"end":{"line":188,"column":50}}},"5":{"name":"(anonymous_5)","decl":{"start":{"line":208,"column":35},"end":{"line":208,"column":38}},"loc":{"start":{"line":208,"column":41},"end":{"line":208,"column":114}}},"6":{"name":"(anonymous_6)","decl":{"start":{"line":228,"column":35},"end":{"line":228,"column":38}},"loc":{"start":{"line":228,"column":41},"end":{"line":228,"column":116}}}},"branchMap":{"0":{"loc":{"start":{"line":191,"column":22},"end":{"line":193,"column":null}},"type":"cond-expr","locations":[{"start":{"line":191,"column":50},"end":{"line":191,"column":82}},{"start":{"line":192,"column":22},"end":{"line":193,"column":null}}]},"1":{"loc":{"start":{"line":192,"column":22},"end":{"line":193,"column":null}},"type":"cond-expr","locations":[{"start":{"line":192,"column":51},"end":{"line":192,"column":81}},{"start":{"line":193,"column":22},"end":{"line":193,"column":null}}]},"2":{"loc":{"start":{"line":211,"column":27},"end":{"line":214,"column":null}},"type":"cond-expr","locations":[{"start":{"line":212,"column":28},"end":{"line":212,"column":72}},{"start":{"line":214,"column":28},"end":{"line":214,"column":56}}]},"3":{"loc":{"start":{"line":231,"column":27},"end":{"line":234,"column":null}},"type":"cond-expr","locations":[{"start":{"line":232,"column":28},"end":{"line":232,"column":72}},{"start":{"line":234,"column":28},"end":{"line":234,"column":56}}]}},"s":{"0":0,"1":0,"2":0,"3":0,"4":0,"5":0,"6":0,"7":0,"8":0,"9":0,"10":0,"11":0},"f":{"0":0,"1":0,"2":0,"3":0,"4":0,"5":0,"6":0},"b":{"0":[0,0],"1":[0,0],"2":[0,0],"3":[0,0]}}
,"/Users/coolvibecoding/Desktop/AI_Mixer_Pro/src/app/api/batch/route.ts": {"path":"/Users/coolvibecoding/Desktop/AI_Mixer_Pro/src/app/api/batch/route.ts","statementMap":{"0":{"start":{"line":6,"column":15},"end":{"line":6,"column":33}},"1":{"start":{"line":17,"column":2},"end":{"line":95,"column":3}},"2":{"start":{"line":18,"column":23},"end":{"line":18,"column":35}},"3":{"start":{"line":19,"column":4},"end":{"line":21,"column":5}},"4":{"start":{"line":20,"column":6},"end":{"line":20,"column":63}},"5":{"start":{"line":23,"column":17},"end":{"line":23,"column":37}},"6":{"start":{"line":24,"column":25},"end":{"line":24,"column":29}},"7":{"start":{"line":26,"column":4},"end":{"line":28,"column":5}},"8":{"start":{"line":27,"column":6},"end":{"line":27,"column":75}},"9":{"start":{"line":30,"column":19},"end":{"line":35,"column":6}},"10":{"start":{"line":37,"column":4},"end":{"line":39,"column":5}},"11":{"start":{"line":38,"column":6},"end":{"line":38,"column":72}},"12":{"start":{"line":41,"column":26},"end":{"line":41,"column":78}},"13":{"start":{"line":41,"column":54},"end":{"line":41,"column":77}},"14":{"start":{"line":43,"column":4},"end":{"line":45,"column":5}},"15":{"start":{"line":44,"column":6},"end":{"line":44,"column":85}},"16":{"start":{"line":47,"column":35},"end":{"line":77,"column":null}},"17":{"start":{"line":49,"column":8},"end":{"line":76,"column":9}},"18":{"start":{"line":50,"column":24},"end":{"line":56,"column":12}},"19":{"start":{"line":58,"column":10},"end":{"line":61,"column":13}},"20":{"start":{"line":63,"column":10},"end":{"line":68,"column":12}},"21":{"start":{"line":70,"column":10},"end":{"line":75,"column":12}},"22":{"start":{"line":80,"column":25},"end":{"line":80,"column":89}},"23":{"start":{"line":80,"column":60},"end":{"line":80,"column":81}},"24":{"start":{"line":82,"column":4},"end":{"line":91,"column":7}},"25":{"start":{"line":88,"column":51},"end":{"line":88,"column":71}},"26":{"start":{"line":93,"column":4},"end":{"line":93,"column":52}},"27":{"start":{"line":94,"column":4},"end":{"line":94,"column":70}},"28":{"start":{"line":99,"column":2},"end":{"line":143,"column":3}},"29":{"start":{"line":100,"column":23},"end":{"line":100,"column":35}},"30":{"start":{"line":101,"column":4},"end":{"line":103,"column":5}},"31":{"start":{"line":102,"column":6},"end":{"line":102,"column":63}},"32":{"start":{"line":105,"column":16},"end":{"line":105,"column":36}},"33":{"start":{"line":106,"column":19},"end":{"line":106,"column":49}},"34":{"start":{"line":108,"column":42},"end":{"line":108,"column":52}},"35":{"start":{"line":109,"column":4},"end":{"line":111,"column":5}},"36":{"start":{"line":110,"column":6},"end":{"line":110,"column":28}},"37":{"start":{"line":113,"column":19},"end":{"line":125,"column":6}},"38":{"start":{"line":127,"column":24},"end":{"line":127,"column":407}},"39":{"start":{"line":127,"column":45},"end":{"line":127,"column":95}},"40":{"start":{"line":128,"column":23},"end":{"line":128,"column":380}},"41":{"start":{"line":128,"column":44},"end":{"line":128,"column":68}},"42":{"start":{"line":129,"column":21},"end":{"line":129,"column":377}},"43":{"start":{"line":129,"column":42},"end":{"line":129,"column":65}},"44":{"start":{"line":131,"column":4},"end":{"line":139,"column":7}},"45":{"start":{"line":141,"column":4},"end":{"line":141,"column":48}},"46":{"start":{"line":142,"column":4},"end":{"line":142,"column":70}}},"fnMap":{"0":{"name":"POST","decl":{"start":{"line":16,"column":22},"end":{"line":16,"column":26}},"loc":{"start":{"line":16,"column":43},"end":{"line":96,"column":1}}},"1":{"name":"(anonymous_1)","decl":{"start":{"line":41,"column":40},"end":{"line":41,"column":41}},"loc":{"start":{"line":41,"column":54},"end":{"line":41,"column":77}}},"2":{"name":"(anonymous_2)","decl":{"start":{"line":48,"column":24},"end":{"line":48,"column":29}},"loc":{"start":{"line":48,"column":47},"end":{"line":77,"column":7}}},"3":{"name":"(anonymous_3)","decl":{"start":{"line":80,"column":40},"end":{"line":80,"column":41}},"loc":{"start":{"line":80,"column":60},"end":{"line":80,"column":81}}},"4":{"name":"(anonymous_4)","decl":{"start":{"line":88,"column":31},"end":{"line":88,"column":32}},"loc":{"start":{"line":88,"column":51},"end":{"line":88,"column":71}}},"5":{"name":"GET","decl":{"start":{"line":98,"column":22},"end":{"line":98,"column":25}},"loc":{"start":{"line":98,"column":42},"end":{"line":144,"column":1}}},"6":{"name":"(anonymous_6)","decl":{"start":{"line":127,"column":38},"end":{"line":127,"column":39}},"loc":{"start":{"line":127,"column":45},"end":{"line":127,"column":95}}},"7":{"name":"(anonymous_7)","decl":{"start":{"line":128,"column":37},"end":{"line":128,"column":38}},"loc":{"start":{"line":128,"column":44},"end":{"line":128,"column":68}}},"8":{"name":"(anonymous_8)","decl":{"start":{"line":129,"column":35},"end":{"line":129,"column":36}},"loc":{"start":{"line":129,"column":42},"end":{"line":129,"column":65}}}},"branchMap":{"0":{"loc":{"start":{"line":19,"column":4},"end":{"line":21,"column":5}},"type":"if","locations":[{"start":{"line":19,"column":4},"end":{"line":21,"column":5}},{"start":{},"end":{}}]},"1":{"loc":{"start":{"line":26,"column":4},"end":{"line":28,"column":5}},"type":"if","locations":[{"start":{"line":26,"column":4},"end":{"line":28,"column":5}},{"start":{},"end":{}}]},"2":{"loc":{"start":{"line":26,"column":8},"end":{"line":26,"column":70}},"type":"binary-expr","locations":[{"start":{"line":26,"column":8},"end":{"line":26,"column":17}},{"start":{"line":26,"column":21},"end":{"line":26,"column":45}},{"start":{"line":26,"column":49},"end":{"line":26,"column":70}}]},"3":{"loc":{"start":{"line":37,"column":4},"end":{"line":39,"column":5}},"type":"if","locations":[{"start":{"line":37,"column":4},"end":{"line":39,"column":5}},{"start":{},"end":{}}]},"4":{"loc":{"start":{"line":43,"column":4},"end":{"line":45,"column":5}},"type":"if","locations":[{"start":{"line":43,"column":4},"end":{"line":45,"column":5}},{"start":{},"end":{}}]},"5":{"loc":{"start":{"line":74,"column":19},"end":{"line":74,"column":75}},"type":"cond-expr","locations":[{"start":{"line":74,"column":44},"end":{"line":74,"column":57}},{"start":{"line":74,"column":60},"end":{"line":74,"column":75}}]},"6":{"loc":{"start":{"line":101,"column":4},"end":{"line":103,"column":5}},"type":"if","locations":[{"start":{"line":101,"column":4},"end":{"line":103,"column":5}},{"start":{},"end":{}}]},"7":{"loc":{"start":{"line":109,"column":4},"end":{"line":111,"column":5}},"type":"if","locations":[{"start":{"line":109,"column":4},"end":{"line":111,"column":5}},{"start":{},"end":{}}]},"8":{"loc":{"start":{"line":127,"column":45},"end":{"line":127,"column":95}},"type":"binary-expr","locations":[{"start":{"line":127,"column":45},"end":{"line":127,"column":70}},{"start":{"line":127,"column":74},"end":{"line":127,"column":95}}]}},"s":{"0":0,"1":0,"2":0,"3":0,"4":0,"5":0,"6":0,"7":0,"8":0,"9":0,"10":0,"11":0,"12":0,"13":0,"14":0,"15":0,"16":0,"17":0,"18":0,"19":0,"20":0,"21":0,"22":0,"23":0,"24":0,"25":0,"26":0,"27":0,"28":0,"29":0,"30":0,"31":0,"32":0,"33":0,"34":0,"35":0,"36":0,"37":0,"38":0,"39":0,"40":0,"41":0,"42":0,"43":0,"44":0,"45":0,"46":0},"f":{"0":0,"1":0,"2":0,"3":0,"4":0,"5":0,"6":0,"7":0,"8":0},"b":{"0":[0,0],"1":[0,0],"2":[0,0,0],"3":[0,0],"4":[0,0],"5":[0,0],"6":[0,0],"7":[0,0],"8":[0,0]}}
,"/Users/coolvibecoding/Desktop/AI_Mixer_Pro/src/app/api/download/route.ts": {"path":"/Users/coolvibecoding/Desktop/AI_Mixer_Pro/src/app/api/download/route.ts","statementMap":{"0":{"start":{"line":7,"column":15},"end":{"line":7,"column":33}},"1":{"start":{"line":10,"column":2},"end":{"line":104,"column":3}},"2":{"start":{"line":11,"column":16},"end":{"line":11,"column":36}},"3":{"start":{"line":12,"column":22},"end":{"line":12,"column":50}},"4":{"start":{"line":13,"column":23},"end":{"line":13,"column":57}},"5":{"start":{"line":15,"column":4},"end":{"line":17,"column":5}},"6":{"start":{"line":16,"column":6},"end":{"line":16,"column":74}},"7":{"start":{"line":20,"column":4},"end":{"line":70,"column":5}},"8":{"start":{"line":21,"column":24},"end":{"line":24,"column":8}},"9":{"start":{"line":26,"column":6},"end":{"line":28,"column":7}},"10":{"start":{"line":27,"column":8},"end":{"line":27,"column":72}},"11":{"start":{"line":30,"column":6},"end":{"line":32,"column":7}},"12":{"start":{"line":31,"column":8},"end":{"line":31,"column":71}},"13":{"start":{"line":34,"column":6},"end":{"line":36,"column":7}},"14":{"start":{"line":35,"column":8},"end":{"line":35,"column":75}},"15":{"start":{"line":39,"column":6},"end":{"line":41,"column":7}},"16":{"start":{"line":40,"column":8},"end":{"line":40,"column":84}},"17":{"start":{"line":44,"column":6},"end":{"line":47,"column":9}},"18":{"start":{"line":50,"column":24},"end":{"line":50,"column":85}},"19":{"start":{"line":51,"column":23},"end":{"line":51,"column":54}},"20":{"start":{"line":53,"column":6},"end":{"line":55,"column":7}},"21":{"start":{"line":54,"column":8},"end":{"line":54,"column":65}},"22":{"start":{"line":57,"column":6},"end":{"line":59,"column":7}},"23":{"start":{"line":58,"column":8},"end":{"line":58,"column":67}},"24":{"start":{"line":61,"column":25},"end":{"line":61,"column":50}},"25":{"start":{"line":62,"column":23},"end":{"line":62,"column":46}},"26":{"start":{"line":64,"column":6},"end":{"line":69,"column":9}},"27":{"start":{"line":73,"column":23},"end":{"line":73,"column":35}},"28":{"start":{"line":74,"column":4},"end":{"line":76,"column":5}},"29":{"start":{"line":75,"column":6},"end":{"line":75,"column":63}},"30":{"start":{"line":78,"column":22},"end":{"line":78,"column":83}},"31":{"start":{"line":79,"column":21},"end":{"line":79,"column":52}},"32":{"start":{"line":81,"column":4},"end":{"line":83,"column":5}},"33":{"start":{"line":82,"column":6},"end":{"line":82,"column":63}},"34":{"start":{"line":85,"column":4},"end":{"line":87,"column":5}},"35":{"start":{"line":86,"column":6},"end":{"line":86,"column":65}},"36":{"start":{"line":92,"column":23},"end":{"line":92,"column":48}},"37":{"start":{"line":93,"column":21},"end":{"line":93,"column":44}},"38":{"start":{"line":95,"column":4},"end":{"line":100,"column":7}},"39":{"start":{"line":102,"column":4},"end":{"line":102,"column":44}},"40":{"start":{"line":103,"column":4},"end":{"line":103,"column":70}}},"fnMap":{"0":{"name":"GET","decl":{"start":{"line":9,"column":22},"end":{"line":9,"column":25}},"loc":{"start":{"line":9,"column":42},"end":{"line":105,"column":1}}}},"branchMap":{"0":{"loc":{"start":{"line":15,"column":4},"end":{"line":17,"column":5}},"type":"if","locations":[{"start":{"line":15,"column":4},"end":{"line":17,"column":5}},{"start":{},"end":{}}]},"1":{"loc":{"start":{"line":20,"column":4},"end":{"line":70,"column":5}},"type":"if","locations":[{"start":{"line":20,"column":4},"end":{"line":70,"column":5}},{"start":{},"end":{}}]},"2":{"loc":{"start":{"line":26,"column":6},"end":{"line":28,"column":7}},"type":"if","locations":[{"start":{"line":26,"column":6},"end":{"line":28,"column":7}},{"start":{},"end":{}}]},"3":{"loc":{"start":{"line":30,"column":6},"end":{"line":32,"column":7}},"type":"if","locations":[{"start":{"line":30,"column":6},"end":{"line":32,"column":7}},{"start":{},"end":{}}]},"4":{"loc":{"start":{"line":34,"column":6},"end":{"line":36,"column":7}},"type":"if","locations":[{"start":{"line":34,"column":6},"end":{"line":36,"column":7}},{"start":{},"end":{}}]},"5":{"loc":{"start":{"line":34,"column":38},"end":{"line":34,"column":65}},"type":"binary-expr","locations":[{"start":{"line":34,"column":38},"end":{"line":34,"column":60}},{"start":{"line":34,"column":64},"end":{"line":34,"column":65}}]},"6":{"loc":{"start":{"line":39,"column":6},"end":{"line":41,"column":7}},"type":"if","locations":[{"start":{"line":39,"column":6},"end":{"line":41,"column":7}},{"start":{},"end":{}}]},"7":{"loc":{"start":{"line":50,"column":24},"end":{"line":50,"column":85}},"type":"binary-expr","locations":[{"start":{"line":50,"column":24},"end":{"line":50,"column":46}},{"start":{"line":50,"column":50},"end":{"line":50,"column":85}}]},"8":{"loc":{"start":{"line":53,"column":6},"end":{"line":55,"column":7}},"type":"if","locations":[{"start":{"line":53,"column":6},"end":{"line":55,"column":7}},{"start":{},"end":{}}]},"9":{"loc":{"start":{"line":57,"column":6},"end":{"line":59,"column":7}},"type":"if","locations":[{"start":{"line":57,"column":6},"end":{"line":59,"column":7}},{"start":{},"end":{}}]},"10":{"loc":{"start":{"line":74,"column":4},"end":{"line":76,"column":5}},"type":"if","locations":[{"start":{"line":74,"column":4},"end":{"line":76,"column":5}},{"start":{},"end":{}}]},"11":{"loc":{"start":{"line":78,"column":22},"end":{"line":78,"column":83}},"type":"binary-expr","locations":[{"start":{"line":78,"column":22},"end":{"line":78,"column":44}},{"start":{"line":78,"column":48},"end":{"line":78,"column":83}}]},"12":{"loc":{"start":{"line":81,"column":4},"end":{"line":83,"column":5}},"type":"if","locations":[{"start":{"line":81,"column":4},"end":{"line":83,"column":5}},{"start":{},"end":{}}]},"13":{"loc":{"start":{"line":85,"column":4},"end":{"line":87,"column":5}},"type":"if","locations":[{"start":{"line":85,"column":4},"end":{"line":87,"column":5}},{"start":{},"end":{}}]}},"s":{"0":0,"1":0,"2":0,"3":0,"4":0,"5":0,"6":0,"7":0,"8":0,"9":0,"10":0,"11":0,"12":0,"13":0,"14":0,"15":0,"16":0,"17":0,"18":0,"19":0,"20":0,"21":0,"22":0,"23":0,"24":0,"25":0,"26":0,"27":0,"28":0,"29":0,"30":0,"31":0,"32":0,"33":0,"34":0,"35":0,"36":0,"37":0,"38":0,"39":0,"40":0},"f":{"0":0},"b":{"0":[0,0],"1":[0,0],"2":[0,0],"3":[0,0],"4":[0,0],"5":[0,0],"6":[0,0],"7":[0,0],"8":[0,0],"9":[0,0],"10":[0,0],"11":[0,0],"12":[0,0],"13":[0,0]}}
,"/Users/coolvibecoding/Desktop/AI_Mixer_Pro/src/app/api/export/route.ts": {"path":"/Users/coolvibecoding/Desktop/AI_Mixer_Pro/src/app/api/export/route.ts","statementMap":{"0":{"start":{"line":7,"column":15},"end":{"line":7,"column":33}},"1":{"start":{"line":10,"column":2},"end":{"line":77,"column":3}},"2":{"start":{"line":11,"column":23},"end":{"line":11,"column":35}},"3":{"start":{"line":12,"column":4},"end":{"line":14,"column":5}},"4":{"start":{"line":13,"column":6},"end":{"line":13,"column":63}},"5":{"start":{"line":16,"column":17},"end":{"line":16,"column":37}},"6":{"start":{"line":17,"column":34},"end":{"line":17,"column":38}},"7":{"start":{"line":19,"column":4},"end":{"line":21,"column":5}},"8":{"start":{"line":20,"column":6},"end":{"line":20,"column":68}},"9":{"start":{"line":23,"column":18},"end":{"line":28,"column":6}},"10":{"start":{"line":30,"column":4},"end":{"line":32,"column":5}},"11":{"start":{"line":31,"column":6},"end":{"line":31,"column":66}},"12":{"start":{"line":34,"column":4},"end":{"line":36,"column":5}},"13":{"start":{"line":35,"column":6},"end":{"line":35,"column":80}},"14":{"start":{"line":38,"column":22},"end":{"line":38,"column":83}},"15":{"start":{"line":39,"column":21},"end":{"line":39,"column":60}},"16":{"start":{"line":41,"column":27},"end":{"line":41,"column":37}},"17":{"start":{"line":42,"column":27},"end":{"line":42,"column":29}},"18":{"start":{"line":44,"column":4},"end":{"line":53,"column":5}},"19":{"start":{"line":45,"column":22},"end":{"line":45,"column":65}},"20":{"start":{"line":46,"column":6},"end":{"line":51,"column":7}},"21":{"start":{"line":47,"column":8},"end":{"line":50,"column":11}},"22":{"start":{"line":52,"column":6},"end":{"line":52,"column":70}},"23":{"start":{"line":55,"column":50},"end":{"line":61,"column":6}},"24":{"start":{"line":63,"column":4},"end":{"line":63,"column":53}},"25":{"start":{"line":64,"column":4},"end":{"line":64,"column":45}},"26":{"start":{"line":66,"column":4},"end":{"line":68,"column":5}},"27":{"start":{"line":67,"column":6},"end":{"line":67,"column":70}},"28":{"start":{"line":70,"column":4},"end":{"line":73,"column":7}},"29":{"start":{"line":75,"column":4},"end":{"line":75,"column":42}},"30":{"start":{"line":76,"column":4},"end":{"line":76,"column":70}}},"fnMap":{"0":{"name":"POST","decl":{"start":{"line":9,"column":22},"end":{"line":9,"column":26}},"loc":{"start":{"line":9,"column":43},"end":{"line":78,"column":1}}}},"branchMap":{"0":{"loc":{"start":{"line":12,"column":4},"end":{"line":14,"column":5}},"type":"if","locations":[{"start":{"line":12,"column":4},"end":{"line":14,"column":5}},{"start":{},"end":{}}]},"1":{"loc":{"start":{"line":19,"column":4},"end":{"line":21,"column":5}},"type":"if","locations":[{"start":{"line":19,"column":4},"end":{"line":21,"column":5}},{"start":{},"end":{}}]},"2":{"loc":{"start":{"line":30,"column":4},"end":{"line":32,"column":5}},"type":"if","locations":[{"start":{"line":30,"column":4},"end":{"line":32,"column":5}},{"start":{},"end":{}}]},"3":{"loc":{"start":{"line":34,"column":4},"end":{"line":36,"column":5}},"type":"if","locations":[{"start":{"line":34,"column":4},"end":{"line":36,"column":5}},{"start":{},"end":{}}]},"4":{"loc":{"start":{"line":38,"column":22},"end":{"line":38,"column":83}},"type":"binary-expr","locations":[{"start":{"line":38,"column":22},"end":{"line":38,"column":44}},{"start":{"line":38,"column":48},"end":{"line":38,"column":83}}]},"5":{"loc":{"start":{"line":44,"column":4},"end":{"line":53,"column":5}},"type":"if","locations":[{"start":{"line":44,"column":4},"end":{"line":53,"column":5}},{"start":{},"end":{}}]},"6":{"loc":{"start":{"line":46,"column":6},"end":{"line":51,"column":7}},"type":"if","locations":[{"start":{"line":46,"column":6},"end":{"line":51,"column":7}},{"start":{},"end":{}}]},"7":{"loc":{"start":{"line":63,"column":15},"end":{"line":63,"column":52}},"type":"binary-expr","locations":[{"start":{"line":63,"column":15},"end":{"line":63,"column":38}},{"start":{"line":63,"column":42},"end":{"line":63,"column":52}}]},"8":{"loc":{"start":{"line":66,"column":4},"end":{"line":68,"column":5}},"type":"if","locations":[{"start":{"line":66,"column":4},"end":{"line":68,"column":5}},{"start":{},"end":{}}]},"9":{"loc":{"start":{"line":72,"column":33},"end":{"line":72,"column":51}},"type":"binary-expr","locations":[{"start":{"line":72,"column":33},"end":{"line":72,"column":41}},{"start":{"line":72,"column":45},"end":{"line":72,"column":51}}]}},"s":{"0":0,"1":0,"2":0,"3":0,"4":0,"5":0,"6":0,"7":0,"8":0,"9":0,"10":0,"11":0,"12":0,"13":0,"14":0,"15":0,"16":0,"17":0,"18":0,"19":0,"20":0,"21":0,"22":0,"23":0,"24":0,"25":0,"26":0,"27":0,"28":0,"29":0,"30":0},"f":{"0":0},"b":{"0":[0,0],"1":[0,0],"2":[0,0],"3":[0,0],"4":[0,0],"5":[0,0],"6":[0,0],"7":[0,0],"8":[0,0],"9":[0,0]}}
,"/Users/coolvibecoding/Desktop/AI_Mixer_Pro/src/app/api/process/route.ts": {"path":"/Users/coolvibecoding/Desktop/AI_Mixer_Pro/src/app/api/process/route.ts","statementMap":{"0":{"start":{"line":6,"column":2},"end":{"line":35,"column":3}},"1":{"start":{"line":7,"column":23},"end":{"line":7,"column":35}},"2":{"start":{"line":8,"column":4},"end":{"line":10,"column":5}},"3":{"start":{"line":9,"column":6},"end":{"line":9,"column":63}},"4":{"start":{"line":12,"column":17},"end":{"line":12,"column":37}},"5":{"start":{"line":13,"column":60},"end":{"line":13,"column":64}},"6":{"start":{"line":15,"column":4},"end":{"line":17,"column":5}},"7":{"start":{"line":16,"column":6},"end":{"line":16,"column":74}},"8":{"start":{"line":19,"column":18},"end":{"line":25,"column":6}},"9":{"start":{"line":27,"column":4},"end":{"line":31,"column":7}},"10":{"start":{"line":33,"column":4},"end":{"line":33,"column":41}},"11":{"start":{"line":34,"column":4},"end":{"line":34,"column":70}}},"fnMap":{"0":{"name":"POST","decl":{"start":{"line":5,"column":22},"end":{"line":5,"column":26}},"loc":{"start":{"line":5,"column":43},"end":{"line":36,"column":1}}}},"branchMap":{"0":{"loc":{"start":{"line":8,"column":4},"end":{"line":10,"column":5}},"type":"if","locations":[{"start":{"line":8,"column":4},"end":{"line":10,"column":5}},{"start":{},"end":{}}]},"1":{"loc":{"start":{"line":15,"column":4},"end":{"line":17,"column":5}},"type":"if","locations":[{"start":{"line":15,"column":4},"end":{"line":17,"column":5}},{"start":{},"end":{}}]},"2":{"loc":{"start":{"line":15,"column":8},"end":{"line":15,"column":35}},"type":"binary-expr","locations":[{"start":{"line":15,"column":8},"end":{"line":15,"column":16}},{"start":{"line":15,"column":20},"end":{"line":15,"column":35}}]}},"s":{"0":0,"1":0,"2":0,"3":0,"4":0,"5":0,"6":0,"7":0,"8":0,"9":0,"10":0,"11":0},"f":{"0":0},"b":{"0":[0,0],"1":[0,0],"2":[0,0]}}
,"/Users/coolvibecoding/Desktop/AI_Mixer_Pro/src/app/api/progress/route.ts": {"path":"/Users/coolvibecoding/Desktop/AI_Mixer_Pro/src/app/api/progress/route.ts","statementMap":{"0":{"start":{"line":5,"column":15},"end":{"line":5,"column":33}},"1":{"start":{"line":8,"column":26},"end":{"line":8,"column":81}},"2":{"start":{"line":11,"column":21},"end":{"line":11,"column":33}},"3":{"start":{"line":12,"column":2},"end":{"line":14,"column":3}},"4":{"start":{"line":13,"column":4},"end":{"line":13,"column":61}},"5":{"start":{"line":16,"column":14},"end":{"line":16,"column":34}},"6":{"start":{"line":17,"column":18},"end":{"line":17,"column":49}},"7":{"start":{"line":19,"column":2},"end":{"line":21,"column":3}},"8":{"start":{"line":20,"column":4},"end":{"line":20,"column":66}},"9":{"start":{"line":24,"column":16},"end":{"line":29,"column":4}},"10":{"start":{"line":31,"column":2},"end":{"line":33,"column":3}},"11":{"start":{"line":32,"column":4},"end":{"line":32,"column":64}},"12":{"start":{"line":36,"column":17},"end":{"line":59,"column":4}},"13":{"start":{"line":39,"column":6},"end":{"line":41,"column":7}},"14":{"start":{"line":40,"column":8},"end":{"line":40,"column":50}},"15":{"start":{"line":42,"column":6},"end":{"line":42,"column":54}},"16":{"start":{"line":45,"column":6},"end":{"line":52,"column":8}},"17":{"start":{"line":55,"column":6},"end":{"line":57,"column":9}},"18":{"start":{"line":56,"column":8},"end":{"line":56,"column":59}},"19":{"start":{"line":61,"column":2},"end":{"line":67,"column":5}},"20":{"start":{"line":71,"column":21},"end":{"line":71,"column":33}},"21":{"start":{"line":72,"column":2},"end":{"line":74,"column":3}},"22":{"start":{"line":73,"column":4},"end":{"line":73,"column":61}},"23":{"start":{"line":76,"column":15},"end":{"line":76,"column":35}},"24":{"start":{"line":77,"column":53},"end":{"line":77,"column":57}},"25":{"start":{"line":79,"column":2},"end":{"line":81,"column":3}},"26":{"start":{"line":80,"column":4},"end":{"line":80,"column":66}},"27":{"start":{"line":84,"column":2},"end":{"line":121,"column":3}},"28":{"start":{"line":85,"column":4},"end":{"line":92,"column":7}},"29":{"start":{"line":95,"column":22},"end":{"line":95,"column":52}},"30":{"start":{"line":96,"column":4},"end":{"line":115,"column":5}},"31":{"start":{"line":97,"column":22},"end":{"line":105,"column":8}},"32":{"start":{"line":107,"column":6},"end":{"line":114,"column":9}},"33":{"start":{"line":108,"column":8},"end":{"line":113,"column":9}},"34":{"start":{"line":109,"column":10},"end":{"line":109,"column":53}},"35":{"start":{"line":112,"column":10},"end":{"line":112,"column":39}},"36":{"start":{"line":117,"column":4},"end":{"line":117,"column":48}},"37":{"start":{"line":119,"column":4},"end":{"line":119,"column":61}},"38":{"start":{"line":120,"column":4},"end":{"line":120,"column":70}}},"fnMap":{"0":{"name":"GET","decl":{"start":{"line":10,"column":22},"end":{"line":10,"column":25}},"loc":{"start":{"line":10,"column":42},"end":{"line":68,"column":1}}},"1":{"name":"(anonymous_1)","decl":{"start":{"line":37,"column":4},"end":{"line":37,"column":9}},"loc":{"start":{"line":37,"column":20},"end":{"line":58,"column":5}}},"2":{"name":"(anonymous_2)","decl":{"start":{"line":55,"column":47},"end":{"line":55,"column":50}},"loc":{"start":{"line":55,"column":52},"end":{"line":57,"column":7}}},"3":{"name":"POST","decl":{"start":{"line":70,"column":22},"end":{"line":70,"column":26}},"loc":{"start":{"line":70,"column":43},"end":{"line":122,"column":1}}},"4":{"name":"(anonymous_4)","decl":{"start":{"line":107,"column":24},"end":{"line":107,"column":25}},"loc":{"start":{"line":107,"column":39},"end":{"line":114,"column":7}}}},"branchMap":{"0":{"loc":{"start":{"line":12,"column":2},"end":{"line":14,"column":3}},"type":"if","locations":[{"start":{"line":12,"column":2},"end":{"line":14,"column":3}},{"start":{},"end":{}}]},"1":{"loc":{"start":{"line":19,"column":2},"end":{"line":21,"column":3}},"type":"if","locations":[{"start":{"line":19,"column":2},"end":{"line":21,"column":3}},{"start":{},"end":{}}]},"2":{"loc":{"start":{"line":31,"column":2},"end":{"line":33,"column":3}},"type":"if","locations":[{"start":{"line":31,"column":2},"end":{"line":33,"column":3}},{"start":{},"end":{}}]},"3":{"loc":{"start":{"line":39,"column":6},"end":{"line":41,"column":7}},"type":"if","locations":[{"start":{"line":39,"column":6},"end":{"line":41,"column":7}},{"start":{},"end":{}}]},"4":{"loc":{"start":{"line":56,"column":8},"end":{"line":56,"column":58}},"type":"cond-expr","locations":[{"start":{"line":56,"column":38},"end":{"line":56,"column":40}},{"start":{"line":56,"column":38},"end":{"line":56,"column":58}}]},"5":{"loc":{"start":{"line":56,"column":8},"end":{"line":56,"column":40}},"type":"binary-expr","locations":[{"start":{"line":56,"column":8},"end":{"line":56,"column":40}},{"start":{"line":56,"column":38},"end":{"line":56,"column":40}}]},"6":{"loc":{"start":{"line":72,"column":2},"end":{"line":74,"column":3}},"type":"if","locations":[{"start":{"line":72,"column":2},"end":{"line":74,"column":3}},{"start":{},"end":{}}]},"7":{"loc":{"start":{"line":79,"column":2},"end":{"line":81,"column":3}},"type":"if","locations":[{"start":{"line":79,"column":2},"end":{"line":81,"column":3}},{"start":{},"end":{}}]},"8":{"loc":{"start":{"line":88,"column":18},"end":{"line":88,"column":39}},"type":"cond-expr","locations":[{"start":{"line":88,"column":18},"end":{"line":88,"column":26}},{"start":{"line":88,"column":30},"end":{"line":88,"column":39}}]},"9":{"loc":{"start":{"line":88,"column":18},"end":{"line":88,"column":30}},"type":"binary-expr","locations":[{"start":{"line":88,"column":18},"end":{"line":88,"column":30}},{"start":{"line":88,"column":18},"end":{"line":88,"column":30}}]},"10":{"loc":{"start":{"line":89,"column":16},"end":{"line":89,"column":35}},"type":"cond-expr","locations":[{"start":{"line":89,"column":16},"end":{"line":89,"column":22}},{"start":{"line":89,"column":26},"end":{"line":89,"column":35}}]},"11":{"loc":{"start":{"line":89,"column":16},"end":{"line":89,"column":26}},"type":"binary-expr","locations":[{"start":{"line":89,"column":16},"end":{"line":89,"column":26}},{"start":{"line":89,"column":16},"end":{"line":89,"column":26}}]},"12":{"loc":{"start":{"line":96,"column":4},"end":{"line":115,"column":5}},"type":"if","locations":[{"start":{"line":96,"column":4},"end":{"line":115,"column":5}},{"start":{},"end":{}}]}},"s":{"0":0,"1":0,"2":0,"3":0,"4":0,"5":0,"6":0,"7":0,"8":0,"9":0,"10":0,"11":0,"12":0,"13":0,"14":0,"15":0,"16":0,"17":0,"18":0,"19":0,"20":0,"21":0,"22":0,"23":0,"24":0,"25":0,"26":0,"27":0,"28":0,"29":0,"30":0,"31":0,"32":0,"33":0,"34":0,"35":0,"36":0,"37":0,"38":0},"f":{"0":0,"1":0,"2":0,"3":0,"4":0},"b":{"0":[0,0],"1":[0,0],"2":[0,0],"3":[0,0],"4":[0,0],"5":[0,0],"6":[0,0],"7":[0,0],"8":[0,0],"9":[0,0],"10":[0,0],"11":[0,0],"12":[0,0]}}
,"/Users/coolvibecoding/Desktop/AI_Mixer_Pro/src/app/api/share/route.ts": {"path":"/Users/coolvibecoding/Desktop/AI_Mixer_Pro/src/app/api/share/route.ts","statementMap":{"0":{"start":{"line":6,"column":15},"end":{"line":6,"column":33}},"1":{"start":{"line":9,"column":2},"end":{"line":57,"column":3}},"2":{"start":{"line":10,"column":23},"end":{"line":10,"column":35}},"3":{"start":{"line":11,"column":4},"end":{"line":13,"column":5}},"4":{"start":{"line":12,"column":6},"end":{"line":12,"column":63}},"5":{"start":{"line":15,"column":17},"end":{"line":15,"column":37}},"6":{"start":{"line":16,"column":53},"end":{"line":16,"column":57}},"7":{"start":{"line":18,"column":4},"end":{"line":20,"column":5}},"8":{"start":{"line":19,"column":6},"end":{"line":19,"column":68}},"9":{"start":{"line":22,"column":18},"end":{"line":27,"column":6}},"10":{"start":{"line":29,"column":4},"end":{"line":31,"column":5}},"11":{"start":{"line":30,"column":6},"end":{"line":30,"column":66}},"12":{"start":{"line":33,"column":4},"end":{"line":35,"column":5}},"13":{"start":{"line":34,"column":6},"end":{"line":34,"column":89}},"14":{"start":{"line":37,"column":22},"end":{"line":37,"column":32}},"15":{"start":{"line":38,"column":4},"end":{"line":38,"column":67}},"16":{"start":{"line":40,"column":22},"end":{"line":47,"column":6}},"17":{"start":{"line":49,"column":4},"end":{"line":53,"column":7}},"18":{"start":{"line":55,"column":4},"end":{"line":55,"column":50}},"19":{"start":{"line":56,"column":4},"end":{"line":56,"column":70}},"20":{"start":{"line":61,"column":2},"end":{"line":90,"column":3}},"21":{"start":{"line":62,"column":23},"end":{"line":62,"column":35}},"22":{"start":{"line":63,"column":4},"end":{"line":65,"column":5}},"23":{"start":{"line":64,"column":6},"end":{"line":64,"column":63}},"24":{"start":{"line":67,"column":16},"end":{"line":67,"column":36}},"25":{"start":{"line":68,"column":20},"end":{"line":68,"column":51}},"26":{"start":{"line":70,"column":18},"end":{"line":70,"column":82}},"27":{"start":{"line":72,"column":23},"end":{"line":84,"column":6}},"28":{"start":{"line":86,"column":4},"end":{"line":86,"column":45}},"29":{"start":{"line":88,"column":4},"end":{"line":88,"column":46}},"30":{"start":{"line":89,"column":4},"end":{"line":89,"column":70}},"31":{"start":{"line":94,"column":2},"end":{"line":126,"column":3}},"32":{"start":{"line":95,"column":23},"end":{"line":95,"column":35}},"33":{"start":{"line":96,"column":4},"end":{"line":98,"column":5}},"34":{"start":{"line":97,"column":6},"end":{"line":97,"column":63}},"35":{"start":{"line":100,"column":16},"end":{"line":100,"column":36}},"36":{"start":{"line":101,"column":20},"end":{"line":101,"column":46}},"37":{"start":{"line":103,"column":4},"end":{"line":105,"column":5}},"38":{"start":{"line":104,"column":6},"end":{"line":104,"column":68}},"39":{"start":{"line":107,"column":22},"end":{"line":112,"column":6}},"40":{"start":{"line":114,"column":4},"end":{"line":116,"column":5}},"41":{"start":{"line":115,"column":6},"end":{"line":115,"column":71}},"42":{"start":{"line":118,"column":4},"end":{"line":120,"column":7}},"43":{"start":{"line":122,"column":4},"end":{"line":122,"column":48}},"44":{"start":{"line":124,"column":4},"end":{"line":124,"column":48}},"45":{"start":{"line":125,"column":4},"end":{"line":125,"column":70}}},"fnMap":{"0":{"name":"POST","decl":{"start":{"line":8,"column":22},"end":{"line":8,"column":26}},"loc":{"start":{"line":8,"column":43},"end":{"line":58,"column":1}}},"1":{"name":"GET","decl":{"start":{"line":60,"column":22},"end":{"line":60,"column":25}},"loc":{"start":{"line":60,"column":42},"end":{"line":91,"column":1}}},"2":{"name":"DELETE","decl":{"start":{"line":93,"column":22},"end":{"line":93,"column":28}},"loc":{"start":{"line":93,"column":45},"end":{"line":127,"column":1}}}},"branchMap":{"0":{"loc":{"start":{"line":11,"column":4},"end":{"line":13,"column":5}},"type":"if","locations":[{"start":{"line":11,"column":4},"end":{"line":13,"column":5}},{"start":{},"end":{}}]},"1":{"loc":{"start":{"line":18,"column":4},"end":{"line":20,"column":5}},"type":"if","locations":[{"start":{"line":18,"column":4},"end":{"line":20,"column":5}},{"start":{},"end":{}}]},"2":{"loc":{"start":{"line":29,"column":4},"end":{"line":31,"column":5}},"type":"if","locations":[{"start":{"line":29,"column":4},"end":{"line":31,"column":5}},{"start":{},"end":{}}]},"3":{"loc":{"start":{"line":33,"column":4},"end":{"line":35,"column":5}},"type":"if","locations":[{"start":{"line":33,"column":4},"end":{"line":35,"column":5}},{"start":{},"end":{}}]},"4":{"loc":{"start":{"line":38,"column":45},"end":{"line":38,"column":64}},"type":"binary-expr","locations":[{"start":{"line":38,"column":45},"end":{"line":38,"column":58}},{"start":{"line":38,"column":62},"end":{"line":38,"column":64}}]},"5":{"loc":{"start":{"line":45,"column":22},"end":{"line":45,"column":40}},"type":"binary-expr","locations":[{"start":{"line":45,"column":22},"end":{"line":45,"column":34}},{"start":{"line":45,"column":38},"end":{"line":45,"column":40}}]},"6":{"loc":{"start":{"line":63,"column":4},"end":{"line":65,"column":5}},"type":"if","locations":[{"start":{"line":63,"column":4},"end":{"line":65,"column":5}},{"start":{},"end":{}}]},"7":{"loc":{"start":{"line":70,"column":18},"end":{"line":70,"column":82}},"type":"cond-expr","locations":[{"start":{"line":70,"column":28},"end":{"line":70,"column":58}},{"start":{"line":70,"column":61},"end":{"line":70,"column":82}}]},"8":{"loc":{"start":{"line":96,"column":4},"end":{"line":98,"column":5}},"type":"if","locations":[{"start":{"line":96,"column":4},"end":{"line":98,"column":5}},{"start":{},"end":{}}]},"9":{"loc":{"start":{"line":103,"column":4},"end":{"line":105,"column":5}},"type":"if","locations":[{"start":{"line":103,"column":4},"end":{"line":105,"column":5}},{"start":{},"end":{}}]},"10":{"loc":{"start":{"line":114,"column":4},"end":{"line":116,"column":5}},"type":"if","locations":[{"start":{"line":114,"column":4},"end":{"line":116,"column":5}},{"start":{},"end":{}}]}},"s":{"0":0,"1":0,"2":0,"3":0,"4":0,"5":0,"6":0,"7":0,"8":0,"9":0,"10":0,"11":0,"12":0,"13":0,"14":0,"15":0,"16":0,"17":0,"18":0,"19":0,"20":0,"21":0,"22":0,"23":0,"24":0,"25":0,"26":0,"27":0,"28":0,"29":0,"30":0,"31":0,"32":0,"33":0,"34":0,"35":0,"36":0,"37":0,"38":0,"39":0,"40":0,"41":0,"42":0,"43":0,"44":0,"45":0},"f":{"0":0,"1":0,"2":0},"b":{"0":[0,0],"1":[0,0],"2":[0,0],"3":[0,0],"4":[0,0],"5":[0,0],"6":[0,0],"7":[0,0],"8":[0,0],"9":[0,0],"10":[0,0]}}
,"/Users/coolvibecoding/Desktop/AI_Mixer_Pro/src/app/api/stripe/checkout/route.ts": {"path":"/Users/coolvibecoding/Desktop/AI_Mixer_Pro/src/app/api/stripe/checkout/route.ts","statementMap":{"0":{"start":{"line":6,"column":2},"end":{"line":41,"column":3}},"1":{"start":{"line":7,"column":23},"end":{"line":7,"column":35}},"2":{"start":{"line":8,"column":4},"end":{"line":10,"column":5}},"3":{"start":{"line":9,"column":6},"end":{"line":9,"column":63}},"4":{"start":{"line":12,"column":17},"end":{"line":12,"column":37}},"5":{"start":{"line":13,"column":23},"end":{"line":13,"column":27}},"6":{"start":{"line":15,"column":17},"end":{"line":15,"column":52}},"7":{"start":{"line":16,"column":4},"end":{"line":18,"column":5}},"8":{"start":{"line":17,"column":6},"end":{"line":17,"column":63}},"9":{"start":{"line":20,"column":20},"end":{"line":35,"column":6}},"10":{"start":{"line":37,"column":4},"end":{"line":37,"column":74}},"11":{"start":{"line":39,"column":4},"end":{"line":39,"column":51}},"12":{"start":{"line":40,"column":4},"end":{"line":40,"column":70}}},"fnMap":{"0":{"name":"POST","decl":{"start":{"line":5,"column":22},"end":{"line":5,"column":26}},"loc":{"start":{"line":5,"column":43},"end":{"line":42,"column":1}}}},"branchMap":{"0":{"loc":{"start":{"line":8,"column":4},"end":{"line":10,"column":5}},"type":"if","locations":[{"start":{"line":8,"column":4},"end":{"line":10,"column":5}},{"start":{},"end":{}}]},"1":{"loc":{"start":{"line":16,"column":4},"end":{"line":18,"column":5}},"type":"if","locations":[{"start":{"line":16,"column":4},"end":{"line":18,"column":5}},{"start":{},"end":{}}]},"2":{"loc":{"start":{"line":16,"column":8},"end":{"line":16,"column":30}},"type":"binary-expr","locations":[{"start":{"line":16,"column":8},"end":{"line":16,"column":13}},{"start":{"line":16,"column":17},"end":{"line":16,"column":30}}]}},"s":{"0":0,"1":0,"2":0,"3":0,"4":0,"5":0,"6":0,"7":0,"8":0,"9":0,"10":0,"11":0,"12":0},"f":{"0":0},"b":{"0":[0,0],"1":[0,0],"2":[0,0]}}
,"/Users/coolvibecoding/Desktop/AI_Mixer_Pro/src/app/api/stripe/portal/route.ts": {"path":"/Users/coolvibecoding/Desktop/AI_Mixer_Pro/src/app/api/stripe/portal/route.ts","statementMap":{"0":{"start":{"line":6,"column":2},"end":{"line":27,"column":3}},"1":{"start":{"line":7,"column":23},"end":{"line":7,"column":35}},"2":{"start":{"line":8,"column":4},"end":{"line":10,"column":5}},"3":{"start":{"line":9,"column":6},"end":{"line":9,"column":63}},"4":{"start":{"line":12,"column":17},"end":{"line":12,"column":37}},"5":{"start":{"line":13,"column":26},"end":{"line":13,"column":30}},"6":{"start":{"line":18,"column":20},"end":{"line":21,"column":6}},"7":{"start":{"line":23,"column":4},"end":{"line":23,"column":51}},"8":{"start":{"line":25,"column":4},"end":{"line":25,"column":49}},"9":{"start":{"line":26,"column":4},"end":{"line":26,"column":70}}},"fnMap":{"0":{"name":"POST","decl":{"start":{"line":5,"column":22},"end":{"line":5,"column":26}},"loc":{"start":{"line":5,"column":43},"end":{"line":28,"column":1}}}},"branchMap":{"0":{"loc":{"start":{"line":8,"column":4},"end":{"line":10,"column":5}},"type":"if","locations":[{"start":{"line":8,"column":4},"end":{"line":10,"column":5}},{"start":{},"end":{}}]},"1":{"loc":{"start":{"line":19,"column":18},"end":{"line":19,"column":77}},"type":"binary-expr","locations":[{"start":{"line":19,"column":18},"end":{"line":19,"column":27}},{"start":{"line":19,"column":31},"end":{"line":19,"column":77}}]}},"s":{"0":0,"1":0,"2":0,"3":0,"4":0,"5":0,"6":0,"7":0,"8":0,"9":0},"f":{"0":0},"b":{"0":[0,0],"1":[0,0]}}
,"/Users/coolvibecoding/Desktop/AI_Mixer_Pro/src/app/api/stripe/webhook/route.ts": {"path":"/Users/coolvibecoding/Desktop/AI_Mixer_Pro/src/app/api/stripe/webhook/route.ts","statementMap":{"0":{"start":{"line":7,"column":15},"end":{"line":7,"column":33}},"1":{"start":{"line":9,"column":22},"end":{"line":9,"column":55}},"2":{"start":{"line":12,"column":2},"end":{"line":14,"column":3}},"3":{"start":{"line":13,"column":4},"end":{"line":13,"column":78}},"4":{"start":{"line":16,"column":15},"end":{"line":16,"column":35}},"5":{"start":{"line":17,"column":22},"end":{"line":17,"column":37}},"6":{"start":{"line":18,"column":20},"end":{"line":18,"column":55}},"7":{"start":{"line":20,"column":2},"end":{"line":22,"column":3}},"8":{"start":{"line":21,"column":4},"end":{"line":21,"column":61}},"9":{"start":{"line":26,"column":2},"end":{"line":31,"column":3}},"10":{"start":{"line":27,"column":4},"end":{"line":27,"column":75}},"11":{"start":{"line":29,"column":4},"end":{"line":29,"column":65}},"12":{"start":{"line":30,"column":4},"end":{"line":30,"column":66}},"13":{"start":{"line":33,"column":2},"end":{"line":118,"column":3}},"14":{"start":{"line":34,"column":4},"end":{"line":112,"column":5}},"15":{"start":{"line":36,"column":24},"end":{"line":36,"column":68}},"16":{"start":{"line":37,"column":23},"end":{"line":37,"column":47}},"17":{"start":{"line":38,"column":21},"end":{"line":38,"column":43}},"18":{"start":{"line":40,"column":8},"end":{"line":58,"column":9}},"19":{"start":{"line":41,"column":10},"end":{"line":57,"column":13}},"20":{"start":{"line":59,"column":8},"end":{"line":59,"column":14}},"21":{"start":{"line":63,"column":29},"end":{"line":63,"column":69}},"22":{"start":{"line":65,"column":8},"end":{"line":73,"column":11}},"23":{"start":{"line":74,"column":8},"end":{"line":74,"column":14}},"24":{"start":{"line":78,"column":29},"end":{"line":78,"column":69}},"25":{"start":{"line":80,"column":8},"end":{"line":87,"column":11}},"26":{"start":{"line":88,"column":8},"end":{"line":88,"column":14}},"27":{"start":{"line":92,"column":24},"end":{"line":92,"column":59}},"28":{"start":{"line":93,"column":31},"end":{"line":95,"column":14}},"29":{"start":{"line":97,"column":8},"end":{"line":106,"column":9}},"30":{"start":{"line":98,"column":10},"end":{"line":105,"column":13}},"31":{"start":{"line":107,"column":8},"end":{"line":107,"column":14}},"32":{"start":{"line":111,"column":8},"end":{"line":111,"column":59}},"33":{"start":{"line":114,"column":4},"end":{"line":114,"column":49}},"34":{"start":{"line":116,"column":4},"end":{"line":116,"column":51}},"35":{"start":{"line":117,"column":4},"end":{"line":117,"column":71}}},"fnMap":{"0":{"name":"POST","decl":{"start":{"line":11,"column":22},"end":{"line":11,"column":26}},"loc":{"start":{"line":11,"column":43},"end":{"line":119,"column":1}}}},"branchMap":{"0":{"loc":{"start":{"line":12,"column":2},"end":{"line":14,"column":3}},"type":"if","locations":[{"start":{"line":12,"column":2},"end":{"line":14,"column":3}},{"start":{},"end":{}}]},"1":{"loc":{"start":{"line":20,"column":2},"end":{"line":22,"column":3}},"type":"if","locations":[{"start":{"line":20,"column":2},"end":{"line":22,"column":3}},{"start":{},"end":{}}]},"2":{"loc":{"start":{"line":34,"column":4},"end":{"line":112,"column":5}},"type":"switch","locations":[{"start":{"line":35,"column":6},"end":{"line":60,"column":7}},{"start":{"line":62,"column":6},"end":{"line":75,"column":7}},{"start":{"line":77,"column":6},"end":{"line":89,"column":7}},{"start":{"line":91,"column":6},"end":{"line":108,"column":7}},{"start":{"line":110,"column":6},"end":{"line":111,"column":59}}]},"3":{"loc":{"start":{"line":37,"column":23},"end":{"line":37,"column":47}},"type":"cond-expr","locations":[{"start":{"line":37,"column":39},"end":{"line":37,"column":41}},{"start":{"line":37,"column":39},"end":{"line":37,"column":47}}]},"4":{"loc":{"start":{"line":37,"column":23},"end":{"line":37,"column":41}},"type":"binary-expr","locations":[{"start":{"line":37,"column":23},"end":{"line":37,"column":41}},{"start":{"line":37,"column":39},"end":{"line":37,"column":41}}]},"5":{"loc":{"start":{"line":38,"column":21},"end":{"line":38,"column":43}},"type":"cond-expr","locations":[{"start":{"line":38,"column":37},"end":{"line":38,"column":39}},{"start":{"line":38,"column":37},"end":{"line":38,"column":43}}]},"6":{"loc":{"start":{"line":38,"column":21},"end":{"line":38,"column":39}},"type":"binary-expr","locations":[{"start":{"line":38,"column":21},"end":{"line":38,"column":39}},{"start":{"line":38,"column":37},"end":{"line":38,"column":39}}]},"7":{"loc":{"start":{"line":40,"column":8},"end":{"line":58,"column":9}},"type":"if","locations":[{"start":{"line":40,"column":8},"end":{"line":58,"column":9}},{"start":{},"end":{}}]},"8":{"loc":{"start":{"line":40,"column":12},"end":{"line":40,"column":26}},"type":"binary-expr","locations":[{"start":{"line":40,"column":12},"end":{"line":40,"column":18}},{"start":{"line":40,"column":22},"end":{"line":40,"column":26}}]},"9":{"loc":{"start":{"line":48,"column":29},"end":{"line":48,"column":73}},"type":"binary-expr","locations":[{"start":{"line":48,"column":29},"end":{"line":48,"column":67}},{"start":{"line":48,"column":71},"end":{"line":48,"column":73}}]},"10":{"loc":{"start":{"line":48,"column":29},"end":{"line":48,"column":67}},"type":"cond-expr","locations":[{"start":{"line":48,"column":63},"end":{"line":48,"column":65}},{"start":{"line":48,"column":63},"end":{"line":48,"column":67}}]},"11":{"loc":{"start":{"line":48,"column":29},"end":{"line":48,"column":65}},"type":"binary-expr","locations":[{"start":{"line":48,"column":29},"end":{"line":48,"column":65}},{"start":{"line":48,"column":63},"end":{"line":48,"column":65}}]},"12":{"loc":{"start":{"line":48,"column":29},"end":{"line":48,"column":63}},"type":"cond-expr","locations":[{"start":{"line":48,"column":56},"end":{"line":48,"column":58}},{"start":{"line":48,"column":56},"end":{"line":48,"column":63}}]},"13":{"loc":{"start":{"line":48,"column":29},"end":{"line":48,"column":58}},"type":"binary-expr","locations":[{"start":{"line":48,"column":29},"end":{"line":48,"column":58}},{"start":{"line":48,"column":56},"end":{"line":48,"column":58}}]},"14":{"loc":{"start":{"line":48,"column":29},"end":{"line":48,"column":56}},"type":"cond-expr","locations":[{"start":{"line":48,"column":47},"end":{"line":48,"column":49}},{"start":{"line":48,"column":47},"end":{"line":48,"column":56}}]},"15":{"loc":{"start":{"line":48,"column":29},"end":{"line":48,"column":49}},"type":"binary-expr","locations":[{"start":{"line":48,"column":29},"end":{"line":48,"column":49}},{"start":{"line":48,"column":47},"end":{"line":48,"column":49}}]},"16":{"loc":{"start":{"line":93,"column":31},"end":{"line":95,"column":14}},"type":"cond-expr","locations":[{"start":{"line":94,"column":13},"end":{"line":94,"column":73}},{"start":{"line":95,"column":12},"end":{"line":95,"column":14}}]},"17":{"loc":{"start":{"line":93,"column":31},"end":{"line":93,"column":51}},"type":"cond-expr","locations":[{"start":{"line":93,"column":45},"end":{"line":93,"column":47}},{"start":{"line":93,"column":45},"end":{"line":93,"column":51}}]},"18":{"loc":{"start":{"line":93,"column":31},"end":{"line":93,"column":47}},"type":"binary-expr","locations":[{"start":{"line":93,"column":31},"end":{"line":93,"column":47}},{"start":{"line":93,"column":45},"end":{"line":93,"column":47}}]},"19":{"loc":{"start":{"line":94,"column":13},"end":{"line":94,"column":73}},"type":"cond-expr","locations":[{"start":{"line":94,"column":48},"end":{"line":94,"column":50}},{"start":{"line":94,"column":48},"end":{"line":94,"column":73}}]},"20":{"loc":{"start":{"line":94,"column":13},"end":{"line":94,"column":50}},"type":"binary-expr","locations":[{"start":{"line":94,"column":13},"end":{"line":94,"column":50}},{"start":{"line":94,"column":48},"end":{"line":94,"column":50}}]},"21":{"loc":{"start":{"line":97,"column":8},"end":{"line":106,"column":9}},"type":"if","locations":[{"start":{"line":97,"column":8},"end":{"line":106,"column":9}},{"start":{},"end":{}}]}},"s":{"0":0,"1":0,"2":0,"3":0,"4":0,"5":0,"6":0,"7":0,"8":0,"9":0,"10":0,"11":0,"12":0,"13":0,"14":0,"15":0,"16":0,"17":0,"18":0,"19":0,"20":0,"21":0,"22":0,"23":0,"24":0,"25":0,"26":0,"27":0,"28":0,"29":0,"30":0,"31":0,"32":0,"33":0,"34":0,"35":0},"f":{"0":0},"b":{"0":[0,0],"1":[0,0],"2":[0,0,0,0,0],"3":[0,0],"4":[0,0],"5":[0,0],"6":[0,0],"7":[0,0],"8":[0,0],"9":[0,0],"10":[0,0],"11":[0,0],"12":[0,0],"13":[0,0],"14":[0,0],"15":[0,0],"16":[0,0],"17":[0,0],"18":[0,0],"19":[0,0],"20":[0,0],"21":[0,0]}}
,"/Users/coolvibecoding/Desktop/AI_Mixer_Pro/src/app/api/subscription/route.ts": {"path":"/Users/coolvibecoding/Desktop/AI_Mixer_Pro/src/app/api/subscription/route.ts","statementMap":{"0":{"start":{"line":5,"column":15},"end":{"line":5,"column":33}},"1":{"start":{"line":8,"column":2},"end":{"line":33,"column":3}},"2":{"start":{"line":9,"column":23},"end":{"line":9,"column":35}},"3":{"start":{"line":10,"column":4},"end":{"line":12,"column":5}},"4":{"start":{"line":11,"column":6},"end":{"line":11,"column":63}},"5":{"start":{"line":14,"column":25},"end":{"line":17,"column":6}},"6":{"start":{"line":19,"column":4},"end":{"line":21,"column":5}},"7":{"start":{"line":20,"column":6},"end":{"line":20,"column":55}},"8":{"start":{"line":23,"column":4},"end":{"line":29,"column":7}},"9":{"start":{"line":31,"column":4},"end":{"line":31,"column":54}},"10":{"start":{"line":32,"column":4},"end":{"line":32,"column":70}}},"fnMap":{"0":{"name":"GET","decl":{"start":{"line":7,"column":22},"end":{"line":7,"column":25}},"loc":{"start":{"line":7,"column":25},"end":{"line":34,"column":1}}}},"branchMap":{"0":{"loc":{"start":{"line":10,"column":4},"end":{"line":12,"column":5}},"type":"if","locations":[{"start":{"line":10,"column":4},"end":{"line":12,"column":5}},{"start":{},"end":{}}]},"1":{"loc":{"start":{"line":19,"column":4},"end":{"line":21,"column":5}},"type":"if","locations":[{"start":{"line":19,"column":4},"end":{"line":21,"column":5}},{"start":{},"end":{}}]}},"s":{"0":0,"1":0,"2":0,"3":0,"4":0,"5":0,"6":0,"7":0,"8":0,"9":0,"10":0},"f":{"0":0},"b":{"0":[0,0],"1":[0,0]}}
,"/Users/coolvibecoding/Desktop/AI_Mixer_Pro/src/app/api/tracks/route.ts": {"path":"/Users/coolvibecoding/Desktop/AI_Mixer_Pro/src/app/api/tracks/route.ts","statementMap":{"0":{"start":{"line":5,"column":15},"end":{"line":5,"column":33}},"1":{"start":{"line":8,"column":2},"end":{"line":31,"column":3}},"2":{"start":{"line":9,"column":23},"end":{"line":9,"column":35}},"3":{"start":{"line":10,"column":4},"end":{"line":12,"column":5}},"4":{"start":{"line":11,"column":6},"end":{"line":11,"column":63}},"5":{"start":{"line":14,"column":16},"end":{"line":14,"column":36}},"6":{"start":{"line":15,"column":24},"end":{"line":15,"column":70}},"7":{"start":{"line":17,"column":19},"end":{"line":25,"column":6}},"8":{"start":{"line":27,"column":4},"end":{"line":27,"column":41}},"9":{"start":{"line":29,"column":4},"end":{"line":29,"column":48}},"10":{"start":{"line":30,"column":4},"end":{"line":30,"column":70}}},"fnMap":{"0":{"name":"GET","decl":{"start":{"line":7,"column":22},"end":{"line":7,"column":25}},"loc":{"start":{"line":7,"column":42},"end":{"line":32,"column":1}}}},"branchMap":{"0":{"loc":{"start":{"line":10,"column":4},"end":{"line":12,"column":5}},"type":"if","locations":[{"start":{"line":10,"column":4},"end":{"line":12,"column":5}},{"start":{},"end":{}}]},"1":{"loc":{"start":{"line":20,"column":15},"end":{"line":24,"column":19}},"type":"cond-expr","locations":[{"start":{"line":20,"column":29},"end":{"line":24,"column":8}},{"start":{"line":24,"column":10},"end":{"line":24,"column":19}}]}},"s":{"0":0,"1":0,"2":0,"3":0,"4":0,"5":0,"6":0,"7":0,"8":0,"9":0,"10":0},"f":{"0":0},"b":{"0":[0,0],"1":[0,0]}}
,"/Users/coolvibecoding/Desktop/AI_Mixer_Pro/src/app/api/upload/route.ts": {"path":"/Users/coolvibecoding/Desktop/AI_Mixer_Pro/src/app/api/upload/route.ts","statementMap":{"0":{"start":{"line":7,"column":0},"end":{"line":7,"column":7}},"1":{"start":{"line":1,"column":0},"end":{"line":1,"column":43}},"2":{"start":{"line":2,"column":0},"end":{"line":2,"column":44}},"3":{"start":{"line":3,"column":0},"end":{"line":3,"column":47}},"4":{"start":{"line":4,"column":0},"end":{"line":4,"column":38}},"5":{"start":{"line":5,"column":0},"end":{"line":5,"column":57}},"6":{"start":{"line":8,"column":2},"end":{"line":63,"column":3}},"7":{"start":{"line":9,"column":23},"end":{"line":9,"column":35}},"8":{"start":{"line":10,"column":4},"end":{"line":12,"column":5}},"9":{"start":{"line":11,"column":6},"end":{"line":11,"column":63}},"10":{"start":{"line":14,"column":21},"end":{"line":14,"column":45}},"11":{"start":{"line":15,"column":17},"end":{"line":15,"column":45}},"12":{"start":{"line":17,"column":4},"end":{"line":19,"column":5}},"13":{"start":{"line":18,"column":6},"end":{"line":18,"column":67}},"14":{"start":{"line":22,"column":24},"end":{"line":22,"column":48}},"15":{"start":{"line":23,"column":19},"end":{"line":23,"column":43}},"16":{"start":{"line":26,"column":29},"end":{"line":26,"column":71}},"17":{"start":{"line":28,"column":4},"end":{"line":30,"column":5}},"18":{"start":{"line":29,"column":6},"end":{"line":29,"column":89}},"19":{"start":{"line":33,"column":26},"end":{"line":33,"column":71}},"20":{"start":{"line":36,"column":18},"end":{"line":47,"column":6}},"21":{"start":{"line":49,"column":4},"end":{"line":59,"column":7}},"22":{"start":{"line":61,"column":4},"end":{"line":61,"column":42}},"23":{"start":{"line":62,"column":4},"end":{"line":62,"column":70}}},"fnMap":{"0":{"name":"POST","decl":{"start":{"line":7,"column":22},"end":{"line":7,"column":26}},"loc":{"start":{"line":7,"column":43},"end":{"line":64,"column":1}}}},"branchMap":{"0":{"loc":{"start":{"line":10,"column":4},"end":{"line":12,"column":5}},"type":"if","locations":[{"start":{"line":10,"column":4},"end":{"line":12,"column":5}},{"start":{},"end":{}}]},"1":{"loc":{"start":{"line":17,"column":4},"end":{"line":19,"column":5}},"type":"if","locations":[{"start":{"line":17,"column":4},"end":{"line":19,"column":5}},{"start":{},"end":{}}]},"2":{"loc":{"start":{"line":28,"column":4},"end":{"line":30,"column":5}},"type":"if","locations":[{"start":{"line":28,"column":4},"end":{"line":30,"column":5}},{"start":{},"end":{}}]},"3":{"loc":{"start":{"line":29,"column":30},"end":{"line":29,"column":70}},"type":"binary-expr","locations":[{"start":{"line":29,"column":30},"end":{"line":29,"column":52}},{"start":{"line":29,"column":56},"end":{"line":29,"column":70}}]}},"s":{"0":1,"1":1,"2":1,"3":1,"4":1,"5":1,"6":13,"7":13,"8":12,"9":1,"10":11,"11":11,"12":11,"13":1,"14":10,"15":10,"16":10,"17":10,"18":3,"19":7,"20":6,"21":5,"22":3,"23":3},"f":{"0":13},"b":{"0":[1,11],"1":[1,10],"2":[3,7],"3":[3,0]}}
,"/Users/coolvibecoding/Desktop/AI_Mixer_Pro/src/app/dashboard/page.tsx": {"path":"/Users/coolvibecoding/Desktop/AI_Mixer_Pro/src/app/dashboard/page.tsx","statementMap":{"0":{"start":{"line":20,"column":29},"end":{"line":20,"column":38}},"1":{"start":{"line":21,"column":30},"end":{"line":21,"column":51}},"2":{"start":{"line":22,"column":32},"end":{"line":22,"column":46}},"3":{"start":{"line":23,"column":46},"end":{"line":23,"column":68}},"4":{"start":{"line":24,"column":48},"end":{"line":24,"column":63}},"5":{"start":{"line":27,"column":2},"end":{"line":43,"column":17}},"6":{"start":{"line":28,"column":24},"end":{"line":40,"column":5}},"7":{"start":{"line":29,"column":6},"end":{"line":29,"column":28}},"8":{"start":{"line":29,"column":21},"end":{"line":29,"column":28}},"9":{"start":{"line":31,"column":6},"end":{"line":39,"column":7}},"10":{"start":{"line":32,"column":25},"end":{"line":32,"column":51}},"11":{"start":{"line":33,"column":21},"end":{"line":33,"column":42}},"12":{"start":{"line":34,"column":8},"end":{"line":34,"column":37}},"13":{"start":{"line":36,"column":8},"end":{"line":36,"column":55}},"14":{"start":{"line":38,"column":8},"end":{"line":38,"column":26}},"15":{"start":{"line":42,"column":4},"end":{"line":42,"column":18}},"16":{"start":{"line":46,"column":16},"end":{"line":51,"column":4}},"17":{"start":{"line":48,"column":34},"end":{"line":48,"column":58}},"18":{"start":{"line":49,"column":35},"end":{"line":49,"column":93}},"19":{"start":{"line":50,"column":31},"end":{"line":50,"column":73}},"20":{"start":{"line":53,"column":25},"end":{"line":53,"column":43}},"21":{"start":{"line":55,"column":2},"end":{"line":57,"column":3}},"22":{"start":{"line":56,"column":4},"end":{"line":56,"column":33}},"23":{"start":{"line":59,"column":2},"end":{"line":61,"column":3}},"24":{"start":{"line":60,"column":4},"end":{"line":60,"column":33}},"25":{"start":{"line":63,"column":31},"end":{"line":81,"column":3}},"26":{"start":{"line":64,"column":4},"end":{"line":80,"column":5}},"27":{"start":{"line":65,"column":23},"end":{"line":65,"column":37}},"28":{"start":{"line":66,"column":6},"end":{"line":66,"column":36}},"29":{"start":{"line":67,"column":6},"end":{"line":67,"column":56}},"30":{"start":{"line":69,"column":6},"end":{"line":72,"column":9}},"31":{"start":{"line":75,"column":23},"end":{"line":75,"column":49}},"32":{"start":{"line":76,"column":19},"end":{"line":76,"column":40}},"33":{"start":{"line":77,"column":6},"end":{"line":77,"column":35}},"34":{"start":{"line":79,"column":6},"end":{"line":79,"column":59}},"35":{"start":{"line":83,"column":31},"end":{"line":89,"column":3}},"36":{"start":{"line":84,"column":4},"end":{"line":88,"column":6}},"37":{"start":{"line":85,"column":6},"end":{"line":87,"column":28}},"38":{"start":{"line":86,"column":28},"end":{"line":86,"column":42}},"39":{"start":{"line":91,"column":26},"end":{"line":97,"column":3}},"40":{"start":{"line":92,"column":4},"end":{"line":96,"column":5}},"41":{"start":{"line":93,"column":6},"end":{"line":93,"column":28}},"42":{"start":{"line":95,"column":6},"end":{"line":95,"column":47}},"43":{"start":{"line":95,"column":40},"end":{"line":95,"column":44}},"44":{"start":{"line":99,"column":29},"end":{"line":126,"column":3}},"45":{"start":{"line":100,"column":4},"end":{"line":100,"column":29}},"46":{"start":{"line":101,"column":4},"end":{"line":125,"column":5}},"47":{"start":{"line":102,"column":23},"end":{"line":108,"column":8}},"48":{"start":{"line":110,"column":6},"end":{"line":112,"column":7}},"49":{"start":{"line":111,"column":8},"end":{"line":111,"column":51}},"50":{"start":{"line":114,"column":21},"end":{"line":114,"column":42}},"51":{"start":{"line":115,"column":6},"end":{"line":115,"column":54}},"52":{"start":{"line":118,"column":29},"end":{"line":118,"column":55}},"53":{"start":{"line":119,"column":25},"end":{"line":119,"column":52}},"54":{"start":{"line":120,"column":6},"end":{"line":120,"column":41}},"55":{"start":{"line":122,"column":6},"end":{"line":122,"column":54}},"56":{"start":{"line":124,"column":6},"end":{"line":124,"column":32}},"57":{"start":{"line":128,"column":2},"end":{"line":345,"column":4}},"58":{"start":{"line":189,"column":16},"end":{"line":189,"column":36}},"59":{"start":{"line":213,"column":37},"end":{"line":213,"column":77}},"60":{"start":{"line":221,"column":39},"end":{"line":221,"column":70}},"61":{"start":{"line":264,"column":33},"end":{"line":264,"column":67}},"62":{"start":{"line":291,"column":16},"end":{"line":291,"column":36}},"63":{"start":{"line":295,"column":37},"end":{"line":295,"column":67}},"64":{"start":{"line":332,"column":24},"end":{"line":332,"column":65}}},"fnMap":{"0":{"name":"Dashboard","decl":{"start":{"line":19,"column":24},"end":{"line":19,"column":33}},"loc":{"start":{"line":19,"column":33},"end":{"line":346,"column":1}}},"1":{"name":"(anonymous_1)","decl":{"start":{"line":27,"column":12},"end":{"line":27,"column":15}},"loc":{"start":{"line":27,"column":17},"end":{"line":43,"column":3}}},"2":{"name":"(anonymous_2)","decl":{"start":{"line":28,"column":24},"end":{"line":28,"column":29}},"loc":{"start":{"line":28,"column":35},"end":{"line":40,"column":5}}},"3":{"name":"(anonymous_3)","decl":{"start":{"line":48,"column":29},"end":{"line":48,"column":30}},"loc":{"start":{"line":48,"column":34},"end":{"line":48,"column":58}}},"4":{"name":"(anonymous_4)","decl":{"start":{"line":49,"column":30},"end":{"line":49,"column":31}},"loc":{"start":{"line":49,"column":35},"end":{"line":49,"column":93}}},"5":{"name":"(anonymous_5)","decl":{"start":{"line":50,"column":26},"end":{"line":50,"column":27}},"loc":{"start":{"line":50,"column":31},"end":{"line":50,"column":73}}},"6":{"name":"(anonymous_6)","decl":{"start":{"line":63,"column":31},"end":{"line":63,"column":36}},"loc":{"start":{"line":63,"column":76},"end":{"line":81,"column":3}}},"7":{"name":"(anonymous_7)","decl":{"start":{"line":83,"column":31},"end":{"line":83,"column":32}},"loc":{"start":{"line":83,"column":51},"end":{"line":89,"column":3}}},"8":{"name":"(anonymous_8)","decl":{"start":{"line":84,"column":22},"end":{"line":84,"column":26}},"loc":{"start":{"line":85,"column":6},"end":{"line":87,"column":28}}},"9":{"name":"(anonymous_9)","decl":{"start":{"line":86,"column":22},"end":{"line":86,"column":24}},"loc":{"start":{"line":86,"column":28},"end":{"line":86,"column":42}}},"10":{"name":"(anonymous_10)","decl":{"start":{"line":91,"column":26},"end":{"line":91,"column":29}},"loc":{"start":{"line":91,"column":31},"end":{"line":97,"column":3}}},"11":{"name":"(anonymous_11)","decl":{"start":{"line":95,"column":35},"end":{"line":95,"column":36}},"loc":{"start":{"line":95,"column":40},"end":{"line":95,"column":44}}},"12":{"name":"(anonymous_12)","decl":{"start":{"line":99,"column":29},"end":{"line":99,"column":34}},"loc":{"start":{"line":99,"column":58},"end":{"line":126,"column":3}}},"13":{"name":"(anonymous_13)","decl":{"start":{"line":188,"column":34},"end":{"line":188,"column":35}},"loc":{"start":{"line":189,"column":16},"end":{"line":189,"column":36}}},"14":{"name":"(anonymous_14)","decl":{"start":{"line":213,"column":31},"end":{"line":213,"column":34}},"loc":{"start":{"line":213,"column":37},"end":{"line":213,"column":77}}},"15":{"name":"(anonymous_15)","decl":{"start":{"line":221,"column":33},"end":{"line":221,"column":36}},"loc":{"start":{"line":221,"column":39},"end":{"line":221,"column":70}}},"16":{"name":"(anonymous_16)","decl":{"start":{"line":264,"column":27},"end":{"line":264,"column":30}},"loc":{"start":{"line":264,"column":33},"end":{"line":264,"column":67}}},"17":{"name":"(anonymous_17)","decl":{"start":{"line":290,"column":26},"end":{"line":290,"column":31}},"loc":{"start":{"line":291,"column":16},"end":{"line":291,"column":36}}},"18":{"name":"(anonymous_18)","decl":{"start":{"line":295,"column":31},"end":{"line":295,"column":34}},"loc":{"start":{"line":295,"column":37},"end":{"line":295,"column":67}}},"19":{"name":"(anonymous_19)","decl":{"start":{"line":331,"column":31},"end":{"line":331,"column":34}},"loc":{"start":{"line":331,"column":36},"end":{"line":333,"column":23}}}},"branchMap":{"0":{"loc":{"start":{"line":29,"column":6},"end":{"line":29,"column":28}},"type":"if","locations":[{"start":{"line":29,"column":6},"end":{"line":29,"column":28}},{"start":{},"end":{}}]},"1":{"loc":{"start":{"line":29,"column":11},"end":{"line":29,"column":19}},"type":"cond-expr","locations":[{"start":{"line":29,"column":15},"end":{"line":29,"column":17}},{"start":{"line":29,"column":11},"end":{"line":29,"column":19}}]},"2":{"loc":{"start":{"line":29,"column":11},"end":{"line":29,"column":17}},"type":"binary-expr","locations":[{"start":{"line":29,"column":11},"end":{"line":29,"column":17}},{"start":{"line":29,"column":11},"end":{"line":29,"column":17}}]},"3":{"loc":{"start":{"line":34,"column":18},"end":{"line":34,"column":35}},"type":"binary-expr","locations":[{"start":{"line":34,"column":18},"end":{"line":34,"column":29}},{"start":{"line":34,"column":33},"end":{"line":34,"column":35}}]},"4":{"loc":{"start":{"line":43,"column":6},"end":{"line":43,"column":14}},"type":"cond-expr","locations":[{"start":{"line":43,"column":10},"end":{"line":43,"column":12}},{"start":{"line":43,"column":6},"end":{"line":43,"column":14}}]},"5":{"loc":{"start":{"line":43,"column":6},"end":{"line":43,"column":12}},"type":"binary-expr","locations":[{"start":{"line":43,"column":6},"end":{"line":43,"column":12}},{"start":{"line":43,"column":6},"end":{"line":43,"column":12}}]},"6":{"loc":{"start":{"line":55,"column":2},"end":{"line":57,"column":3}},"type":"if","locations":[{"start":{"line":55,"column":2},"end":{"line":57,"column":3}},{"start":{},"end":{}}]},"7":{"loc":{"start":{"line":59,"column":2},"end":{"line":61,"column":3}},"type":"if","locations":[{"start":{"line":59,"column":2},"end":{"line":61,"column":3}},{"start":{},"end":{}}]},"8":{"loc":{"start":{"line":77,"column":16},"end":{"line":77,"column":33}},"type":"binary-expr","locations":[{"start":{"line":77,"column":16},"end":{"line":77,"column":27}},{"start":{"line":77,"column":31},"end":{"line":77,"column":33}}]},"9":{"loc":{"start":{"line":85,"column":6},"end":{"line":87,"column":28}},"type":"cond-expr","locations":[{"start":{"line":86,"column":10},"end":{"line":86,"column":43}},{"start":{"line":87,"column":10},"end":{"line":87,"column":28}}]},"10":{"loc":{"start":{"line":92,"column":4},"end":{"line":96,"column":5}},"type":"if","locations":[{"start":{"line":92,"column":4},"end":{"line":96,"column":5}},{"start":{"line":94,"column":11},"end":{"line":96,"column":5}}]},"11":{"loc":{"start":{"line":110,"column":6},"end":{"line":112,"column":7}},"type":"if","locations":[{"start":{"line":110,"column":6},"end":{"line":112,"column":7}},{"start":{},"end":{}}]},"12":{"loc":{"start":{"line":120,"column":16},"end":{"line":120,"column":39}},"type":"binary-expr","locations":[{"start":{"line":120,"column":16},"end":{"line":120,"column":33}},{"start":{"line":120,"column":37},"end":{"line":120,"column":39}}]},"13":{"loc":{"start":{"line":136,"column":43},"end":{"line":136,"column":67}},"type":"binary-expr","locations":[{"start":{"line":136,"column":43},"end":{"line":136,"column":57}},{"start":{"line":136,"column":61},"end":{"line":136,"column":67}}]},"14":{"loc":{"start":{"line":182,"column":11},"end":{"line":229,"column":null}},"type":"cond-expr","locations":[{"start":{"line":183,"column":12},"end":{"line":184,"column":null}},{"start":{"line":187,"column":12},"end":{"line":228,"column":null}}]},"15":{"loc":{"start":{"line":193,"column":22},"end":{"line":199,"column":null}},"type":"cond-expr","locations":[{"start":{"line":194,"column":26},"end":{"line":194,"column":86}},{"start":{"line":195,"column":26},"end":{"line":199,"column":null}}]},"16":{"loc":{"start":{"line":195,"column":26},"end":{"line":199,"column":null}},"type":"cond-expr","locations":[{"start":{"line":196,"column":28},"end":{"line":196,"column":88}},{"start":{"line":197,"column":28},"end":{"line":199,"column":null}}]},"17":{"loc":{"start":{"line":195,"column":26},"end":{"line":195,"column":88}},"type":"binary-expr","locations":[{"start":{"line":195,"column":26},"end":{"line":195,"column":55}},{"start":{"line":195,"column":59},"end":{"line":195,"column":88}}]},"18":{"loc":{"start":{"line":197,"column":28},"end":{"line":199,"column":null}},"type":"cond-expr","locations":[{"start":{"line":198,"column":30},"end":{"line":198,"column":94}},{"start":{"line":199,"column":30},"end":{"line":199,"column":null}}]},"19":{"loc":{"start":{"line":197,"column":28},"end":{"line":197,"column":85}},"type":"binary-expr","locations":[{"start":{"line":197,"column":28},"end":{"line":197,"column":53}},{"start":{"line":197,"column":57},"end":{"line":197,"column":85}}]},"20":{"loc":{"start":{"line":205,"column":21},"end":{"line":207,"column":42}},"type":"cond-expr","locations":[{"start":{"line":205,"column":52},"end":{"line":205,"column":72}},{"start":{"line":206,"column":22},"end":{"line":207,"column":42}}]},"21":{"loc":{"start":{"line":206,"column":22},"end":{"line":207,"column":42}},"type":"cond-expr","locations":[{"start":{"line":206,"column":43},"end":{"line":206,"column":75}},{"start":{"line":207,"column":22},"end":{"line":207,"column":42}}]},"22":{"loc":{"start":{"line":217,"column":21},"end":{"line":224,"column":null}},"type":"binary-expr","locations":[{"start":{"line":217,"column":21},"end":{"line":217,"column":49}},{"start":{"line":218,"column":22},"end":{"line":221,"column":null}}]},"23":{"loc":{"start":{"line":252,"column":13},"end":{"line":275,"column":null}},"type":"binary-expr","locations":[{"start":{"line":252,"column":13},"end":{"line":252,"column":30}},{"start":{"line":253,"column":14},"end":{"line":274,"column":null}}]},"24":{"loc":{"start":{"line":259,"column":19},"end":{"line":259,"column":118}},"type":"cond-expr","locations":[{"start":{"line":259,"column":61},"end":{"line":259,"column":86}},{"start":{"line":259,"column":89},"end":{"line":259,"column":118}}]},"25":{"loc":{"start":{"line":260,"column":19},"end":{"line":260,"column":90}},"type":"cond-expr","locations":[{"start":{"line":260,"column":61},"end":{"line":260,"column":75}},{"start":{"line":260,"column":78},"end":{"line":260,"column":90}}]},"26":{"loc":{"start":{"line":265,"column":28},"end":{"line":265,"column":74}},"type":"binary-expr","locations":[{"start":{"line":265,"column":28},"end":{"line":265,"column":55}},{"start":{"line":265,"column":59},"end":{"line":265,"column":74}}]},"27":{"loc":{"start":{"line":268,"column":19},"end":{"line":271,"column":null}},"type":"cond-expr","locations":[{"start":{"line":269,"column":20},"end":{"line":269,"column":95}},{"start":{"line":271,"column":20},"end":{"line":271,"column":48}}]},"28":{"loc":{"start":{"line":273,"column":27},"end":{"line":273,"column":96}},"type":"cond-expr","locations":[{"start":{"line":273,"column":55},"end":{"line":273,"column":83}},{"start":{"line":273,"column":86},"end":{"line":273,"column":96}}]},"29":{"loc":{"start":{"line":279,"column":11},"end":{"line":340,"column":null}},"type":"cond-expr","locations":[{"start":{"line":280,"column":12},"end":{"line":282,"column":null}},{"start":{"line":284,"column":14},"end":{"line":340,"column":null}}]},"30":{"loc":{"start":{"line":284,"column":14},"end":{"line":340,"column":null}},"type":"cond-expr","locations":[{"start":{"line":285,"column":12},"end":{"line":286,"column":null}},{"start":{"line":289,"column":12},"end":{"line":339,"column":null}}]},"31":{"loc":{"start":{"line":297,"column":24},"end":{"line":299,"column":null}},"type":"cond-expr","locations":[{"start":{"line":298,"column":28},"end":{"line":298,"column":87}},{"start":{"line":299,"column":28},"end":{"line":299,"column":null}}]},"32":{"loc":{"start":{"line":302,"column":23},"end":{"line":302,"column":114}},"type":"binary-expr","locations":[{"start":{"line":302,"column":23},"end":{"line":302,"column":56}},{"start":{"line":302,"column":60},"end":{"line":302,"column":114}}]},"33":{"loc":{"start":{"line":310,"column":25},"end":{"line":312,"column":41}},"type":"cond-expr","locations":[{"start":{"line":310,"column":56},"end":{"line":310,"column":63}},{"start":{"line":311,"column":26},"end":{"line":312,"column":41}}]},"34":{"loc":{"start":{"line":311,"column":26},"end":{"line":312,"column":41}},"type":"cond-expr","locations":[{"start":{"line":311,"column":47},"end":{"line":311,"column":67}},{"start":{"line":312,"column":26},"end":{"line":312,"column":41}}]},"35":{"loc":{"start":{"line":318,"column":22},"end":{"line":324,"column":null}},"type":"cond-expr","locations":[{"start":{"line":319,"column":26},"end":{"line":319,"column":86}},{"start":{"line":320,"column":26},"end":{"line":324,"column":null}}]},"36":{"loc":{"start":{"line":320,"column":26},"end":{"line":324,"column":null}},"type":"cond-expr","locations":[{"start":{"line":321,"column":28},"end":{"line":321,"column":88}},{"start":{"line":322,"column":28},"end":{"line":324,"column":null}}]},"37":{"loc":{"start":{"line":320,"column":26},"end":{"line":320,"column":88}},"type":"binary-expr","locations":[{"start":{"line":320,"column":26},"end":{"line":320,"column":55}},{"start":{"line":320,"column":59},"end":{"line":320,"column":88}}]},"38":{"loc":{"start":{"line":322,"column":28},"end":{"line":324,"column":null}},"type":"cond-expr","locations":[{"start":{"line":323,"column":30},"end":{"line":323,"column":94}},{"start":{"line":324,"column":30},"end":{"line":324,"column":null}}]},"39":{"loc":{"start":{"line":322,"column":28},"end":{"line":322,"column":85}},"type":"binary-expr","locations":[{"start":{"line":322,"column":28},"end":{"line":322,"column":53}},{"start":{"line":322,"column":57},"end":{"line":322,"column":85}}]}},"s":{"0":0,"1":0,"2":0,"3":0,"4":0,"5":0,"6":0,"7":0,"8":0,"9":0,"10":0,"11":0,"12":0,"13":0,"14":0,"15":0,"16":0,"17":0,"18":0,"19":0,"20":0,"21":0,"22":0,"23":0,"24":0,"25":0,"26":0,"27":0,"28":0,"29":0,"30":0,"31":0,"32":0,"33":0,"34":0,"35":0,"36":0,"37":0,"38":0,"39":0,"40":0,"41":0,"42":0,"43":0,"44":0,"45":0,"46":0,"47":0,"48":0,"49":0,"50":0,"51":0,"52":0,"53":0,"54":0,"55":0,"56":0,"57":0,"58":0,"59":0,"60":0,"61":0,"62":0,"63":0,"64":0},"f":{"0":0,"1":0,"2":0,"3":0,"4":0,"5":0,"6":0,"7":0,"8":0,"9":0,"10":0,"11":0,"12":0,"13":0,"14":0,"15":0,"16":0,"17":0,"18":0,"19":0},"b":{"0":[0,0],"1":[0,0],"2":[0,0],"3":[0,0],"4":[0,0],"5":[0,0],"6":[0,0],"7":[0,0],"8":[0,0],"9":[0,0],"10":[0,0],"11":[0,0],"12":[0,0],"13":[0,0],"14":[0,0],"15":[0,0],"16":[0,0],"17":[0,0],"18":[0,0],"19":[0,0],"20":[0,0],"21":[0,0],"22":[0,0],"23":[0,0],"24":[0,0],"25":[0,0],"26":[0,0],"27":[0,0],"28":[0,0],"29":[0,0],"30":[0,0],"31":[0,0],"32":[0,0],"33":[0,0],"34":[0,0],"35":[0,0],"36":[0,0],"37":[0,0],"38":[0,0],"39":[0,0]}}
,"/Users/coolvibecoding/Desktop/AI_Mixer_Pro/src/app/dashboard/history/page.tsx": {"path":"/Users/coolvibecoding/Desktop/AI_Mixer_Pro/src/app/dashboard/history/page.tsx","statementMap":{"0":{"start":{"line":28,"column":29},"end":{"line":28,"column":38}},"1":{"start":{"line":29,"column":30},"end":{"line":29,"column":51}},"2":{"start":{"line":30,"column":32},"end":{"line":30,"column":46}},"3":{"start":{"line":31,"column":30},"end":{"line":31,"column":53}},"4":{"start":{"line":33,"column":2},"end":{"line":49,"column":17}},"5":{"start":{"line":35,"column":6},"end":{"line":35,"column":28}},"6":{"start":{"line":35,"column":21},"end":{"line":35,"column":28}},"7":{"start":{"line":37,"column":6},"end":{"line":45,"column":7}},"8":{"start":{"line":38,"column":20},"end":{"line":38,"column":63}},"9":{"start":{"line":39,"column":21},"end":{"line":39,"column":37}},"10":{"start":{"line":40,"column":8},"end":{"line":40,"column":37}},"11":{"start":{"line":42,"column":8},"end":{"line":42,"column":55}},"12":{"start":{"line":44,"column":8},"end":{"line":44,"column":26}},"13":{"start":{"line":48,"column":4},"end":{"line":48,"column":18}},"14":{"start":{"line":51,"column":25},"end":{"line":57,"column":4}},"15":{"start":{"line":52,"column":4},"end":{"line":52,"column":38}},"16":{"start":{"line":52,"column":26},"end":{"line":52,"column":38}},"17":{"start":{"line":53,"column":4},"end":{"line":53,"column":68}},"18":{"start":{"line":53,"column":32},"end":{"line":53,"column":68}},"19":{"start":{"line":54,"column":4},"end":{"line":54,"column":134}},"20":{"start":{"line":54,"column":33},"end":{"line":54,"column":134}},"21":{"start":{"line":55,"column":4},"end":{"line":55,"column":62}},"22":{"start":{"line":55,"column":29},"end":{"line":55,"column":62}},"23":{"start":{"line":56,"column":4},"end":{"line":56,"column":16}},"24":{"start":{"line":59,"column":21},"end":{"line":68,"column":3}},"25":{"start":{"line":60,"column":4},"end":{"line":60,"column":26}},"26":{"start":{"line":60,"column":15},"end":{"line":60,"column":26}},"27":{"start":{"line":61,"column":4},"end":{"line":67,"column":7}},"28":{"start":{"line":70,"column":24},"end":{"line":79,"column":3}},"29":{"start":{"line":71,"column":4},"end":{"line":78,"column":5}},"30":{"start":{"line":73,"column":8},"end":{"line":73,"column":80}},"31":{"start":{"line":75,"column":8},"end":{"line":75,"column":78}},"32":{"start":{"line":77,"column":8},"end":{"line":77,"column":89}},"33":{"start":{"line":81,"column":2},"end":{"line":87,"column":3}},"34":{"start":{"line":82,"column":4},"end":{"line":86,"column":6}},"35":{"start":{"line":89,"column":2},"end":{"line":227,"column":4}},"36":{"start":{"line":102,"column":31},"end":{"line":102,"column":56}},"37":{"start":{"line":121,"column":14},"end":{"line":121,"column":34}},"38":{"start":{"line":187,"column":24},"end":{"line":188,"column":null}}},"fnMap":{"0":{"name":"HistoryPage","decl":{"start":{"line":27,"column":24},"end":{"line":27,"column":35}},"loc":{"start":{"line":27,"column":35},"end":{"line":228,"column":1}}},"1":{"name":"(anonymous_1)","decl":{"start":{"line":33,"column":12},"end":{"line":33,"column":15}},"loc":{"start":{"line":33,"column":17},"end":{"line":49,"column":3}}},"2":{"name":"fetchTracks","decl":{"start":{"line":34,"column":19},"end":{"line":34,"column":30}},"loc":{"start":{"line":34,"column":30},"end":{"line":46,"column":5}}},"3":{"name":"(anonymous_3)","decl":{"start":{"line":51,"column":39},"end":{"line":51,"column":44}},"loc":{"start":{"line":51,"column":47},"end":{"line":57,"column":3}}},"4":{"name":"(anonymous_4)","decl":{"start":{"line":59,"column":21},"end":{"line":59,"column":22}},"loc":{"start":{"line":59,"column":52},"end":{"line":68,"column":3}}},"5":{"name":"(anonymous_5)","decl":{"start":{"line":70,"column":24},"end":{"line":70,"column":25}},"loc":{"start":{"line":70,"col
[...]
lumn":30}},{"start":{"line":220,"column":34},"end":{"line":220,"column":58}}]},"23":{"loc":{"start":{"line":226,"column":4},"end":{"line":230,"column":5}},"type":"if","locations":[{"start":{"line":226,"column":4},"end":{"line":230,"column":5}},{"start":{},"end":{}}]},"24":{"loc":{"start":{"line":226,"column":8},"end":{"line":226,"column":78}},"type":"binary-expr","locations":[{"start":{"line":226,"column":8},"end":{"line":226,"column":23}},{"start":{"line":226,"column":27},"end":{"line":226,"column":51}},{"start":{"line":226,"column":55},"end":{"line":226,"column":78}}]},"25":{"loc":{"start":{"line":232,"column":4},"end":{"line":236,"column":5}},"type":"if","locations":[{"start":{"line":232,"column":4},"end":{"line":236,"column":5}},{"start":{},"end":{}}]},"26":{"loc":{"start":{"line":238,"column":4},"end":{"line":242,"column":5}},"type":"if","locations":[{"start":{"line":238,"column":4},"end":{"line":242,"column":5}},{"start":{},"end":{}}]},"27":{"loc":{"start":{"line":238,"column":8},"end":{"line":238,"column":58}},"type":"binary-expr","locations":[{"start":{"line":238,"column":8},"end":{"line":238,"column":30}},{"start":{"line":238,"column":34},"end":{"line":238,"column":58}}]},"28":{"loc":{"start":{"line":244,"column":4},"end":{"line":248,"column":5}},"type":"if","locations":[{"start":{"line":244,"column":4},"end":{"line":248,"column":5}},{"start":{},"end":{}}]},"29":{"loc":{"start":{"line":244,"column":8},"end":{"line":244,"column":78}},"type":"binary-expr","locations":[{"start":{"line":244,"column":8},"end":{"line":244,"column":23}},{"start":{"line":244,"column":27},"end":{"line":244,"column":51}},{"start":{"line":244,"column":55},"end":{"line":244,"column":78}}]}},"s":{"0":2,"1":3,"2":0,"3":3,"4":3,"5":3,"6":3,"7":3,"8":3,"9":395551,"10":395551,"11":395551,"12":395551,"13":395551,"14":395551,"15":0,"16":3,"17":4,"18":0,"19":4,"20":4,"21":4,"22":719184,"23":4,"24":0,"25":0,"26":0,"27":0,"28":0,"29":0,"30":0,"31":0,"32":0,"33":0,"34":0,"35":0,"36":0,"37":0,"38":0,"39":0,"40":0,"41":0,"42":0,"43":0,"44":0,"45":0,"46":0,"47":0,"48":0,"49":0,"50":0,"51":0,"52":0,"53":0,"54":0,"55":0,"56":0,"57":0,"58":0,"59":0,"60":0,"61":0,"62":0,"63":0,"64":0,"65":0,"66":0,"67":0,"68":0,"69":0,"70":0,"71":0,"72":4,"73":4,"74":4,"75":4,"76":4,"77":3,"78":3,"79":3,"80":4,"81":2,"82":2,"83":2,"84":4,"85":0,"86":0,"87":0,"88":4,"89":0,"90":0,"91":0,"92":4,"93":2,"94":2,"95":2,"96":4,"97":0,"98":0,"99":0,"100":4,"101":0,"102":0,"103":0,"104":4,"105":4,"106":4,"107":4,"108":443551,"109":4,"110":2,"111":2},"f":{"0":2,"1":3,"2":4,"3":0,"4":0,"5":4},"b":{"0":[0,3],"1":[3,3],"2":[395551,0],"3":[395551,395551],"4":[0,4],"5":[0,0],"6":[0,0],"7":[0,0],"8":[0,0],"9":[0,0],"10":[0,0],"11":[0,0],"12":[0,0],"13":[0,0],"14":[0,0],"15":[0,0,0],"16":[0,0],"17":[0,0],"18":[3,1],"19":[4,3],"20":[2,2],"21":[0,4],"22":[4,0],"23":[0,4],"24":[4,0,0],"25":[2,2],"26":[0,4],"27":[4,0],"28":[0,4],"29":[4,0,0]}}
,"/Users/coolvibecoding/Desktop/AI_Mixer_Pro/src/lib/performance/benchmark.ts": {"path":"/Users/coolvibecoding/Desktop/AI_Mixer_Pro/src/lib/performance/benchmark.ts","statementMap":{"0":{"start":{"line":10,"column":2},"end":{"line":10,"column":69}},"1":{"start":{"line":13,"column":19},"end":{"line":13,"column":21}},"2":{"start":{"line":14,"column":21},"end":{"line":14,"column":26}},"3":{"start":{"line":15,"column":19},"end":{"line":15,"column":20}},"4":{"start":{"line":16,"column":25},"end":{"line":16,"column":26}},"5":{"start":{"line":17,"column":21},"end":{"line":17,"column":70}},"6":{"start":{"line":18,"column":22},"end":{"line":18,"column":49}},"7":{"start":{"line":21,"column":18},"end":{"line":21,"column":47}},"8":{"start":{"line":22,"column":2},"end":{"line":33,"column":3}},"9":{"start":{"line":22,"column":15},"end":{"line":22,"column":16}},"10":{"start":{"line":23,"column":14},"end":{"line":23,"column":41}},"11":{"start":{"line":25,"column":4},"end":{"line":30,"column":34}},"12":{"start":{"line":32,"column":4},"end":{"line":32,"column":50}},"13":{"start":{"line":32,"column":22},"end":{"line":32,"column":50}},"14":{"start":{"line":35,"column":2},"end":{"line":35,"column":126}},"15":{"start":{"line":38,"column":2},"end":{"line":38,"column":51}},"16":{"start":{"line":39,"column":20},"end":{"line":39,"column":30}},"17":{"start":{"line":41,"column":17},"end":{"line":41,"column":51}},"18":{"start":{"line":42,"column":2},"end":{"line":54,"column":3}},"19":{"start":{"line":43,"column":23},"end":{"line":43,"column":33}},"20":{"start":{"line":44,"column":20},"end":{"line":48,"column":6}},"21":{"start":{"line":50,"column":19},"end":{"line":50,"column":59}},"22":{"start":{"line":51,"column":22},"end":{"line":51,"column":45}},"23":{"start":{"line":53,"column":4},"end":{"line":53,"column":132}},"24":{"start":{"line":56,"column":20},"end":{"line":56,"column":42}},"25":{"start":{"line":57,"column":2},"end":{"line":57,"column":65}},"26":{"start":{"line":60,"column":2},"end":{"line":60,"column":52}},"27":{"start":{"line":61,"column":21},"end":{"line":61,"column":31}},"28":{"start":{"line":63,"column":43},"end":{"line":73,"column":4}},"29":{"start":{"line":75,"column":22},"end":{"line":75,"column":73}},"30":{"start":{"line":76,"column":20},"end":{"line":76,"column":43}},"31":{"start":{"line":78,"column":2},"end":{"line":78,"column":57}},"32":{"start":{"line":79,"column":2},"end":{"line":79,"column":124}},"33":{"start":{"line":80,"column":2},"end":{"line":80,"column":144}},"34":{"start":{"line":83,"column":2},"end":{"line":83,"column":47}},"35":{"start":{"line":84,"column":25},"end":{"line":84,"column":35}},"36":{"start":{"line":86,"column":27},"end":{"line":93,"column":4}},"37":{"start":{"line":95,"column":26},"end":{"line":98,"column":null}},"38":{"start":{"line":101,"column":24},"end":{"line":101,"column":51}},"39":{"start":{"line":103,"column":2},"end":{"line":103,"column":63}},"40":{"start":{"line":104,"column":2},"end":{"line":104,"column":68}},"41":{"start":{"line":107,"column":2},"end":{"line":107,"column":53}},"42":{"start":{"line":108,"column":24},"end":{"line":108,"column":34}},"43":{"start":{"line":111,"column":22},"end":{"line":115,"column":4}},"44":{"start":{"line":118,"column":23},"end":{"line":118,"column":96}},"45":{"start":{"line":121,"column":2},"end":{"line":125,"column":4}},"46":{"start":{"line":127,"column":23},"end":{"line":127,"column":49}},"47":{"start":{"line":129,"column":2},"end":{"line":129,"column":57}},"48":{"start":{"line":130,"column":2},"end":{"line":130,"column":69}},"49":{"start":{"line":131,"column":2},"end":{"line":131,"column":105}},"50":{"start":{"line":134,"column":20},"end":{"line":134,"column":42}},"51":{"start":{"line":135,"column":2},"end":{"line":135,"column":39}},"52":{"start":{"line":136,"column":2},"end":{"line":136,"column":51}},"53":{"start":{"line":137,"column":2},"end":{"line":137,"column":96}},"54":{"start":{"line":138,"column":2},"end":{"line":138,"column":70}},"55":{"start":{"line":139,"column":2},"end":{"line":139,"column":48}},"56":{"start":{"line":141,"column":2},"end":{"line":147,"column":4}},"57":{"start":{"line":151,"column":0},"end":{"line":160,"column":1}},"58":{"start":{"line":152,"column":2},"end":{"line":159,"column":7}},"59":{"start":{"line":153,"column":4},"end":{"line":158,"column":5}},"60":{"start":{"line":154,"column":6},"end":{"line":154,"column":34}},"61":{"start":{"line":156,"column":6},"end":{"line":156,"column":48}},"62":{"start":{"line":157,"column":6},"end":{"line":157,"column":22}}},"fnMap":{"0":{"name":"benchmarkProcessing","decl":{"start":{"line":9,"column":22},"end":{"line":9,"column":41}},"loc":{"start":{"line":9,"column":41},"end":{"line":148,"column":1}}},"1":{"name":"(anonymous_1)","decl":{"start":{"line":152,"column":3},"end":{"line":152,"column":8}},"loc":{"start":{"line":152,"column":14},"end":{"line":159,"column":3}}}},"branchMap":{"0":{"loc":{"start":{"line":32,"column":4},"end":{"line":32,"column":50}},"type":"if","locations":[{"start":{"line":32,"column":4},"end":{"line":32,"column":50}},{"start":{},"end":{}}]},"1":{"loc":{"start":{"line":80,"column":32},"end":{"line":80,"column":78}},"type":"cond-expr","locations":[{"start":{"line":80,"column":66},"end":{"line":80,"column":70}},{"start":{"line":80,"column":73},"end":{"line":80,"column":78}}]},"2":{"loc":{"start":{"line":80,"column":92},"end":{"line":80,"column":138}},"type":"cond-expr","locations":[{"start":{"line":80,"column":126},"end":{"line":80,"column":130}},{"start":{"line":80,"column":133},"end":{"line":80,"column":138}}]},"3":{"loc":{"start":{"line":131,"column":50},"end":{"line":131,"column":99}},"type":"cond-expr","locations":[{"start":{"line":131,"column":87},"end":{"line":131,"column":92}},{"start":{"line":131,"column":95},"end":{"line":131,"column":99}}]},"4":{"loc":{"start":{"line":151,"column":0},"end":{"line":160,"column":1}},"type":"if","locations":[{"start":{"line":151,"column":0},"end":{"line":160,"column":1}},{"start":{},"end":{}}]},"5":{"loc":{"start":{"line":151,"column":4},"end":{"line":151,"column":77}},"type":"binary-expr","locations":[{"start":{"line":151,"column":4},"end":{"line":151,"column":33}},{"start":{"line":151,"column":37},"end":{"line":151,"column":75}}]},"6":{"loc":{"start":{"line":151,"column":37},"end":{"line":151,"column":75}},"type":"cond-expr","locations":[{"start":{"line":151,"column":52},"end":{"line":151,"column":54}},{"start":{"line":151,"column":52},"end":{"line":151,"column":75}}]},"7":{"loc":{"start":{"line":151,"column":37},"end":{"line":151,"column":54}},"type":"binary-expr","locations":[{"start":{"line":151,"column":37},"end":{"line":151,"column":54}},{"start":{"line":151,"column":52},"end":{"line":151,"column":54}}]}},"s":{"0":0,"1":0,"2":0,"3":0,"4":0,"5":0,"6":0,"7":0,"8":0,"9":0,"10":0,"11":0,"12":0,"13":0,"14":0,"15":0,"16":0,"17":0,"18":0,"19":0,"20":0,"21":0,"22":0,"23":0,"24":0,"25":0,"26":0,"27":0,"28":0,"29":0,"30":0,"31":0,"32":0,"33":0,"34":0,"35":0,"36":0,"37":0,"38":0,"39":0,"40":0,"41":0,"42":0,"43":0,"44":0,"45":0,"46":0,"47":0,"48":0,"49":0,"50":0,"51":0,"52":0,"53":0,"54":0,"55":0,"56":0,"57":0,"58":0,"59":0,"60":0,"61":0,"62":0},"f":{"0":0,"1":0},"b":{"0":[0,0],"1":[0,0],"2":[0,0],"3":[0,0],"4":[0,0],"5":[0,0],"6":[0,0],"7":[0,0]}}
,"/Users/coolvibecoding/Desktop/AI_Mixer_Pro/src/lib/workers/audio-worker.ts": {"path":"/Users/coolvibecoding/Desktop/AI_Mixer_Pro/src/lib/workers/audio-worker.ts","statementMap":{"0":{"start":{"line":5,"column":15},"end":{"line":5,"column":33}},"1":{"start":{"line":7,"column":19},"end":{"line":10,"column":2}},"2":{"start":{"line":26,"column":2},"end":{"line":34,"column":5}},"3":{"start":{"line":36,"column":2},"end":{"line":46,"column":3}},"4":{"start":{"line":37,"column":4},"end":{"line":45,"column":7}},"5":{"start":{"line":50,"column":2},"end":{"line":54,"column":5}},"6":{"start":{"line":51,"column":4},"end":{"line":53,"column":12}},"7":{"start":{"line":52,"column":6},"end":{"line":52,"column":20}},"8":{"start":{"line":58,"column":2},"end":{"line":58,"column":60}},"9":{"start":{"line":58,"column":33},"end":{"line":58,"column":58}},"10":{"start":{"line":59,"column":2},"end":{"line":59,"column":46}},"11":{"start":{"line":63,"column":2},"end":{"line":63,"column":60}},"12":{"start":{"line":63,"column":33},"end":{"line":63,"column":58}},"13":{"start":{"line":64,"column":2},"end":{"line":64,"column":27}},"14":{"start":{"line":68,"column":2},"end":{"line":68,"column":60}},"15":{"start":{"line":68,"column":33},"end":{"line":68,"column":58}},"16":{"start":{"line":69,"column":2},"end":{"line":69,"column":30}},"17":{"start":{"line":73,"column":38},"end":{"line":73,"column":46}},"18":{"start":{"line":75,"column":21},"end":{"line":75,"column":56}},"19":{"start":{"line":76,"column":19},"end":{"line":76,"column":56}},"20":{"start":{"line":78,"column":2},"end":{"line":110,"column":3}},"21":{"start":{"line":79,"column":4},"end":{"line":79,"column":69}},"22":{"start":{"line":81,"column":20},"end":{"line":81,"column":49}},"23":{"start":{"line":82,"column":4},"end":{"line":84,"column":5}},"24":{"start":{"line":83,"column":6},"end":{"line":83,"column":44}},"25":{"start":{"line":86,"column":4},"end":{"line":86,"column":33}},"26":{"start":{"line":87,"column":4},"end":{"line":87,"column":79}},"27":{"start":{"line":89,"column":18},"end":{"line":89,"column":55}},"28":{"start":{"line":91,"column":4},"end":{"line":91,"column":33}},"29":{"start":{"line":92,"column":4},"end":{"line":92,"column":61}},"30":{"start":{"line":94,"column":23},"end":{"line":94,"column":49}},"31":{"start":{"line":96,"column":4},"end":{"line":96,"column":33}},"32":{"start":{"line":97,"column":4},"end":{"line":97,"column":67}},"33":{"start":{"line":99,"column":4},"end":{"line":99,"column":39}},"34":{"start":{"line":101,"column":4},"end":{"line":101,"column":34}},"35":{"start":{"line":102,"column":4},"end":{"line":102,"column":68}},"36":{"start":{"line":104,"column":4},"end":{"line":104,"column":70}},"37":{"start":{"line":107,"column":4},"end":{"line":107,"column":64}},"38":{"start":{"line":108,"column":4},"end":{"line":108,"column":60}},"39":{"start":{"line":109,"column":4},"end":{"line":109,"column":16}},"40":{"start":{"line":113,"column":22},"end":{"line":120,"column":2}},"41":{"start":{"line":122,"column":0},"end":{"line":124,"column":3}},"42":{"start":{"line":123,"column":2},"end":{"line":123,"column":71}},"43":{"start":{"line":126,"column":0},"end":{"line":128,"column":3}},"44":{"start":{"line":127,"column":2},"end":{"line":127,"column":55}},"45":{"start":{"line":130,"column":0},"end":{"line":132,"column":3}},"46":{"start":{"line":131,"column":2},"end":{"line":131,"column":38}},"47":{"start":{"line":134,"column":0},"end":{"line":134,"column":47}},"48":{"start":{"line":136,"column":0},"end":{"line":141,"column":3}},"49":{"start":{"line":137,"column":2},"end":{"line":137,"column":53}},"50":{"start":{"line":138,"column":2},"end":{"line":138,"column":23}},"51":{"start":{"line":139,"column":2},"end":{"line":139,"column":29}},"52":{"start":{"line":140,"column":2},"end":{"line":140,"column":18}}},"fnMap":{"0":{"name":"updateTrackStatus","decl":{"start":{"line":20,"column":15},"end":{"line":20,"column":32}},"loc":{"start":{"line":24,"column":15},"end":{"line":47,"column":1}}},"1":{"name":"validateAudio","decl":{"start":{"line":49,"column":15},"end":{"line":49,"column":28}},"loc":{"start":{"line":49,"column":46},"end":{"line":55,"column":1}}},"2":{"name":"(anonymous_2)","decl":{"start":{"line":50,"column":21},"end":{"line":50,"column":22}},"loc":{"start":{"line":50,"column":33},"end":{"line":54,"column":3}}},"3":{"name":"(anonymous_3)","decl":{"start":{"line":51,"column":15},"end":{"line":51,"column":18}},"loc":{"start":{"line":51,"column":20},"end":{"line":53,"column":5}}},"4":{"name":"performStemSeparation","decl":{"start":{"line":57,"column":15},"end":{"line":57,"column":36}},"loc":{"start":{"line":57,"column":54},"end":{"line":60,"column":1}}},"5":{"name":"(anonymous_5)","decl":{"start":{"line":58,"column":20},"end":{"line":58,"column":21}},"loc":{"start":{"line":58,"column":33},"end":{"line":58,"column":58}}},"6":{"name":"performMixing","decl":{"start":{"line":62,"column":15},"end":{"line":62,"column":28}},"loc":{"start":{"line":62,"column":45},"end":{"line":65,"column":1}}},"7":{"name":"(anonymous_7)","decl":{"start":{"line":63,"column":20},"end":{"line":63,"column":21}},"loc":{"start":{"line":63,"column":33},"end":{"line":63,"column":58}}},"8":{"name":"performMastering","decl":{"start":{"line":67,"column":15},"end":{"line":67,"column":31}},"loc":{"start":{"line":67,"column":50},"end":{"line":70,"column":1}}},"9":{"name":"(anonymous_9)","decl":{"start":{"line":68,"column":20},"end":{"line":68,"column":21}},"loc":{"start":{"line":68,"column":33},"end":{"line":68,"column":58}}},"10":{"name":"processJob","decl":{"start":{"line":72,"column":15},"end":{"line":72,"column":25}},"loc":{"start":{"line":72,"column":48},"end":{"line":111,"column":1}}},"11":{"name":"(anonymous_11)","decl":{"start":{"line":122,"column":23},"end":{"line":122,"column":24}},"loc":{"start":{"line":122,"column":31},"end":{"line":124,"column":1}}},"12":{"name":"(anonymous_12)","decl":{"start":{"line":126,"column":20},"end":{"line":126,"column":21}},"loc":{"start":{"line":126,"column":33},"end":{"line":128,"column":1}}},"13":{"name":"(anonymous_13)","decl":{"start":{"line":130,"column":19},"end":{"line":130,"column":20}},"loc":{"start":{"line":130,"column":27},"end":{"line":132,"column":1}}},"14":{"name":"(anonymous_14)","decl":{"start":{"line":136,"column":22},"end":{"line":136,"column":27}},"loc":{"start":{"line":136,"column":33},"end":{"line":141,"column":1}}}},"branchMap":{"0":{"loc":{"start":{"line":8,"column":8},"end":{"line":8,"column":45}},"type":"binary-expr","locations":[{"start":{"line":8,"column":8},"end":{"line":8,"column":30}},{"start":{"line":8,"column":34},"end":{"line":8,"column":45}}]},"1":{"loc":{"start":{"line":9,"column":17},"end":{"line":9,"column":49}},"type":"binary-expr","locations":[{"start":{"line":9,"column":17},"end":{"line":9,"column":39}},{"start":{"line":9,"column":43},"end":{"line":9,"column":49}}]},"2":{"loc":{"start":{"line":31,"column":10},"end":{"line":31,"column":75}},"type":"binary-expr","locations":[{"start":{"line":31,"column":10},"end":{"line":31,"column":14}},{"start":{"line":31,"column":18},"end":{"line":31,"column":75}}]},"3":{"loc":{"start":{"line":31,"column":31},"end":{"line":31,"column":73}},"type":"cond-expr","locations":[{"start":{"line":31,"column":60},"end":{"line":31,"column":61}},{"start":{"line":31,"column":64},"end":{"line":31,"column":73}}]},"4":{"loc":{"start":{"line":32,"column":10},"end":{"line":32,"column":63}},"type":"binary-expr","locations":[{"start":{"line":32,"column":10},"end":{"line":32,"column":32}},{"start":{"line":32,"column":36},"end":{"line":32,"column":63}}]},"5":{"loc":{"start":{"line":36,"column":2},"end":{"line":46,"column":3}},"type":"if","locations":[{"start":{"line":36,"column":2},"end":{"line":46,"column":3}},{"start":{},"end":{}}]},"6":{"loc":{"start":{"line":41,"column":16},"end":{"line":41,"column":58}},"type":"cond-expr","locations":[{"start":{"line":41,"column":35},"end":{"line":41,"column":46}},{"start":{"line":41,"column":49},"end":{"line":41,"column":58}}]},"7":{"loc":{"start":{"line":43,"column":21},"end":{"line":43,"column":57}},"type":"cond-expr","locations":[{"start":{"line":43,"column":40},"end":{"line":43,"column":50}},{"start":{"line":43,"column":53},"end":{"line":43,"column":57}}]},"8":{"loc":{"start":{"line":82,"column":4},"end":{"line":84,"column":5}},"type":"if","locations":[{"start":{"line":82,"column":4},"end":{"line":84,"column":5}},{"start":{},"end":{}}]},"9":{"loc":{"start":{"line":127,"column":23},"end":{"line":127,"column":30}},"type":"cond-expr","locations":[{"start":{"line":127,"column":26},"end":{"line":127,"column":28}},{"start":{"line":127,"column":23},"end":{"line":127,"column":30}}]},"10":{"loc":{"start":{"line":127,"column":23},"end":{"line":127,"column":28}},"type":"binary-expr","locations":[{"start":{"line":127,"column":23},"end":{"line":127,"column":28}},{"start":{"line":127,"column":23},"end":{"line":127,"column":28}}]}},"s":{"0":0,"1":0,"2":0,"3":0,"4":0,"5":0,"6":0,"7":0,"8":0,"9":0,"10":0,"11":0,"12":0,"13":0,"14":0,"15":0,"16":0,"17":0,"18":0,"19":0,"20":0,"21":0,"22":0,"23":0,"24":0,"25":0,"26":0,"27":0,"28":0,"29":0,"30":0,"31":0,"32":0,"33":0,"34":0,"35":0,"36":0,"37":0,"38":0,"39":0,"40":0,"41":0,"42":0,"43":0,"44":0,"45":0,"46":0,"47":0,"48":0,"49":0,"50":0,"51":0,"52":0},"f":{"0":0,"1":0,"2":0,"3":0,"4":0,"5":0,"6":0,"7":0,"8":0,"9":0,"10":0,"11":0,"12":0,"13":0,"14":0},"b":{"0":[0,0],"1":[0,0],"2":[0,0],"3":[0,0],"4":[0,0],"5":[0,0],"6":[0,0],"7":[0,0],"8":[0,0],"9":[0,0],"10":[0,0]}}
,"/Users/coolvibecoding/Desktop/AI_Mixer_Pro/src/lib/workers/start-worker.ts": {"path":"/Users/coolvibecoding/Desktop/AI_Mixer_Pro/src/lib/workers/start-worker.ts","statementMap":{"0":{"start":{"line":3,"column":0},"end":{"line":3,"column":51}}},"fnMap":{},"branchMap":{},"s":{"0":0},"f":{},"b":{}}
}
