TN:
SF:src/app/layout.tsx
FN:43,RootLayout
FNF:1
FNH:0
FNDA:0,RootLayout
DA:7,0
DA:13,0
DA:19,0
DA:25,0
DA:37,0
DA:48,0
LF:6
LH:0
BRF:0
BRH:0
end_of_record
TN:
SF:src/app/page.tsx
FN:13,Home
FNF:1
FNH:0
FNDA:0,Home
DA:15,0
LF:1
LH:0
BRF:0
BRH:0
end_of_record
TN:
SF:src/app/(auth)/sign-in/page.tsx
FN:4,SignInPage
FNF:1
FNH:0
FNDA:0,SignInPage
DA:5,0
LF:1
LH:0
BRF:0
BRH:0
end_of_record
TN:
SF:src/app/(auth)/sign-up/page.tsx
FN:4,SignUpPage
FNF:1
FNH:0
FNDA:0,SignUpPage
DA:5,0
LF:1
LH:0
BRF:0
BRH:0
end_of_record
TN:
SF:src/app/api-docs/page.tsx
FN:141,APIDocumentation
FN:144,(anonymous_1)
FN:147,(anonymous_2)
FN:181,(anonymous_3)
FN:187,(anonymous_4)
FN:208,(anonymous_5)
FN:228,(anonymous_6)
FNF:7
FNH:0
FNDA:0,APIDocumentation
FNDA:0,(anonymous_1)
FNDA:0,(anonymous_2)
FNDA:0,(anonymous_3)
FNDA:0,(anonymous_4)
FNDA:0,(anonymous_5)
FNDA:0,(anonymous_6)
DA:6,0
DA:142,0
DA:144,0
DA:145,0
DA:146,0
DA:147,0
DA:150,0
DA:182,0
DA:188,0
DA:208,0
DA:228,0
LF:11
LH:0
BRDA:191,0,0,0
BRDA:191,0,1,0
BRDA:192,1,0,0
BRDA:192,1,1,0
BRDA:211,2,0,0
BRDA:211,2,1,0
BRDA:231,3,0,0
BRDA:231,3,1,0
BRF:8
BRH:0
end_of_record
TN:
SF:src/app/api/batch/route.ts
FN:16,POST
FN:41,(anonymous_1)
FN:48,(anonymous_2)
FN:80,(anonymous_3)
FN:88,(anonymous_4)
FN:98,GET
FN:127,(anonymous_6)
FN:128,(anonymous_7)
FN:129,(anonymous_8)
FNF:9
FNH:0
FNDA:0,POST
FNDA:0,(anonymous_1)
FNDA:0,(anonymous_2)
FNDA:0,(anonymous_3)
FNDA:0,(anonymous_4)
FNDA:0,GET
FNDA:0,(anonymous_6)
FNDA:0,(anonymous_7)
FNDA:0,(anonymous_8)
DA:6,0
DA:17,0
DA:18,0
DA:19,0
DA:20,0
DA:23,0
DA:24,0
DA:26,0
DA:27,0
DA:30,0
DA:37,0
DA:38,0
DA:41,0
DA:43,0
DA:44,0
DA:47,0
DA:49,0
DA:50,0
DA:58,0
DA:63,0
DA:70,0
DA:80,0
DA:82,0
DA:88,0
DA:93,0
DA:94,0
DA:99,0
DA:100,0
DA:101,0
DA:102,0
DA:105,0
DA:106,0
DA:108,0
DA:109,0
DA:110,0
DA:113,0
DA:127,0
DA:128,0
DA:129,0
DA:131,0
DA:141,0
DA:142,0
LF:42
LH:0
BRDA:19,0,0,0
BRDA:19,0,1,0
BRDA:26,1,0,0
BRDA:26,1,1,0
BRDA:26,2,0,0
BRDA:26,2,1,0
BRDA:26,2,2,0
BRDA:37,3,0,0
BRDA:37,3,1,0
BRDA:43,4,0,0
BRDA:43,4,1,0
BRDA:74,5,0,0
BRDA:74,5,1,0
BRDA:101,6,0,0
BRDA:101,6,1,0
BRDA:109,7,0,0
BRDA:109,7,1,0
BRDA:127,8,0,0
BRDA:127,8,1,0
BRF:19
BRH:0
end_of_record
TN:
SF:src/app/api/download/route.ts
FN:9,GET
FNF:1
FNH:0
FNDA:0,GET
DA:7,0
DA:10,0
DA:11,0
DA:12,0
DA:13,0
DA:15,0
DA:16,0
DA:20,0
DA:21,0
DA:26,0
DA:27,0
DA:30,0
DA:31,0
DA:34,0
DA:35,0
DA:39,0
DA:40,0
DA:44,0
DA:50,0
DA:51,0
DA:53,0
DA:54,0
DA:57,0
DA:58,0
DA:61,0
DA:62,0
DA:64,0
DA:73,0
DA:74,0
DA:75,0
DA:78,0
DA:79,0
DA:81,0
DA:82,0
DA:85,0
DA:86,0
DA:92,0
DA:93,0
DA:95,0
DA:102,0
DA:103,0
LF:41
LH:0
BRDA:15,0,0,0
BRDA:15,0,1,0
BRDA:20,1,0,0
BRDA:20,1,1,0
BRDA:26,2,0,0
BRDA:26,2,1,0
BRDA:30,3,0,0
BRDA:30,3,1,0
BRDA:34,4,0,0
BRDA:34,4,1,0
BRDA:34,5,0,0
BRDA:34,5,1,0
BRDA:39,6,0,0
BRDA:39,6,1,0
BRDA:50,7,0,0
BRDA:50,7,1,0
BRDA:53,8,0,0
BRDA:53,8,1,0
BRDA:57,9,0,0
BRDA:57,9,1,0
BRDA:74,10,0,0
BRDA:74,10,1,0
BRDA:78,11,0,0
BRDA:78,11,1,0
BRDA:81,12,0,0
BRDA:81,12,1,0
BRDA:85,13,0,0
BRDA:85,13,1,0
BRF:28
BRH:0
end_of_record
TN:
SF:src/app/api/export/route.ts
FN:9,POST
FNF:1
FNH:0
FNDA:0,POST
DA:7,0
DA:10,0
DA:11,0
DA:12,0
DA:13,0
DA:16,0
DA:17,0
DA:19,0
DA:20,0
DA:23,0
DA:30,0
DA:31,0
DA:34,0
DA:35,0
DA:38,0
DA:39,0
DA:41,0
DA:42,0
DA:44,0
DA:45,0
DA:46,0
DA:47,0
DA:52,0
DA:55,0
DA:63,0
DA:64,0
DA:66,0
DA:67,0
DA:70,0
DA:75,0
DA:76,0
LF:31
LH:0
BRDA:12,0,0,0
BRDA:12,0,1,0
BRDA:19,1,0,0
BRDA:19,1,1,0
BRDA:30,2,0,0
BRDA:30,2,1,0
BRDA:34,3,0,0
BRDA:34,3,1,0
BRDA:38,4,0,0
BRDA:38,4,1,0
BRDA:44,5,0,0
BRDA:44,5,1,0
BRDA:46,6,0,0
BRDA:46,6,1,0
BRDA:63,7,0,0
BRDA:63,7,1,0
BRDA:66,8,0,0
BRDA:66,8,1,0
BRDA:72,9,0,0
BRDA:72,9,1,0
BRF:20
BRH:0
end_of_record
TN:
SF:src/app/api/process/route.ts
FN:5,POST
FNF:1
FNH:0
FNDA:0,POST
DA:6,0
DA:7,0
DA:8,0
DA:9,0
DA:12,0
DA:13,0
DA:15,0
DA:16,0
DA:19,0
DA:27,0
DA:33,0
DA:34,0
LF:12
LH:0
BRDA:8,0,0,0
BRDA:8,0,1,0
BRDA:15,1,0,0
BRDA:15,1,1,0
BRDA:15,2,0,0
BRDA:15,2,1,0
BRF:6
BRH:0
end_of_record
TN:
SF:src/app/api/progress/route.ts
FN:10,GET
FN:37,(anonymous_1)
FN:55,(anonymous_2)
FN:70,POST
FN:107,(anonymous_4)
FNF:5
FNH:0
FNDA:0,GET
FNDA:0,(anonymous_1)
FNDA:0,(anonymous_2)
FNDA:0,POST
FNDA:0,(anonymous_4)
DA:5,0
DA:8,0
DA:11,0
DA:12,0
DA:13,0
DA:16,0
DA:17,0
DA:19,0
DA:20,0
DA:24,0
DA:31,0
DA:32,0
DA:36,0
DA:39,0
DA:40,0
DA:42,0
DA:45,0
DA:55,0
DA:56,0
DA:61,0
DA:71,0
DA:72,0
DA:73,0
DA:76,0
DA:77,0
DA:79,0
DA:80,0
DA:84,0
DA:85,0
DA:95,0
DA:96,0
DA:97,0
DA:107,0
DA:108,0
DA:109,0
DA:112,0
DA:117,0
DA:119,0
DA:120,0
LF:39
LH:0
BRDA:12,0,0,0
BRDA:12,0,1,0
BRDA:19,1,0,0
BRDA:19,1,1,0
BRDA:31,2,0,0
BRDA:31,2,1,0
BRDA:39,3,0,0
BRDA:39,3,1,0
BRDA:56,4,0,0
BRDA:56,4,1,0
BRDA:56,5,0,0
BRDA:56,5,1,0
BRDA:72,6,0,0
BRDA:72,6,1,0
BRDA:79,7,0,0
BRDA:79,7,1,0
BRDA:88,8,0,0
BRDA:88,8,1,0
BRDA:88,9,0,0
BRDA:88,9,1,0
BRDA:89,10,0,0
BRDA:89,10,1,0
BRDA:89,11,0,0
BRDA:89,11,1,0
BRDA:96,12,0,0
BRDA:96,12,1,0
BRF:26
BRH:0
end_of_record
TN:
SF:src/app/api/share/route.ts
FN:8,POST
FN:60,GET
FN:93,DELETE
FNF:3
FNH:0
FNDA:0,POST
FNDA:0,GET
FNDA:0,DELETE
DA:6,0
DA:9,0
DA:10,0
DA:11,0
DA:12,0
DA:15,0
DA:16,0
DA:18,0
DA:19,0
DA:22,0
DA:29,0
DA:30,0
DA:33,0
DA:34,0
DA:37,0
DA:38,0
DA:40,0
DA:49,0
DA:55,0
DA:56,0
DA:61,0
DA:62,0
DA:63,0
DA:64,0
DA:67,0
DA:68,0
DA:70,0
DA:72,0
DA:86,0
DA:88,0
DA:89,0
DA:94,0
DA:95,0
DA:96,0
DA:97,0
DA:100,0
DA:101,0
DA:103,0
DA:104,0
DA:107,0
DA:114,0
DA:115,0
DA:118,0
DA:122,0
DA:124,0
DA:125,0
LF:46
LH:0
BRDA:11,0,0,0
BRDA:11,0,1,0
BRDA:18,1,0,0
BRDA:18,1,1,0
BRDA:29,2,0,0
BRDA:29,2,1,0
BRDA:33,3,0,0
BRDA:33,3,1,0
BRDA:38,4,0,0
BRDA:38,4,1,0
BRDA:45,5,0,0
BRDA:45,5,1,0
BRDA:63,6,0,0
BRDA:63,6,1,0
BRDA:70,7,0,0
BRDA:70,7,1,0
BRDA:96,8,0,0
BRDA:96,8,1,0
BRDA:103,9,0,0
BRDA:103,9,1,0
BRDA:114,10,0,0
BRDA:114,10,1,0
BRF:22
BRH:0
end_of_record
TN:
SF:src/app/api/stripe/checkout/route.ts
FN:5,POST
FNF:1
FNH:0
FNDA:0,POST
DA:6,0
DA:7,0
DA:8,0
DA:9,0
DA:12,0
DA:13,0
DA:15,0
DA:16,0
DA:17,0
DA:20,0
DA:37,0
DA:39,0
DA:40,0
LF:13
LH:0
BRDA:8,0,0,0
BRDA:8,0,1,0
BRDA:16,1,0,0
BRDA:16,1,1,0
BRDA:16,2,0,0
BRDA:16,2,1,0
BRF:6
BRH:0
end_of_record
TN:
SF:src/app/api/stripe/portal/route.ts
FN:5,POST
FNF:1
FNH:0
FNDA:0,POST
DA:6,0
DA:7,0
DA:8,0
DA:9,0
DA:12,0
DA:13,0
DA:18,0
DA:23,0
DA:25,0
DA:26,0
LF:10
LH:0
BRDA:8,0,0,0
BRDA:8,0,1,0
BRDA:19,1,0,0
BRDA:19,1,1,0
BRF:4
BRH:0
end_of_record
TN:
SF:src/app/api/stripe/webhook/route.ts
FN:11,POST
FNF:1
FNH:0
FNDA:0,POST
DA:7,0
DA:9,0
DA:12,0
DA:13,0
DA:16,0
DA:17,0
DA:18,0
DA:20,0
DA:21,0
DA:26,0
DA:27,0
DA:29,0
DA:30,0
DA:33,0
DA:34,0
DA:36,0
DA:37,0
DA:38,0
DA:40,0
DA:41,0
DA:59,0
DA:63,0
DA:65,0
DA:74,0
DA:78,0
DA:80,0
DA:88,0
DA:92,0
DA:93,0
DA:97,0
DA:98,0
DA:107,0
DA:111,0
DA:114,0
DA:116,0
DA:117,0
LF:36
LH:0
BRDA:12,0,0,0
BRDA:12,0,1,0
BRDA:20,1,0,0
BRDA:20,1,1,0
BRDA:34,2,0,0
BRDA:34,2,1,0
BRDA:34,2,2,0
BRDA:34,2,3,0
BRDA:34,2,4,0
BRDA:37,3,0,0
BRDA:37,3,1,0
BRDA:37,4,0,0
BRDA:37,4,1,0
BRDA:38,5,0,0
BRDA:38,5,1,0
BRDA:38,6,0,0
BRDA:38,6,1,0
BRDA:40,7,0,0
BRDA:40,7,1,0
BRDA:40,8,0,0
BRDA:40,8,1,0
BRDA:48,9,0,0
BRDA:48,9,1,0
BRDA:48,10,0,0
BRDA:48,10,1,0
BRDA:48,11,0,0
BRDA:48,11,1,0
BRDA:48,12,0,0
BRDA:48,12,1,0
BRDA:48,13,0,0
BRDA:48,13,1,0
BRDA:48,14,0,0
BRDA:48,14,1,0
BRDA:48,15,0,0
BRDA:48,15,1,0
BRDA:93,16,0,0
BRDA:93,16,1,0
BRDA:93,17,0,0
BRDA:93,17,1,0
BRDA:93,18,0,0
BRDA:93,18,1,0
BRDA:94,19,0,0
BRDA:94,19,1,0
BRDA:94,20,0,0
BRDA:94,20,1,0
BRDA:97,21,0,0
BRDA:97,21,1,0
BRF:47
BRH:0
end_of_record
TN:
SF:src/app/api/subscription/route.ts
FN:7,GET
FNF:1
FNH:0
FNDA:0,GET
DA:5,0
DA:8,0
DA:9,0
DA:10,0
DA:11,0
DA:14,0
DA:19,0
DA:20,0
DA:23,0
DA:31,0
DA:32,0
LF:11
LH:0
BRDA:10,0,0,0
BRDA:10,0,1,0
BRDA:19,1,0,0
BRDA:19,1,1,0
BRF:4
BRH:0
end_of_record
TN:
SF:src/app/api/tracks/route.ts
FN:7,GET
FNF:1
FNH:0
FNDA:0,GET
DA:5,0
DA:8,0
DA:9,0
DA:10,0
DA:11,0
DA:14,0
DA:15,0
DA:17,0
DA:27,0
DA:29,0
DA:30,0
LF:11
LH:0
BRDA:10,0,0,0
BRDA:10,0,1,0
BRDA:20,1,0,0
BRDA:20,1,1,0
BRF:4
BRH:0
end_of_record
TN:
SF:src/app/api/upload/route.ts
FN:7,POST
FNF:1
FNH:1
FNDA:13,POST
DA:1,1
DA:2,1
DA:3,1
DA:4,1
DA:5,1
DA:7,1
DA:8,13
DA:9,13
DA:10,12
DA:11,1
DA:14,11
DA:15,11
DA:17,11
DA:18,1
DA:22,10
DA:23,10
DA:26,10
DA:28,10
DA:29,3
DA:33,7
DA:36,6
DA:49,5
DA:61,3
DA:62,3
LF:24
LH:24
BRDA:10,0,0,1
BRDA:10,0,1,11
BRDA:17,1,0,1
BRDA:17,1,1,10
BRDA:28,2,0,3
BRDA:28,2,1,7
BRDA:29,3,0,3
BRDA:29,3,1,0
BRF:8
BRH:7
end_of_record
TN:
SF:src/app/dashboard/page.tsx
FN:19,Dashboard
FN:27,(anonymous_1)
FN:28,(anonymous_2)
FN:48,(anonymous_3)
FN:49,(anonymous_4)
FN:50,(anonymous_5)
FN:63,(anonymous_6)
FN:83,(anonymous_7)
FN:84,(anonymous_8)
FN:86,(anonymous_9)
FN:91,(anonymous_10)
FN:95,(anonymous_11)
FN:99,(anonymous_12)
FN:188,(anonymous_13)
FN:213,(anonymous_14)
FN:221,(anonymous_15)
FN:264,(anonymous_16)
FN:290,(anonymous_17)
FN:295,(anonymous_18)
FN:331,(anonymous_19)
FNF:20
FNH:0
FNDA:0,Dashboard
FNDA:0,(anonymous_1)
FNDA:0,(anonymous_2)
FNDA:0,(anonymous_3)
FNDA:0,(anonymous_4)
FNDA:0,(anonymous_5)
FNDA:0,(anonymous_6)
FNDA:0,(anonymous_7)
FNDA:0,(anonymous_8)
FNDA:0,(anonymous_9)
FNDA:0,(anonymous_10)
FNDA:0,(anonymous_11)
FNDA:0,(anonymous_12)
FNDA:0,(anonymous_13)
FNDA:0,(anonymous_14)
FNDA:0,(anonymous_15)
FNDA:0,(anonymous_16)
FNDA:0,(anonymous_17)
FNDA:0,(anonymous_18)
FNDA:0,(anonymous_19)
DA:20,0
DA:21,0
DA:22,0
DA:23,0
DA:24,0
DA:27,0
DA:28,0
DA:29,0
DA:31,0
DA:32,0
DA:33,0
DA:34,0
DA:36,0
DA:38,0
DA:42,0
DA:46,0
DA:48,0
DA:49,0
DA:50,0
DA:53,0
DA:55,0
DA:56,0
DA:59,0
DA:60,0
DA:63,0
DA:64,0
DA:65,0
DA:66,0
DA:67,0
DA:69,0
DA:75,0
DA:76,0
DA:77,0
DA:79,0
DA:83,0
DA:84,0
DA:85,0
DA:86,0
DA:91,0
DA:92,0
DA:93,0
DA:95,0
DA:99,0
DA:100,0
DA:101,0
DA:102,0
DA:110,0
DA:111,0
DA:114,0
DA:115,0
DA:118,0
DA:119,0
DA:120,0
DA:122,0
DA:124,0
DA:128,0
DA:189,0
DA:213,0
DA:221,0
DA:264,0
DA:291,0
DA:295,0
DA:332,0
LF:63
LH:0
BRDA:29,0,0,0
BRDA:29,0,1,0
BRDA:29,1,0,0
BRDA:29,1,1,0
BRDA:29,2,0,0
BRDA:29,2,1,0
BRDA:34,3,0,0
BRDA:34,3,1,0
BRDA:43,4,0,0
BRDA:43,4,1,0
BRDA:43,5,0,0
BRDA:43,5,1,0
BRDA:55,6,0,0
BRDA:55,6,1,0
BRDA:59,7,0,0
BRDA:59,7,1,0
BRDA:77,8,0,0
BRDA:77,8,1,0
BRDA:85,9,0,0
BRDA:85,9,1,0
BRDA:92,10,0,0
BRDA:92,10,1,0
BRDA:110,11,0,0
BRDA:110,11,1,0
BRDA:120,12,0,0
BRDA:120,12,1,0
BRDA:136,13,0,0
BRDA:136,13,1,0
BRDA:182,14,0,0
BRDA:182,14,1,0
BRDA:193,15,0,0
BRDA:193,15,1,0
BRDA:195,16,0,0
BRDA:195,16,1,0
BRDA:195,17,0,0
BRDA:195,17,1,0
BRDA:197,18,0,0
BRDA:197,18,1,0
BRDA:197,19,0,0
BRDA:197,19,1,0
BRDA:205,20,0,0
BRDA:205,20,1,0
BRDA:206,21,0,0
BRDA:206,21,1,0
BRDA:217,22,0,0
BRDA:217,22,1,0
BRDA:252,23,0,0
BRDA:252,23,1,0
BRDA:259,24,0,0
BRDA:259,24,1,0
BRDA:260,25,0,0
BRDA:260,25,1,0
BRDA:265,26,0,0
BRDA:265,26,1,0
BRDA:268,27,0,0
BRDA:268,27,1,0
BRDA:273,28,0,0
BRDA:273,28,1,0
BRDA:279,29,0,0
BRDA:279,29,1,0
BRDA:284,30,0,0
BRDA:284,30,1,0
BRDA:297,31,0,0
BRDA:297,31,1,0
BRDA:302,32,0,0
BRDA:302,32,1,0
BRDA:310,33,0,0
BRDA:310,33,1,0
BRDA:311,34,0,0
BRDA:311,34,1,0
BRDA:318,35,0,0
BRDA:318,35,1,0
BRDA:320,36,0,0
BRDA:320,36,1,0
BRDA:320,37,0,0
BRDA:320,37,1,0
BRDA:322,38,0,0
BRDA:322,38,1,0
BRDA:322,39,0,0
BRDA:322,39,1,0
BRF:80
BRH:0
end_of_record
TN:
SF:src/app/dashboard/history/page.tsx
FN:27,HistoryPage
FN:33,(anonymous_1)
FN:34,fetchTracks
FN:51,(anonymous_3)
FN:59,(anonymous_4)
FN:70,(anonymous_5)
FN:102,(anonymous_6)
FN:120,(anonymous_7)
FN:186,(anonymous_8)
FNF:9
FNH:0
FNDA:0,HistoryPage
FNDA:0,(anonymous_1)
FNDA:0,fetchTracks
FNDA:0,(anonymous_3)
FNDA:0,(anonymous_4)
FNDA:0,(anonymous_5)
FNDA:0,(anonymous_6)
FNDA:0,(anonymous_7)
FNDA:0,(anonymous_8)
DA:28,0
DA:29,0
DA:30,0
DA:31,0
DA:33,0
DA:35,0
DA:37,0
DA:38,0
DA:39,0
DA:40,0
DA:42,0
DA:44,0
DA:48,0
DA:51,0
DA:52,0
DA:53,0
DA:54,0
DA:55,0
DA:56,0
DA:59,0
DA:60,0
DA:61,0
DA:70,0
DA:71,0
DA:73,0
DA:75,0
DA:77,0
DA:81,0
DA:82,0
DA:89,0
DA:102,0
DA:121,0
DA:187,0
LF:33
LH:0
BRDA:35,0,0,0
BRDA:35,0,1,0
BRDA:35,1,0,0
BRDA:35,1,1,0
BRDA:35,2,0,0
BRDA:35,2,1,0
BRDA:40,3,0,0
BRDA:40,3,1,0
BRDA:49,4,0,0
BRDA:49,4,1,0
BRDA:49,5,0,0
BRDA:49,5,1,0
BRDA:52,6,0,0
BRDA:52,6,1,0
BRDA:53,7,0,0
BRDA:53,7,1,0
BRDA:54,8,0,0
BRDA:54,8,1,0
BRDA:55,9,0,0
BRDA:55,9,1,0
BRDA:60,10,0,0
BRDA:60,10,1,0
BRDA:71,11,0,0
BRDA:71,11,1,0
BRDA:71,11,2,0
BRDA:81,12,0,0
BRDA:81,12,1,0
BRDA:81,13,0,0
BRDA:81,13,1,0
BRDA:113,14,0,0
BRDA:113,14,1,0
BRDA:137,15,0,0
BRDA:137,15,1,0
BRDA:139,16,0,0
BRDA:139,16,1,0
BRDA:146,17,0,0
BRDA:146,17,1,0
BRDA:182,18,0,0
BRDA:182,18,1,0
BRDA:182,18,2,0
BRDA:190,19,0,0
BRDA:190,19,1,0
BRDA:192,20,0,0
BRDA:192,20,1,0
BRDA:198,21,0,0
BRDA:198,21,1,0
BRDA:200,22,0,0
BRDA:200,22,1,0
BRDA:216,23,0,0
BRDA:216,23,1,0
BRF:50
BRH:0
end_of_record
TN:
SF:src/app/dashboard/profile/page.tsx
FN:10,ProfilePage
FN:19,(anonymous_1)
FN:20,fetchSubscription
FN:45,(anonymous_3)
FN:168,(anonymous_4)
FNF:5
FNH:0
FNDA:0,ProfilePage
FNDA:0,(anonymous_1)
FNDA:0,fetchSubscription
FNDA:0,(anonymous_3)
FNDA:0,(anonymous_4)
DA:11,0
DA:12,0
DA:17,0
DA:19,0
DA:21,0
DA:23,0
DA:24,0
DA:25,0
DA:26,0
DA:27,0
DA:29,0
DA:36,0
DA:38,0
DA:42,0
DA:45,0
DA:46,0
DA:47,0
DA:52,0
DA:53,0
DA:54,0
DA:57,0
DA:61,0
DA:62,0
DA:69,0
DA:70,0
DA:72,0
DA:169,0
LF:27
LH:0
BRDA:21,0,0,0
BRDA:21,0,1,0
BRDA:21,1,0,0
BRDA:21,1,1,0
BRDA:21,2,0,0
BRDA:21,2,1,0
BRDA:26,3,0,0
BRDA:26,3,1,0
BRDA:43,4,0,0
BRDA:43,4,1,0
BRDA:43,5,0,0
BRDA:43,5,1,0
BRDA:53,6,0,0
BRDA:53,6,1,0
BRDA:61,7,0,0
BRDA:61,7,1,0
BRDA:61,8,0,0
BRDA:61,8,1,0
BRDA:69,9,0,0
BRDA:69,9,1,0
BRDA:69,10,0,0
BRDA:69,10,1,0
BRDA:69,11,0,0
BRDA:69,11,1,0
BRDA:69,12,0,0
BRDA:69,12,1,0
BRDA:69,13,0,0
BRDA:69,13,1,0
BRDA:70,14,0,0
BRDA:70,14,1,0
BRDA:83,15,0,0
BRDA:83,15,1,0
BRDA:83,16,0,0
BRDA:83,16,1,0
BRDA:83,17,0,0
BRDA:83,17,1,0
BRDA:86,18,0,0
BRDA:86,18,1,0
BRDA:97,19,0,0
BRDA:97,19,1,0
BRDA:97,20,0,0
BRDA:97,20,1,0
BRDA:97,21,0,0
BRDA:97,21,1,0
BRDA:98,22,0,0
BRDA:98,22,1,0
BRDA:98,23,0,0
BRDA:98,23,1,0
BRDA:98,24,0,0
BRDA:98,24,1,0
BRDA:98,25,0,0
BRDA:98,25,1,0
BRDA:138,26,0,0
BRDA:138,26,1,0
BRDA:138,27,0,0
BRDA:138,27,1,0
BRDA:138,28,0,0
BRDA:138,28,1,0
BRDA:142,29,0,0
BRDA:142,29,1,0
BRDA:142,30,0,0
BRDA:142,30,1,0
BRDA:142,31,0,0
BRDA:142,31,1,0
BRDA:151,32,0,0
BRDA:151,32,1,0
BRDA:154,33,0,0
BRDA:154,33,1,0
BRDA:176,34,0,0
BRDA:176,34,1,0
BRF:70
BRH:0
end_of_record
TN:
SF:src/app/mixer/page.tsx
FN:19,MixerStudio
FN:90,(anonymous_1)
FN:98,(anonymous_2)
FN:105,(anonymous_3)
FN:116,(anonymous_4)
FN:173,(anonymous_5)
FN:218,(anonymous_6)
FN:239,(anonymous_7)
FN:282,(anonymous_8)
FN:286,(anonymous_9)
FN:356,(anonymous_10)
FN:360,(anonymous_11)
FN:361,(anonymous_12)
FN:393,(anonymous_13)
FN:397,(anonymous_14)
FN:398,(anonymous_15)
FN:445,(anonymous_16)
FN:449,(anonymous_17)
FN:450,(anonymous_18)
FN:480,(anonymous_19)
FN:481,(anonymous_20)
FN:518,(anonymous_21)
FN:522,(anonymous_22)
FN:523,(anonymous_23)
FN:548,(anonymous_24)
FN:567,(anonymous_25)
FN:600,(anonymous_26)
FN:622,(anonymous_27)
FN:622,(anonymous_28)
FN:636,(anonymous_29)
FN:636,(anonymous_30)
FN:653,(anonymous_31)
FN:676,(anonymous_32)
FN:676,(anonymous_33)
FN:690,(anonymous_34)
FN:690,(anonymous_35)
FN:707,(anonymous_36)
FN:729,(anonymous_37)
FN:729,(anonymous_38)
FN:743,(anonymous_39)
FN:743,(anonymous_40)
FN:812,(anonymous_41)
FN:896,(anonymous_42)
FNF:43
FNH:0
FNDA:0,MixerStudio
FNDA:0,(anonymous_1)
FNDA:0,(anonymous_2)
FNDA:0,(anonymous_3)
FNDA:0,(anonymous_4)
FNDA:0,(anonymous_5)
FNDA:0,(anonymous_6)
FNDA:0,(anonymous_7)
FNDA:0,(anonymous_8)
FNDA:0,(anonymous_9)
FNDA:0,(anonymous_10)
FNDA:0,(anonymous_11)
FNDA:0,(anonymous_12)
FNDA:0,(anonymous_13)
FNDA:0,(anonymous_14)
FNDA:0,(anonymous_15)
FNDA:0,(anonymous_16)
FNDA:0,(anonymous_17)
FNDA:0,(anonymous_18)
FNDA:0,(anonymous_19)
FNDA:0,(anonymous_20)
FNDA:0,(anonymous_21)
FNDA:0,(anonymous_22)
FNDA:0,(anonymous_23)
FNDA:0,(anonymous_24)
FNDA:0,(anonymous_25)
FNDA:0,(anonymous_26)
FNDA:0,(anonymous_27)
FNDA:0,(anonymous_28)
FNDA:0,(anonymous_29)
FNDA:0,(anonymous_30)
FNDA:0,(anonymous_31)
FNDA:0,(anonymous_32)
FNDA:0,(anonymous_33)
FNDA:0,(anonymous_34)
FNDA:0,(anonymous_35)
FNDA:0,(anonymous_36)
FNDA:0,(anonymous_37)
FNDA:0,(anonymous_38)
FNDA:0,(anonymous_39)
FNDA:0,(anonymous_40)
FNDA:0,(anonymous_41)
FNDA:0,(anonymous_42)
DA:20,0
DA:21,0
DA:22,0
DA:23,0
DA:24,0
DA:25,0
DA:26,0
DA:27,0
DA:28,0
DA:29,0
DA:30,0
DA:31,0
DA:32,0
DA:35,0
DA:48,0
DA:58,0
DA:59,0
DA:60,0
DA:63,0
DA:71,0
DA:80,0
DA:87,0
DA:88,0
DA:90,0
DA:91,0
DA:92,0
DA:93,0
DA:94,0
DA:98,0
DA:99,0
DA:100,0
DA:101,0
DA:105,0
DA:106,0
DA:108,0
DA:109,0
DA:110,0
DA:112,0
DA:114,0
DA:117,0
DA:118,0
DA:123,0
DA:124,0
DA:125,0
DA:127,0
DA:132,0
DA:133,0
DA:134,0
DA:138,0
DA:139,0
DA:140,0
DA:142,0
DA:148,0
DA:149,0
DA:150,0
DA:154,0
DA:155,0
DA:158,0
DA:164,0
DA:165,0
DA:166,0
DA:168,0
DA:169,0
DA:173,0
DA:174,0
DA:175,0
DA:176,0
DA:177,0
DA:178,0
DA:181,0
DA:218,0
DA:239,0
DA:283,0
DA:286,0
DA:356,0
DA:360,0
DA:362,0
DA:363,0
DA:364,0
DA:393,0
DA:397,0
DA:399,0
DA:400,0
DA:401,0
DA:445,0
DA:449,0
DA:451,0
DA:452,0
DA:453,0
DA:481,0
DA:518,0
DA:522,0
DA:524,0
DA:525,0
DA:526,0
DA:549,0
DA:568,0
DA:569,0
DA:600,0
DA:622,0
DA:636,0
DA:653,0
DA:676,0
DA:690,0
DA:707,0
DA:729,0
DA:743,0
DA:813,0
DA:897,0
LF:109
LH:0
BRDA:93,0,0,0
BRDA:93,0,1,0
BRDA:93,1,0,0
BRDA:93,1,1,0
BRDA:99,2,0,0
BRDA:99,2,1,0
BRDA:99,3,0,0
BRDA:99,3,1,0
BRDA:100,4,0,0
BRDA:100,4,1,0
BRDA:106,5,0,0
BRDA:106,5,1,0
BRDA:123,6,0,0
BRDA:123,6,1,0
BRDA:138,7,0,0
BRDA:138,7,1,0
BRDA:138,8,0,0
BRDA:138,8,1,0
BRDA:207,9,0,0
BRDA:207,9,1,0
BRDA:221,10,0,0
BRDA:221,10,1,0
BRDA:226,11,0,0
BRDA:226,11,1,0
BRDA:271,12,0,0
BRDA:271,12,1,0
BRDA:288,13,0,0
BRDA:288,13,1,0
BRDA:294,14,0,0
BRDA:294,14,1,0
BRDA:332,15,0,0
BRDA:332,15,1,0
BRDA:362,16,0,0
BRDA:362,16,1,0
BRDA:362,17,0,0
BRDA:362,17,1,0
BRDA:371,18,0,0
BRDA:371,18,1,0
BRDA:375,19,0,0
BRDA:375,19,1,0
BRDA:399,20,0,0
BRDA:399,20,1,0
BRDA:399,21,0,0
BRDA:399,21,1,0
BRDA:408,22,0,0
BRDA:408,22,1,0
BRDA:412,23,0,0
BRDA:412,23,1,0
BRDA:421,24,0,0
BRDA:421,24,1,0
BRDA:451,25,0,0
BRDA:451,25,1,0
BRDA:451,26,0,0
BRDA:451,26,1,0
BRDA:460,27,0,0
BRDA:460,27,1,0
BRDA:464,28,0,0
BRDA:464,28,1,0
BRDA:469,29,0,0
BRDA:469,29,1,0
BRDA:494,30,0,0
BRDA:494,30,1,0
BRDA:524,31,0,0
BRDA:524,31,1,0
BRDA:524,32,0,0
BRDA:524,32,1,0
BRDA:533,33,0,0
BRDA:533,33,1,0
BRDA:537,34,0,0
BRDA:537,34,1,0
BRDA:542,35,0,0
BRDA:542,35,1,0
BRDA:549,36,0,0
BRDA:549,36,1,0
BRDA:549,37,0,0
BRDA:549,37,1,0
BRDA:553,38,0,0
BRDA:553,38,1,0
BRDA:568,39,0,0
BRDA:568,39,1,0
BRDA:568,40,0,0
BRDA:568,40,1,0
BRDA:569,41,0,0
BRDA:569,41,1,0
BRDA:580,42,0,0
BRDA:580,42,1,0
BRDA:602,43,0,0
BRDA:602,43,1,0
BRDA:606,44,0,0
BRDA:606,44,1,0
BRDA:610,45,0,0
BRDA:610,45,1,0
BRDA:655,46,0,0
BRDA:655,46,1,0
BRDA:659,47,0,0
BRDA:659,47,1,0
BRDA:663,48,0,0
BRDA:663,48,1,0
BRDA:709,49,0,0
BRDA:709,49,1,0
BRDA:713,50,0,0
BRDA:713,50,1,0
BRDA:717,51,0,0
BRDA:717,51,1,0
BRDA:755,52,0,0
BRDA:755,52,1,0
BRDA:774,53,0,0
BRDA:774,53,1,0
BRDA:816,54,0,0
BRDA:816,54,1,0
BRDA:821,55,0,0
BRDA:821,55,1,0
BRDA:833,56,0,0
BRDA:833,56,1,0
BRDA:833,56,2,0
BRDA:875,57,0,0
BRDA:875,57,1,0
BRDA:885,58,0,0
BRDA:885,58,1,0
BRDA:892,59,0,0
BRDA:892,59,1,0
BRF:121
BRH:0
end_of_record
TN:
SF:src/app/share/[token]/page.tsx
FN:13,SharedTrackPage
FN:104,(anonymous_1)
FNF:2
FNH:0
FNDA:0,SharedTrackPage
FNDA:0,(anonymous_1)
DA:5,0
DA:7,0
DA:14,0
DA:16,0
DA:23,0
DA:24,0
DA:27,0
DA:28,0
DA:41,0
DA:42,0
DA:55,0
DA:56,0
DA:58,0
DA:104,0
LF:14
LH:0
BRDA:23,0,0,0
BRDA:23,0,1,0
BRDA:27,1,0,0
BRDA:27,1,1,0
BRDA:41,2,0,0
BRDA:41,2,1,0
BRDA:41,3,0,0
BRDA:41,3,1,0
BRDA:87,4,0,0
BRDA:87,4,1,0
BRF:10
BRH:0
end_of_record
TN:
SF:src/components/BatchUpload.tsx
FN:26,BatchUpload
FN:32,(anonymous_1)
FN:33,(anonymous_2)
FN:34,(anonymous_3)
FN:36,(anonymous_4)
FN:46,(anonymous_5)
FN:47,(anonymous_6)
FN:51,(anonymous_7)
FN:55,(anonymous_8)
FN:64,(anonymous_9)
FN:75,(anonymous_10)
FN:76,(anonymous_11)
FN:77,(anonymous_12)
FN:79,(anonymous_13)
FN:87,(anonymous_14)
FN:90,(anonymous_15)
FN:143,(anonymous_16)
FN:152,(anonymous_17)
FN:153,(anonymous_18)
FN:154,(anonymous_19)
FNF:20
FNH:16
FNDA:35,BatchUpload
FNDA:136,(anonymous_1)
FNDA:136,(anonymous_2)
FNDA:136,(anonymous_3)
FNDA:11,(anonymous_4)
FNDA:1,(anonymous_5)
FNDA:2,(anonymous_6)
FNDA:1,(anonymous_7)
FNDA:3,(anonymous_8)
FNDA:0,(anonymous_9)
FNDA:35,(anonymous_10)
FNDA:0,(anonymous_11)
FNDA:0,(anonymous_12)
FNDA:0,(anonymous_13)
FNDA:35,(anonymous_14)
FNDA:136,(anonymous_15)
FNDA:136,(anonymous_16)
FNDA:9,(anonymous_17)
FNDA:1,(anonymous_18)
FNDA:1,(anonymous_19)
DA:3,1
DA:4,1
DA:5,1
DA:6,1
DA:7,1
DA:26,1
DA:27,35
DA:28,35
DA:29,35
DA:32,136
DA:33,136
DA:34,136
DA:36,35
DA:37,11
DA:38,11
DA:39,1
DA:41,10
DA:43,11
DA:46,35
DA:47,2
DA:48,1
DA:51,35
DA:52,1
DA:55,35
DA:56,3
DA:58,3
DA:59,3
DA:60,3
DA:61,2
DA:64,2
DA:65,0
DA:66,0
DA:69,0
DA:70,0
DA:75,35
DA:76,35
DA:77,0
DA:78,0
DA:79,0
DA:87,35
DA:90,35
DA:91,136
DA:93,34
DA:95,34
DA:97,0
DA:99,68
DA:103,35
DA:144,136
DA:152,9
DA:153,1
DA:154,1
LF:51
LH:43
BRDA:38,0,0,1
BRDA:38,0,1,10
BRDA:56,1,0,0
BRDA:56,1,1,3
BRDA:78,2,0,0
BRDA:78,2,1,0
BRDA:81,3,0,0
BRDA:81,3,1,0
BRDA:91,4,0,34
BRDA:91,4,1,34
BRDA:91,4,2,0
BRDA:91,4,3,68
BRDA:137,5,0,1
BRDA:137,5,1,34
BRDA:148,6,0,21
BRDA:148,6,1,115
BRDA:151,7,0,34
BRDA:151,7,1,102
BRDA:153,8,0,1
BRDA:153,8,1,1
BRDA:154,9,0,1
BRDA:154,9,1,1
BRDA:162,10,0,136
BRDA:162,10,1,34
BRDA:163,11,0,34
BRDA:163,11,1,34
BRDA:166,12,0,34
BRDA:166,12,1,102
BRDA:167,13,0,34
BRDA:167,13,1,34
BRDA:173,14,0,136
BRDA:173,14,1,0
BRDA:173,14,2,0
BRDA:184,15,0,35
BRDA:184,15,1,16
BRDA:184,15,2,16
BRDA:187,16,0,3
BRDA:187,16,1,32
BRDA:195,17,0,23
BRDA:195,17,1,9
BRDA:200,18,0,35
BRDA:200,18,1,2
BRDA:207,19,0,35
BRDA:207,19,1,0
BRDA:216,20,0,35
BRDA:216,20,1,34
BRF:46
BRH:37
end_of_record
TN:
SF:src/components/ServiceWorkerRegister.tsx
FN:5,ServiceWorkerRegister
FN:6,(anonymous_1)
FN:10,(anonymous_2)
FN:13,(anonymous_3)
FNF:4
FNH:0
FNDA:0,ServiceWorkerRegister
FNDA:0,(anonymous_1)
FNDA:0,(anonymous_2)
FNDA:0,(anonymous_3)
DA:6,0
DA:7,0
DA:8,0
DA:11,0
DA:14,0
DA:19,0
LF:6
LH:0
BRDA:7,0,0,0
BRDA:7,0,1,0
BRF:2
BRH:0
end_of_record
TN:
SF:src/components/audio/BeforeAfterPlayer.tsx
FN:23,BeforeAfterPlayer
FN:34,(anonymous_1)
FN:43,(anonymous_2)
FN:54,(anonymous_3)
FN:58,(anonymous_4)
FN:88,(anonymous_5)
FN:108,(anonymous_6)
FN:120,(anonymous_7)
FN:146,(anonymous_8)
FN:158,(anonymous_9)
FN:188,(anonymous_10)
FN:197,(anonymous_11)
FN:201,(anonymous_12)
FN:210,(anonymous_13)
FN:263,(anonymous_14)
FN:274,(anonymous_15)
FNF:16
FNH:0
FNDA:0,BeforeAfterPlayer
FNDA:0,(anonymous_1)
FNDA:0,(anonymous_2)
FNDA:0,(anonymous_3)
FNDA:0,(anonymous_4)
FNDA:0,(anonymous_5)
FNDA:0,(anonymous_6)
FNDA:0,(anonymous_7)
FNDA:0,(anonymous_8)
FNDA:0,(anonymous_9)
FNDA:0,(anonymous_10)
FNDA:0,(anonymous_11)
FNDA:0,(anonymous_12)
FNDA:0,(anonymous_13)
FNDA:0,(anonymous_14)
FNDA:0,(anonymous_15)
DA:24,0
DA:25,0
DA:26,0
DA:27,0
DA:29,0
DA:31,0
DA:32,0
DA:34,0
DA:35,0
DA:36,0
DA:38,0
DA:39,0
DA:43,0
DA:44,0
DA:45,0
DA:46,0
DA:48,0
DA:49,0
DA:51,0
DA:54,0
DA:55,0
DA:58,0
DA:59,0
DA:88,0
DA:108,0
DA:121,0
DA:146,0
DA:159,0
DA:188,0
DA:189,0
DA:198,0
DA:201,0
DA:211,0
DA:257,0
DA:263,0
DA:274,0
LF:36
LH:0
BRDA:35,0,0,0
BRDA:35,0,1,0
BRDA:38,1,0,0
BRDA:38,1,1,0
BRDA:44,2,0,0
BRDA:44,2,1,0
BRDA:45,3,0,0
BRDA:45,3,1,0
BRDA:45,4,0,0
BRDA:45,4,1,0
BRDA:46,5,0,0
BRDA:46,5,1,0
BRDA:46,6,0,0
BRDA:46,6,1,0
BRDA:48,7,0,0
BRDA:48,7,1,0
BRDA:48,8,0,0
BRDA:48,8,1,0
BRDA:49,9,0,0
BRDA:49,9,1,0
BRDA:49,10,0,0
BRDA:49,10,1,0
BRDA:72,11,0,0
BRDA:72,11,1,0
BRDA:80,12,0,0
BRDA:80,12,1,0
BRDA:80,13,0,0
BRDA:80,13,1,0
BRDA:98,14,0,0
BRDA:98,14,1,0
BRDA:136,15,0,0
BRDA:136,15,1,0
BRDA:197,16,0,0
BRDA:197,16,1,0
BRDA:223,17,0,0
BRDA:223,17,1,0
BRDA:265,18,0,0
BRDA:265,18,1,0
BRDA:276,19,0,0
BRDA:276,19,1,0
BRDA:286,20,0,0
BRDA:286,20,1,0
BRDA:289,21,0,0
BRDA:289,21,1,0
BRDA:289,22,0,0
BRDA:289,22,1,0
BRDA:289,23,0,0
BRDA:289,23,1,0
BRDA:294,24,0,0
BRDA:294,24,1,0
BRDA:294,25,0,0
BRDA:294,25,1,0
BRDA:294,26,0,0
BRDA:294,26,1,0
BRF:54
BRH:0
end_of_record
TN:
SF:src/components/auth/AuthLayout.tsx
FN:7,AuthLayout
FN:14,(anonymous_1)
FNF:2
FNH:0
FNDA:0,AuthLayout
FNDA:0,(anonymous_1)
DA:12,0
DA:14,0
DA:15,0
DA:18,0
DA:20,0
LF:5
LH:0
BRDA:18,0,0,0
BRDA:18,0,1,0
BRDA:69,1,0,0
BRDA:69,1,1,0
BRF:4
BRH:0
end_of_record
TN:
SF:src/components/sections/FAQ.tsx
FN:34,FAQ
FN:66,(anonymous_1)
FN:77,(anonymous_2)
FNF:3
FNH:0
FNDA:0,FAQ
FNDA:0,(anonymous_1)
FNDA:0,(anonymous_2)
DA:7,0
DA:35,0
DA:37,0
DA:67,0
DA:77,0
LF:5
LH:0
BRDA:77,0,0,0
BRDA:77,0,1,0
BRDA:84,1,0,0
BRDA:84,1,1,0
BRDA:93,2,0,0
BRDA:93,2,1,0
BRF:6
BRH:0
end_of_record
TN:
SF:src/components/sections/FeatureRack.tsx
FN:63,FeatureRack
FN:97,(anonymous_1)
FNF:2
FNH:0
FNDA:0,FeatureRack
FNDA:0,(anonymous_1)
DA:6,0
DA:64,0
DA:98,0
LF:3
LH:0
BRDA:109,0,0,0
BRDA:109,0,1,0
BRDA:111,1,0,0
BRDA:111,1,1,0
BRDA:113,2,0,0
BRDA:113,2,1,0
BRF:6
BRH:0
end_of_record
TN:
SF:src/components/sections/Footer.tsx
FN:33,Footer
FN:62,(anonymous_1)
FN:79,(anonymous_2)
FN:95,(anonymous_3)
FN:111,(anonymous_4)
FNF:5
FNH:0
FNDA:0,Footer
FNDA:0,(anonymous_1)
FNDA:0,(anonymous_2)
FNDA:0,(anonymous_3)
FNDA:0,(anonymous_4)
DA:6,0
DA:26,0
DA:34,0
DA:36,0
DA:63,0
DA:80,0
DA:96,0
DA:112,0
LF:8
LH:0
BRF:0
BRH:0
end_of_record
TN:
SF:src/components/sections/HeroConsole.tsx
FN:10,HeroConsole
FN:13,(anonymous_1)
FN:135,(anonymous_2)
FN:188,(anonymous_3)
FNF:4
FNH:0
FNDA:0,HeroConsole
FNDA:0,(anonymous_1)
FNDA:0,(anonymous_2)
FNDA:0,(anonymous_3)
DA:11,0
DA:13,0
DA:14,0
DA:17,0
DA:136,0
DA:189,0
LF:6
LH:0
BRDA:14,0,0,0
BRDA:14,0,1,0
BRDA:14,1,0,0
BRDA:14,1,1,0
BRDA:148,2,0,0
BRDA:148,2,1,0
BRDA:148,3,0,0
BRDA:148,3,1,0
BRF:8
BRH:0
end_of_record
TN:
SF:src/components/sections/HowItWorks.tsx
FN:29,HowItWorks
FN:59,(anonymous_1)
FNF:2
FNH:0
FNDA:0,HowItWorks
FNDA:0,(anonymous_1)
DA:6,0
DA:30,0
DA:60,0
LF:3
LH:0
BRDA:86,0,0,0
BRDA:86,0,1,0
BRF:2
BRH:0
end_of_record
TN:
SF:src/components/sections/LandingNav.tsx
FN:9,LandingNav
FN:21,(anonymous_1)
FN:22,(anonymous_2)
FN:27,(anonymous_3)
FN:60,(anonymous_4)
FN:94,(anonymous_5)
FN:113,(anonymous_6)
FN:137,(anonymous_7)
FN:141,(anonymous_8)
FN:152,(anonymous_9)
FN:160,(anonymous_10)
FNF:11
FNH:0
FNDA:0,LandingNav
FNDA:0,(anonymous_1)
FNDA:0,(anonymous_2)
FNDA:0,(anonymous_3)
FNDA:0,(anonymous_4)
FNDA:0,(anonymous_5)
FNDA:0,(anonymous_6)
FNDA:0,(anonymous_7)
FNDA:0,(anonymous_8)
FNDA:0,(anonymous_9)
FNDA:0,(anonymous_10)
DA:10,0
DA:11,0
DA:14,0
DA:21,0
DA:22,0
DA:23,0
DA:26,0
DA:27,0
DA:30,0
DA:61,0
DA:94,0
DA:113,0
DA:138,0
DA:141,0
DA:152,0
DA:160,0
LF:16
LH:0
BRDA:34,0,0,0
BRDA:34,0,1,0
BRDA:97,1,0,0
BRDA:97,1,1,0
BRDA:99,2,0,0
BRDA:99,2,1,0
BRDA:106,3,0,0
BRDA:106,3,1,0
BRF:8
BRH:0
end_of_record
TN:
SF:src/components/sections/PricingCard.tsx
FN:57,PricingCard
FN:87,(anonymous_1)
FN:130,(anonymous_2)
FNF:3
FNH:0
FNDA:0,PricingCard
FNDA:0,(anonymous_1)
FNDA:0,(anonymous_2)
DA:6,0
DA:58,0
DA:88,0
DA:131,0
LF:4
LH:0
BRDA:94,0,0,0
BRDA:94,0,1,0
BRDA:97,1,0,0
BRDA:97,1,1,0
BRDA:108,2,0,0
BRDA:108,2,1,0
BRDA:144,3,0,0
BRDA:144,3,1,0
BRF:8
BRH:0
end_of_record
TN:
SF:src/components/sections/PricingSection.tsx
FN:14,PricingSection
FN:17,(anonymous_1)
FN:57,(anonymous_2)
FN:94,(anonymous_3)
FN:104,(anonymous_4)
FNF:5
FNH:0
FNDA:0,PricingSection
FNDA:0,(anonymous_1)
FNDA:0,(anonymous_2)
FNDA:0,(anonymous_3)
FNDA:0,(anonymous_4)
DA:8,0
DA:15,0
DA:17,0
DA:18,0
DA:20,0
DA:21,0
DA:22,0
DA:28,0
DA:29,0
DA:30,0
DA:33,0
DA:35,0
DA:39,0
DA:58,0
DA:59,0
DA:60,0
DA:62,0
DA:95,0
DA:104,0
LF:19
LH:0
BRDA:18,0,0,0
BRDA:18,0,1,0
BRDA:29,1,0,0
BRDA:29,1,1,0
BRDA:71,2,0,0
BRDA:71,2,1,0
BRDA:74,3,0,0
BRDA:74,3,1,0
BRDA:87,4,0,0
BRDA:87,4,1,0
BRDA:88,5,0,0
BRDA:88,5,1,0
BRDA:108,6,0,0
BRDA:108,6,1,0
BRDA:112,7,0,0
BRDA:112,7,1,0
BRDA:115,8,0,0
BRDA:115,8,1,0
BRDA:115,9,0,0
BRDA:115,9,1,0
BRF:20
BRH:0
end_of_record
TN:
SF:src/components/sections/Testimonials.tsx
FN:40,Testimonials
FN:74,(anonymous_1)
FN:89,(anonymous_2)
FN:125,(anonymous_3)
FNF:4
FNH:0
FNDA:0,Testimonials
FNDA:0,(anonymous_1)
FNDA:0,(anonymous_2)
FNDA:0,(anonymous_3)
DA:6,0
DA:36,0
DA:41,0
DA:75,0
DA:90,0
DA:126,0
LF:6
LH:0
BRF:0
BRH:0
end_of_record
TN:
SF:src/components/sections/UploadDemo.tsx
FN:22,UploadDemo
FN:35,(anonymous_1)
FN:36,(anonymous_2)
FN:43,(anonymous_3)
FN:53,(anonymous_4)
FN:78,(anonymous_5)
FN:79,(anonymous_6)
FN:81,(anonymous_7)
FN:82,(anonymous_8)
FN:84,(anonymous_9)
FN:85,(anonymous_10)
FN:87,(anonymous_11)
FN:88,(anonymous_12)
FN:99,(anonymous_13)
FN:105,(anonymous_14)
FN:111,(anonymous_15)
FN:122,(anonymous_16)
FN:129,(anonymous_17)
FN:133,(anonymous_18)
FN:140,(anonymous_19)
FN:235,(anonymous_20)
FNF:21
FNH:0
FNDA:0,UploadDemo
FNDA:0,(anonymous_1)
FNDA:0,(anonymous_2)
FNDA:0,(anonymous_3)
FNDA:0,(anonymous_4)
FNDA:0,(anonymous_5)
FNDA:0,(anonymous_6)
FNDA:0,(anonymous_7)
FNDA:0,(anonymous_8)
FNDA:0,(anonymous_9)
FNDA:0,(anonymous_10)
FNDA:0,(anonymous_11)
FNDA:0,(anonymous_12)
FNDA:0,(anonymous_13)
FNDA:0,(anonymous_14)
FNDA:0,(anonymous_15)
FNDA:0,(anonymous_16)
FNDA:0,(anonymous_17)
FNDA:0,(anonymous_18)
FNDA:0,(anonymous_19)
FNDA:0,(anonymous_20)
DA:19,0
DA:20,0
DA:23,0
DA:24,0
DA:31,0
DA:32,0
DA:35,0
DA:36,0
DA:37,0
DA:38,0
DA:43,0
DA:44,0
DA:45,0
DA:47,0
DA:48,0
DA:50,0
DA:53,0
DA:54,0
DA:55,0
DA:56,0
DA:63,0
DA:67,0
DA:69,0
DA:78,0
DA:79,0
DA:81,0
DA:82,0
DA:84,0
DA:85,0
DA:87,0
DA:88,0
DA:91,0
DA:94,0
DA:95,0
DA:99,0
DA:100,0
DA:101,0
DA:102,0
DA:105,0
DA:106,0
DA:107,0
DA:108,0
DA:111,0
DA:112,0
DA:113,0
DA:114,0
DA:116,0
DA:117,0
DA:118,0
DA:122,0
DA:123,0
DA:124,0
DA:125,0
DA:129,0
DA:130,0
DA:133,0
DA:134,0
DA:135,0
DA:136,0
DA:140,0
DA:141,0
DA:142,0
DA:144,0
DA:151,0
DA:152,0
DA:156,0
DA:158,0
DA:236,0
DA:237,0
LF:69
LH:0
BRDA:37,0,0,0
BRDA:37,0,1,0
BRDA:44,1,0,0
BRDA:44,1,1,0
BRDA:47,2,0,0
BRDA:47,2,1,0
BRDA:55,3,0,0
BRDA:55,3,1,0
BRDA:94,4,0,0
BRDA:94,4,1,0
BRDA:117,5,0,0
BRDA:117,5,1,0
BRDA:124,6,0,0
BRDA:124,6,1,0
BRDA:124,7,0,0
BRDA:124,7,1,0
BRDA:130,8,0,0
BRDA:130,8,1,0
BRDA:130,9,0,0
BRDA:130,9,1,0
BRDA:134,10,0,0
BRDA:134,10,1,0
BRDA:134,11,0,0
BRDA:134,11,1,0
BRDA:141,12,0,0
BRDA:141,12,1,0
BRDA:151,13,0,0
BRDA:151,13,1,0
BRDA:156,14,0,0
BRDA:156,14,1,0
BRDA:161,15,0,0
BRDA:161,15,1,0
BRDA:161,16,0,0
BRDA:161,16,1,0
BRDA:190,17,0,0
BRDA:190,17,1,0
BRDA:215,18,0,0
BRDA:215,18,1,0
BRDA:225,19,0,0
BRDA:225,19,1,0
BRDA:244,20,0,0
BRDA:244,20,1,0
BRDA:244,20,2,0
BRDA:271,21,0,0
BRDA:271,21,1,0
BRDA:271,22,0,0
BRDA:271,22,1,0
BRDA:273,23,0,0
BRDA:273,23,1,0
BRDA:290,24,0,0
BRDA:290,24,1,0
BRDA:291,25,0,0
BRDA:291,25,1,0
BRDA:307,26,0,0
BRDA:307,26,1,0
BRDA:307,26,2,0
BRDA:331,27,0,0
BRDA:331,27,1,0
BRF:58
BRH:0
end_of_record
TN:
SF:src/components/ui/Oscilloscope.tsx
FN:10,Oscilloscope
FN:11,(anonymous_1)
FN:19,(anonymous_2)
FNF:3
FNH:0
FNDA:0,Oscilloscope
FNDA:0,(anonymous_1)
FNDA:0,(anonymous_2)
DA:11,0
DA:13,0
DA:20,0
LF:3
LH:0
BRDA:10,0,0,0
BRDA:10,1,0,0
BRDA:24,2,0,0
BRDA:24,2,1,0
BRF:4
BRH:0
end_of_record
TN:
SF:src/components/ui/button.tsx
FN:40,(anonymous_1)
FNF:1
FNH:0
FNDA:0,(anonymous_1)
DA:7,0
DA:39,0
DA:40,0
DA:41,0
DA:50,0
LF:5
LH:0
BRF:0
BRH:0
end_of_record
TN:
SF:src/components/ui/card.tsx
FN:9,(anonymous_1)
FN:24,(anonymous_2)
FN:36,(anonymous_3)
FN:51,(anonymous_4)
FN:63,(anonymous_5)
FNF:5
FNH:0
FNDA:0,(anonymous_1)
FNDA:0,(anonymous_2)
FNDA:0,(anonymous_3)
FNDA:0,(anonymous_4)
FNDA:0,(anonymous_5)
DA:6,0
DA:9,0
DA:19,0
DA:21,0
DA:24,0
DA:31,0
DA:33,0
DA:36,0
DA:46,0
DA:48,0
DA:51,0
DA:58,0
DA:60,0
DA:63,0
DA:66,0
LF:15
LH:0
BRF:0
BRH:0
end_of_record
TN:
SF:src/components/ui/progress.tsx
FN:12,(anonymous_1)
FNF:1
FNH:0
FNDA:0,(anonymous_1)
DA:11,0
DA:12,0
DA:13,0
DA:15,0
DA:32,0
LF:5
LH:0
BRDA:12,0,0,0
BRDA:12,1,0,0
BRF:2
BRH:0
end_of_record
TN:
SF:src/lib/audio-queue.ts
FN:41,addAudioJob
FN:48,getJobProgress
FN:54,(anonymous_2)
FNF:3
FNH:0
FNDA:0,addAudioJob
FNDA:0,getJobProgress
FNDA:0,(anonymous_2)
DA:3,0
DA:8,0
DA:30,0
DA:42,0
DA:45,0
DA:53,0
DA:54,0
DA:56,0
DA:58,0
LF:9
LH:0
BRDA:4,0,0,0
BRDA:4,0,1,0
BRDA:5,1,0,0
BRDA:5,1,1,0
BRDA:45,2,0,0
BRDA:45,2,1,0
BRDA:56,3,0,0
BRDA:56,3,1,0
BRDA:60,4,0,0
BRDA:60,4,1,0
BRDA:61,5,0,0
BRDA:61,5,1,0
BRF:12
BRH:0
end_of_record
TN:
SF:src/lib/cache.ts
FN:8,(anonymous_1)
FN:43,(anonymous_2)
FN:61,(anonymous_3)
FN:84,(anonymous_4)
FN:106,(anonymous_5)
FN:113,(anonymous_6)
FN:130,(anonymous_7)
FN:146,(anonymous_8)
FN:171,(anonymous_9)
FN:187,processWithCache
FNF:10
FNH:9
FNDA:0,(anonymous_1)
FNDA:17,(anonymous_2)
FNDA:4,(anonymous_3)
FNDA:2,(anonymous_4)
FNDA:5,(anonymous_5)
FNDA:2,(anonymous_6)
FNDA:1,(anonymous_7)
FNDA:1,(anonymous_8)
FNDA:1,(anonymous_9)
FNDA:2,processWithCache
DA:1,1
DA:2,1
DA:5,1
DA:9,0
DA:10,0
DA:35,1
DA:37,1
DA:49,17
DA:50,17
DA:53,17
DA:55,17
DA:66,4
DA:67,4
DA:68,4
DA:70,4
DA:71,2
DA:74,2
DA:76,0
DA:77,0
DA:90,2
DA:91,2
DA:92,2
DA:97,2
DA:99,0
DA:107,5
DA:118,2
DA:119,2
DA:120,2
DA:122,0
DA:123,0
DA:135,1
DA:136,1
DA:137,1
DA:139,0
DA:150,1
DA:151,1
DA:152,1
DA:155,1
DA:156,1
DA:158,1
DA:163,0
DA:164,0
DA:172,1
DA:173,1
DA:174,1
DA:175,1
DA:178,0
DA:187,1
DA:201,2
DA:207,2
DA:208,1
DA:209,1
DA:212,1
DA:215,1
DA:218,1
DA:229,1
DA:233,1
LF:57
LH:46
BRDA:5,0,0,1
BRDA:5,0,1,1
BRDA:70,1,0,2
BRDA:70,1,1,2
BRDA:156,2,0,1
BRDA:156,2,1,0
BRDA:174,3,0,1
BRDA:174,3,1,0
BRDA:207,4,0,1
BRDA:207,4,1,1
BRF:10
BRH:8
end_of_record
TN:
SF:src/lib/csrf.ts
FN:8,(anonymous_0)
FN:16,(anonymous_1)
FN:32,csrfMiddleware
FN:33,(anonymous_3)
FNF:4
FNH:0
FNDA:0,(anonymous_0)
FNDA:0,(anonymous_1)
FNDA:0,csrfMiddleware
FNDA:0,(anonymous_3)
DA:6,0
DA:9,0
DA:10,0
DA:13,0
DA:17,0
DA:18,0
DA:19,0
DA:20,0
DA:24,0
DA:26,0
DA:33,0
DA:34,0
DA:35,0
DA:36,0
DA:39,0
DA:41,0
DA:45,0
LF:17
LH:0
BRDA:24,0,0,0
BRDA:24,0,1,0
BRDA:6,1,0,0
BRDA:6,1,1,0
BRDA:34,2,0,0
BRDA:34,2,1,0
BRDA:36,3,0,0
BRDA:36,3,1,0
BRDA:37,4,0,0
BRDA:37,4,1,0
BRDA:37,5,0,0
BRDA:37,5,1,0
BRDA:39,6,0,0
BRDA:39,6,1,0
BRDA:39,7,0,0
BRDA:39,7,1,0
BRDA:39,7,2,0
BRF:17
BRH:0
end_of_record
TN:
SF:src/lib/fileValidation.ts
FN:8,validateAudioFile
FN:37,validateWavHeader
FNF:2
FNH:2
FNDA:8,validateAudioFile
FNDA:7,validateWavHeader
DA:1,1
DA:8,1
DA:13,8
DA:14,8
DA:16,8
DA:17,2
DA:21,6
DA:22,6
DA:23,0
DA:27,6
DA:28,3
DA:29,3
DA:30,1
DA:34,5
DA:37,1
DA:39,7
DA:41,1
DA:45,6
DA:47,3
DA:50,3
LF:20
LH:19
BRDA:16,0,0,2
BRDA:16,0,1,6
BRDA:16,1,0,8
BRDA:16,1,1,7
BRDA:22,2,0,0
BRDA:22,2,1,6
BRDA:27,3,0,3
BRDA:27,3,1,3
BRDA:29,4,0,1
BRDA:29,4,1,2
BRDA:39,5,0,1
BRDA:39,5,1,6
BRDA:39,6,0,7
BRDA:39,6,1,6
BRDA:39,6,2,6
BRDA:39,6,3,6
BRDA:45,7,0,3
BRDA:45,7,1,3
BRDA:45,8,0,6
BRDA:45,8,1,3
BRDA:45,8,2,3
BRDA:45,8,3,3
BRF:22
BRH:21
end_of_record
TN:
SF:src/lib/monitoring.ts
FN:37,log
FN:73,(anonymous_1)
FN:75,(anonymous_2)
FN:77,(anonymous_3)
FN:79,(anonymous_4)
FN:86,recordMetric
FN:111,getLogs
FN:119,(anonymous_7)
FN:123,(anonymous_8)
FN:132,getMetrics
FN:137,(anonymous_10)
FN:140,(anonymous_11)
FN:147,withErrorHandling
FN:151,(anonymous_13)
FN:166,withPerformanceMonitoring
FN:170,(anonymous_15)
FN:175,(anonymous_16)
FN:191,GET
FNF:18
FNH:0
FNDA:0,log
FNDA:0,(anonymous_1)
FNDA:0,(anonymous_2)
FNDA:0,(anonymous_3)
FNDA:0,(anonymous_4)
FNDA:0,recordMetric
FNDA:0,getLogs
FNDA:0,(anonymous_7)
FNDA:0,(anonymous_8)
FNDA:0,getMetrics
FNDA:0,(anonymous_10)
FNDA:0,(anonymous_11)
FNDA:0,withErrorHandling
FNDA:0,(anonymous_13)
FNDA:0,withPerformanceMonitoring
FNDA:0,(anonymous_15)
FNDA:0,(anonymous_16)
FNDA:0,GET
DA:20,0
DA:21,0
DA:24,0
DA:27,0
DA:43,0
DA:52,0
DA:55,0
DA:56,0
DA:60,0
DA:61,0
DA:62,0
DA:72,0
DA:74,0
DA:76,0
DA:78,0
DA:80,0
DA:92,0
DA:100,0
DA:103,0
DA:104,0
DA:116,0
DA:118,0
DA:119,0
DA:122,0
DA:123,0
DA:126,0
DA:137,0
DA:139,0
DA:140,0
DA:143,0
DA:151,0
DA:152,0
DA:153,0
DA:155,0
DA:160,0
DA:170,0
DA:171,0
DA:172,0
DA:174,0
DA:175,0
DA:176,0
DA:177,0
DA:178,0
DA:179,0
DA:183,0
DA:184,0
DA:185,0
DA:192,0
DA:193,0
DA:194,0
DA:195,0
DA:197,0
DA:199,0
LF:53
LH:0
BRDA:55,0,0,0
BRDA:55,0,1,0
BRDA:60,1,0,0
BRDA:60,1,1,0
BRDA:61,2,0,0
BRDA:61,2,1,0
BRDA:62,3,0,0
BRDA:62,3,1,0
BRDA:103,4,0,0
BRDA:103,4,1,0
BRDA:112,5,0,0
BRDA:118,6,0,0
BRDA:118,6,1,0
BRDA:122,7,0,0
BRDA:122,7,1,0
BRDA:135,8,0,0
BRDA:139,9,0,0
BRDA:139,9,1,0
BRDA:155,10,0,0
BRDA:155,10,1,0
BRDA:156,11,0,0
BRDA:156,11,1,0
BRDA:157,12,0,0
BRDA:157,12,1,0
BRDA:174,13,0,0
BRDA:174,13,1,0
BRDA:178,14,0,0
BRDA:178,14,1,0
BRDA:195,15,0,0
BRDA:195,15,1,0
BRDA:197,16,0,0
BRDA:197,16,1,0
BRDA:197,17,0,0
BRDA:197,17,1,0
BRF:34
BRH:0
end_of_record
TN:
SF:src/lib/prisma.ts
FN:7,(anonymous_0)
FNF:1
FNH:0
FNDA:0,(anonymous_0)
DA:7,0
DA:8,0
DA:11,0
DA:13,0
DA:14,0
LF:5
LH:0
BRDA:11,0,0,0
BRDA:11,0,1,0
BRDA:11,1,0,0
BRDA:11,1,1,0
BRDA:13,2,0,0
BRDA:13,2,1,0
BRF:6
BRH:0
end_of_record
TN:
SF:src/lib/rateLimiter.ts
FN:17,checkRateLimit
FN:40,rateLimitMiddleware
FN:41,(anonymous_2)
FNF:3
FNH:0
FNDA:0,checkRateLimit
FNDA:0,rateLimitMiddleware
FNDA:0,(anonymous_2)
DA:3,0
DA:11,0
DA:22,0
DA:23,0
DA:25,0
DA:26,0
DA:27,0
DA:30,0
DA:32,0
DA:41,0
DA:43,0
DA:44,0
DA:48,0
DA:49,0
DA:51,0
DA:52,0
DA:53,0
DA:55,0
DA:56,0
DA:67,0
DA:68,0
DA:69,0
DA:70,0
DA:73,0
LF:24
LH:0
BRDA:3,0,0,0
BRDA:3,0,1,0
BRDA:26,1,0,0
BRDA:26,1,1,0
BRDA:43,2,0,0
BRDA:43,2,1,0
BRDA:49,3,0,0
BRDA:49,3,1,0
BRDA:51,4,0,0
BRDA:51,4,1,0
BRDA:55,5,0,0
BRDA:55,5,1,0
BRF:12
BRH:0
end_of_record
TN:
SF:src/lib/storage.ts
FN:24,(anonymous_0)
FN:43,(anonymous_1)
FN:99,(anonymous_2)
FN:111,(anonymous_3)
FN:136,(anonymous_4)
FNF:5
FNH:0
FNDA:0,(anonymous_0)
FNDA:0,(anonymous_1)
FNDA:0,(anonymous_2)
FNDA:0,(anonymous_3)
FNDA:0,(anonymous_4)
DA:10,0
DA:18,0
DA:19,0
DA:25,0
DA:32,0
DA:33,0
DA:50,0
DA:51,0
DA:53,0
DA:55,0
DA:57,0
DA:67,0
DA:69,0
DA:77,0
DA:78,0
DA:80,0
DA:83,0
DA:85,0
DA:100,0
DA:101,0
DA:103,0
DA:112,0
DA:113,0
DA:120,0
DA:121,0
DA:122,0
DA:125,0
DA:137,0
DA:139,0
DA:142,0
DA:147,0
DA:152,0
LF:32
LH:0
BRDA:11,0,0,0
BRDA:11,0,1,0
BRDA:13,1,0,0
BRDA:13,1,1,0
BRDA:14,2,0,0
BRDA:14,2,1,0
BRDA:18,3,0,0
BRDA:18,3,1,0
BRDA:26,4,0,0
BRDA:26,4,1,0
BRDA:26,4,2,0
BRDA:32,5,0,0
BRDA:32,5,1,0
BRDA:50,6,0,0
BRDA:50,6,1,0
BRDA:53,7,0,0
BRDA:53,7,1,0
BRDA:100,8,0,0
BRDA:100,8,1,0
BRDA:112,9,0,0
BRDA:112,9,1,0
BRDA:136,10,0,0
BRDA:137,11,0,0
BRDA:137,11,1,0
BRF:24
BRH:0
end_of_record
TN:
SF:src/lib/stripe.ts
FNF:0
FNH:0
DA:3,0
DA:4,0
DA:7,0
DA:11,0
LF:4
LH:0
BRDA:3,0,0,0
BRDA:3,0,1,0
BRDA:33,1,0,0
BRDA:33,1,1,0
BRDA:52,2,0,0
BRDA:52,2,1,0
BRF:6
BRH:0
end_of_record
TN:
SF:src/lib/useProgress.ts
FN:13,useProgress
FN:20,(anonymous_1)
FN:41,(anonymous_2)
FN:46,(anonymous_3)
FN:51,(anonymous_4)
FN:64,(anonymous_5)
FN:69,(anonymous_6)
FN:82,(anonymous_7)
FNF:8
FNH:0
FNDA:0,useProgress
FNDA:0,(anonymous_1)
FNDA:0,(anonymous_2)
FNDA:0,(anonymous_3)
FNDA:0,(anonymous_4)
FNDA:0,(anonymous_5)
FNDA:0,(anonymous_6)
FNDA:0,(anonymous_7)
DA:14,0
DA:15,0
DA:16,0
DA:17,0
DA:18,0
DA:20,0
DA:21,0
DA:22,0
DA:33,0
DA:34,0
DA:37,0
DA:41,0
DA:42,0
DA:44,0
DA:46,0
DA:47,0
DA:48,0
DA:51,0
DA:52,0
DA:53,0
DA:55,0
DA:56,0
DA:57,0
DA:58,0
DA:60,0
DA:64,0
DA:65,0
DA:66,0
DA:69,0
DA:70,0
DA:71,0
DA:73,0
DA:75,0
DA:76,0
DA:77,0
DA:82,0
DA:83,0
DA:84,0
DA:88,0
LF:39
LH:0
BRDA:33,0,0,0
BRDA:33,0,1,0
BRDA:42,1,0,0
BRDA:42,1,1,0
BRDA:57,2,0,0
BRDA:57,2,1,0
BRDA:58,3,0,0
BRDA:58,3,1,0
BRDA:70,4,0,0
BRDA:70,4,1,0
BRF:10
BRH:0
end_of_record
TN:
SF:src/lib/utils.ts
FN:4,cn
FNF:1
FNH:0
FNDA:0,cn
DA:5,0
LF:1
LH:0
BRF:0
BRH:0
end_of_record
TN:
SF:src/lib/websocket.ts
FN:21,useWebSocket
FN:37,(anonymous_1)
FN:41,(anonymous_2)
FN:47,(anonymous_3)
FN:57,(anonymous_4)
FN:63,(anonymous_5)
FN:70,(anonymous_6)
FN:84,(anonymous_7)
FN:87,(anonymous_8)
FN:98,(anonymous_9)
FN:115,useTrackProgress
FN:124,(anonymous_11)
FN:153,useBroadcastChannel
FN:157,(anonymous_13)
FN:160,(anonymous_14)
FN:164,(anonymous_15)
FN:169,(anonymous_16)
FNF:17
FNH:0
FNDA:0,useWebSocket
FNDA:0,(anonymous_1)
FNDA:0,(anonymous_2)
FNDA:0,(anonymous_3)
FNDA:0,(anonymous_4)
FNDA:0,(anonymous_5)
FNDA:0,(anonymous_6)
FNDA:0,(anonymous_7)
FNDA:0,(anonymous_8)
FNDA:0,(anonymous_9)
FNDA:0,useTrackProgress
FNDA:0,(anonymous_11)
FNDA:0,useBroadcastChannel
FNDA:0,(anonymous_13)
FNDA:0,(anonymous_14)
FNDA:0,(anonymous_15)
FNDA:0,(anonymous_16)
DA:28,0
DA:30,0
DA:31,0
DA:32,0
DA:34,0
DA:35,0
DA:37,0
DA:38,0
DA:39,0
DA:41,0
DA:42,0
DA:43,0
DA:44,0
DA:47,0
DA:48,0
DA:49,0
DA:50,0
DA:51,0
DA:53,0
DA:57,0
DA:58,0
DA:59,0
DA:60,0
DA:63,0
DA:64,0
DA:65,0
DA:66,0
DA:69,0
DA:70,0
DA:71,0
DA:72,0
DA:77,0
DA:79,0
DA:80,0
DA:84,0
DA:85,0
DA:87,0
DA:89,0
DA:90,0
DA:92,0
DA:93,0
DA:98,0
DA:99,0
DA:100,0
DA:102,0
DA:106,0
DA:116,0
DA:117,0
DA:118,0
DA:119,0
DA:121,0
DA:125,0
DA:126,0
DA:127,0
DA:129,0
DA:130,0
DA:132,0
DA:133,0
DA:135,0
DA:136,0
DA:143,0
DA:154,0
DA:155,0
DA:157,0
DA:158,0
DA:160,0
DA:161,0
DA:164,0
DA:165,0
DA:169,0
DA:170,0
DA:173,0
LF:72
LH:0
BRDA:21,0,0,0
BRDA:26,1,0,0
BRDA:27,2,0,0
BRDA:51,3,0,0
BRDA:51,3,1,0
BRDA:51,4,0,0
BRDA:51,4,1,0
BRDA:60,5,0,0
BRDA:60,5,1,0
BRDA:60,6,0,0
BRDA:60,6,1,0
BRDA:66,7,0,0
BRDA:66,7,1,0
BRDA:66,8,0,0
BRDA:66,8,1,0
BRDA:69,9,0,0
BRDA:69,9,1,0
BRDA:89,10,0,0
BRDA:89,10,1,0
BRDA:92,11,0,0
BRDA:92,11,1,0
BRDA:99,12,0,0
BRDA:99,12,1,0
BRDA:99,13,0,0
BRDA:99,13,1,0
BRDA:99,14,0,0
BRDA:99,14,1,0
BRDA:122,15,0,0
BRDA:122,15,1,0
BRDA:125,16,0,0
BRDA:125,16,1,0
BRDA:126,17,0,0
BRDA:126,17,1,0
BRDA:129,18,0,0
BRDA:129,18,1,0
BRDA:132,19,0,0
BRDA:132,19,1,0
BRDA:135,20,0,0
BRDA:135,20,1,0
BRDA:165,21,0,0
BRDA:165,21,1,0
BRDA:165,22,0,0
BRDA:165,22,1,0
BRDA:170,23,0,0
BRDA:170,23,1,0
BRDA:170,24,0,0
BRDA:170,24,1,0
BRF:47
BRH:0
end_of_record
TN:
SF:src/lib/ai/audioMixer.ts
FN:53,analyzeAudio
FN:63,calculateEqCurve
FN:75,processAudio
FN:151,generateProcessingSteps
FN:162,simulateProcessing
FN:189,(anonymous_5)
FNF:6
FNH:2
FNDA:5,analyzeAudio
FNDA:0,calculateEqCurve
FNDA:4,processAudio
FNDA:0,generateProcessingSteps
FNDA:0,simulateProcessing
FNDA:0,(anonymous_5)
DA:1,2
DA:2,2
DA:3,2
DA:53,2
DA:54,5
DA:63,2
DA:64,0
DA:75,2
DA:79,4
DA:80,4
DA:82,4
DA:84,4
DA:85,0
DA:88,4
DA:89,0
DA:93,4
DA:107,4
DA:108,0
DA:116,0
DA:117,0
DA:118,0
DA:120,0
DA:121,0
DA:126,4
DA:127,2
DA:128,2
DA:135,2
DA:136,2
DA:139,2
DA:140,2
DA:141,2
DA:143,0
DA:144,0
DA:148,4
DA:151,2
DA:152,0
DA:162,2
DA:166,0
DA:167,0
DA:170,0
DA:171,0
DA:179,0
DA:180,0
DA:187,0
DA:188,0
DA:189,0
DA:193,0
DA:194,0
LF:48
LH:25
BRDA:84,0,0,0
BRDA:84,0,1,4
BRDA:88,1,0,0
BRDA:88,1,1,4
BRDA:107,2,0,0
BRDA:107,2,1,4
BRDA:109,3,0,0
BRDA:109,3,1,0
BRDA:109,4,0,0
BRDA:109,4,1,0
BRDA:109,5,0,0
BRDA:109,5,1,0
BRDA:109,6,0,0
BRDA:109,6,1,0
BRDA:110,7,0,0
BRDA:110,7,1,0
BRDA:110,8,0,0
BRDA:110,8,1,0
BRDA:110,9,0,0
BRDA:110,9,1,0
BRDA:110,10,0,0
BRDA:110,10,1,0
BRDA:111,11,0,0
BRDA:111,11,1,0
BRDA:111,12,0,0
BRDA:111,12,1,0
BRDA:111,13,0,0
BRDA:111,13,1,0
BRDA:111,14,0,0
BRDA:111,14,1,0
BRDA:112,15,0,0
BRDA:112,15,1,0
BRDA:112,16,0,0
BRDA:112,16,1,0
BRDA:112,17,0,0
BRDA:112,17,1,0
BRDA:112,18,0,0
BRDA:112,18,1,0
BRDA:113,19,0,0
BRDA:113,19,1,0
BRDA:113,20,0,0
BRDA:113,20,1,0
BRDA:113,21,0,0
BRDA:113,21,1,0
BRDA:113,22,0,0
BRDA:113,22,1,0
BRDA:126,23,0,2
BRDA:126,23,1,2
BRDA:129,24,0,0
BRDA:129,24,1,2
BRDA:129,25,0,2
BRDA:129,25,1,2
BRDA:131,26,0,0
BRDA:131,26,1,2
BRDA:170,27,0,0
BRDA:170,27,1,0
BRDA:179,28,0,0
BRDA:179,28,1,0
BRDA:182,29,0,0
BRDA:182,29,1,0
BRDA:182,30,0,0
BRDA:182,30,1,0
BRF:62
BRH:9
end_of_record
TN:
SF:src/lib/ai/genrePresets.ts
FN:243,getPreset
FN:247,getGenreList
FN:248,(anonymous_2)
FNF:3
FNH:3
FNDA:10,getPreset
FNDA:1,getGenreList
FNDA:10,(anonymous_2)
DA:28,2
DA:241,2
DA:243,2
DA:244,10
DA:247,2
DA:248,10
LF:6
LH:6
BRDA:244,0,0,10
BRDA:244,0,1,1
BRF:2
BRH:2
end_of_record
TN:
SF:src/lib/ai/masteringPresets.ts
FN:140,getMasteringPreset
FN:144,getMasteringPresetList
FN:145,(anonymous_2)
FN:171,applyMastering
FNF:4
FNH:2
FNDA:2,getMasteringPreset
FNDA:0,getMasteringPresetList
FNDA:0,(anonymous_2)
FNDA:2,applyMastering
DA:21,2
DA:138,2
DA:140,2
DA:141,2
DA:144,2
DA:145,0
DA:171,2
DA:172,2
DA:173,2
DA:185,2
DA:186,2
DA:189,2
DA:190,2
DA:192,2
LF:14
LH:13
BRDA:141,0,0,2
BRDA:141,0,1,0
BRF:2
BRH:1
end_of_record
TN:
SF:src/lib/ai/stemSeparator.ts
FN:41,separateStems
FN:46,(anonymous_1)
FN:61,(anonymous_2)
FN:85,getAvailableStems
FN:99,estimateSeparationTime
FNF:5
FNH:0
FNDA:0,separateStems
FNDA:0,(anonymous_1)
FNDA:0,(anonymous_2)
FNDA:0,getAvailableStems
FNDA:0,estimateSeparationTime
DA:41,2
DA:46,0
DA:49,0
DA:50,0
DA:53,0
DA:61,0
DA:62,0
DA:63,0
DA:64,0
DA:69,0
DA:75,0
DA:85,2
DA:86,0
DA:88,0
DA:89,0
DA:90,0
DA:91,0
DA:93,0
DA:99,2
DA:104,0
DA:107,0
DA:109,0
DA:110,0
DA:112,0
DA:113,0
DA:116,0
DA:120,0
DA:121,0
DA:123,0
LF:29
LH:3
BRDA:43,0,0,0
BRDA:85,1,0,0
BRDA:88,2,0,0
BRDA:88,2,1,0
BRDA:89,3,0,0
BRDA:89,3,1,0
BRDA:90,4,0,0
BRDA:90,4,1,0
BRDA:91,5,0,0
BRDA:91,5,1,0
BRDA:101,6,0,0
BRDA:107,7,0,0
BRDA:107,7,1,0
BRDA:107,7,2,0
BRDA:107,7,3,0
BRF:15
BRH:0
end_of_record
TN:
SF:src/lib/ai/effects/delay.ts
FN:37,(anonymous_0)
FN:41,(anonymous_1)
FN:115,applyDelay
FNF:3
FNH:3
FNDA:1,(anonymous_0)
FNDA:3,(anonymous_1)
FNDA:3,applyDelay
DA:16,1
DA:25,1
DA:37,1
DA:38,1
DA:39,1
DA:45,3
DA:46,3
DA:48,3
DA:49,3
DA:53,3
DA:54,1
DA:56,2
DA:60,3
DA:63,3
DA:64,3
DA:67,3
DA:68,3
DA:69,3
DA:71,3
DA:74,3
DA:75,72000
DA:76,72000
DA:79,72000
DA:80,72000
DA:83,72000
DA:84,12000
DA:88,72000
DA:91,72000
DA:92,24000
DA:93,24000
DA:96,72000
DA:100,3
DA:105,3
DA:113,1
DA:115,1
DA:119,3
LF:36
LH:36
BRDA:43,0,0,0
BRDA:53,1,0,1
BRDA:53,1,1,2
BRDA:53,2,0,3
BRDA:53,2,1,1
BRDA:54,3,0,1
BRDA:54,3,1,0
BRDA:80,4,0,12000
BRDA:80,4,1,60000
BRDA:83,5,0,12000
BRDA:83,5,1,60000
BRDA:91,6,0,24000
BRDA:91,6,1,48000
BRDA:91,7,0,72000
BRDA:91,7,1,24000
BRDA:93,8,0,12000
BRDA:93,8,1,12000
BRDA:117,9,0,1
BRF:18
BRH:16
end_of_record
TN:
SF:src/lib/ai/effects/index.ts
FN:1,(anonymous_0)
FN:1,(anonymous_1)
FN:1,(anonymous_2)
FN:4,(anonymous_3)
FN:4,(anonymous_4)
FN:4,(anonymous_5)
FN:7,(anonymous_6)
FN:7,(anonymous_7)
FN:7,(anonymous_8)
FNF:9
FNH:3
FNDA:0,(anonymous_0)
FNDA:0,(anonymous_1)
FNDA:3,(anonymous_2)
FNDA:0,(anonymous_3)
FNDA:0,(anonymous_4)
FNDA:3,(anonymous_5)
FNDA:0,(anonymous_6)
FNDA:0,(anonymous_7)
FNDA:6,(anonymous_8)
DA:1,4
DA:4,4
DA:7,7
LF:3
LH:3
BRF:0
BRH:0
end_of_record
TN:
SF:src/lib/ai/effects/reverb.ts
FN:23,(anonymous_0)
FN:27,(anonymous_1)
FN:51,(anonymous_2)
FN:52,(anonymous_3)
FN:131,applyReverb
FNF:5
FNH:5
FNDA:1,(anonymous_0)
FNDA:3,(anonymous_1)
FNDA:24,(anonymous_2)
FNDA:12,(anonymous_3)
FNDA:3,applyReverb
DA:15,1
DA:23,1
DA:24,1
DA:25,1
DA:31,3
DA:32,3
DA:34,3
DA:35,3
DA:38,3
DA:40,3
DA:41,3
DA:45,3
DA:48,3
DA:49,3
DA:51,24
DA:52,12
DA:53,3
DA:54,3
DA:57,3
DA:58,3
DA:59,3
DA:60,3
DA:61,3
DA:64,3
DA:65,72000
DA:66,72000
DA:69,72000
DA:70,72000
DA:71,576000
DA:72,576000
DA:75,576000
DA:78,576000
DA:81,576000
DA:84,576000
DA:87,576000
DA:91,72000
DA:92,72000
DA:93,288000
DA:94,288000
DA:96,288000
DA:97,288000
DA:98,288000
DA:100,288000
DA:101,288000
DA:105,72000
DA:108,72000
DA:109,36000
DA:111,36000
DA:116,3
DA:121,3
DA:129,1
DA:131,1
DA:135,3
LF:53
LH:53
BRDA:29,0,0,0
BRDA:38,1,0,3
BRDA:38,1,1,0
BRDA:41,2,0,3
BRDA:41,2,1,0
BRDA:78,3,0,576000
BRDA:78,3,1,33096
BRDA:108,4,0,36000
BRDA:108,4,1,36000
BRDA:108,5,0,72000
BRDA:108,5,1,36000
BRDA:133,6,0,1
BRF:12
BRH:9
end_of_record
TN:
SF:src/lib/ai/effects/saturation.ts
FN:21,softClipping
FN:26,hardClipping
FN:33,tanhClipping
FN:38,fuzzClipping
FN:46,(anonymous_4)
FN:49,(anonymous_5)
FN:74,(anonymous_6)
FN:132,applySaturation
FNF:8
FNH:8
FNDA:72000,softClipping
FNDA:24000,hardClipping
FNDA:24000,tanhClipping
FNDA:24000,fuzzClipping
FNDA:1,(anonymous_4)
FNDA:6,(anonymous_5)
FNDA:144000,(anonymous_6)
FNDA:6,applySaturation
DA:14,1
DA:23,72000
DA:28,24000
DA:29,14100
DA:30,4200
DA:35,24000
DA:40,24000
DA:41,24000
DA:42,24000
DA:43,21920
DA:46,1
DA:47,1
DA:53,6
DA:54,6
DA:56,6
DA:57,6
DA:60,6
DA:63,6
DA:64,6
DA:65,6
DA:68,6
DA:69,6
DA:71,6
DA:74,6
DA:75,144000
DA:76,144000
DA:78,24000
DA:80,24000
DA:82,24000
DA:85,72000
DA:90,6
DA:91,6
DA:94,6
DA:95,144000
DA:99,144000
DA:100,144000
DA:103,144000
DA:104,144000
DA:107,144000
DA:110,144000
DA:113,144000
DA:117,6
DA:122,6
DA:130,1
DA:132,1
DA:136,6
LF:46
LH:46
BRDA:26,0,0,0
BRDA:28,1,0,9900
BRDA:28,1,1,14100
BRDA:29,2,0,9900
BRDA:29,2,1,4200
BRDA:41,3,0,12001
BRDA:41,3,1,11999
BRDA:42,4,0,2080
BRDA:42,4,1,21920
BRDA:51,5,0,0
BRDA:76,6,0,24000
BRDA:76,6,1,24000
BRDA:76,6,2,24000
BRDA:76,6,3,72000
BRDA:76,6,4,72000
BRDA:134,7,0,1
BRF:16
BRH:14
end_of_record
TN:
SF:src/lib/ai/reference/matcher.ts
FN:46,(anonymous_0)
FN:54,(anonymous_1)
FN:77,(anonymous_2)
FN:93,(anonymous_3)
FN:121,(anonymous_4)
FNF:5
FNH:5
FNDA:7,(anonymous_0)
FNDA:91,(anonymous_1)
FNDA:3,(anonymous_2)
FNDA:21,(anonymous_3)
FNDA:3,(anonymous_4)
DA:42,2
DA:48,7
DA:54,91
DA:90,3
DA:93,21
DA:99,3
DA:105,3
DA:108,3
DA:110,3
DA:127,3
DA:128,3
DA:131,3
DA:138,3
DA:139,3
DA:140,3
DA:142,3
DA:143,2
DA:145,3
DA:146,3
DA:148,3
DA:149,0
DA:152,3
DA:161,2
LF:23
LH:22
BRDA:139,0,0,3
BRDA:139,0,1,0
BRDA:142,1,0,2
BRDA:142,1,1,1
BRDA:145,2,0,3
BRDA:145,2,1,0
BRDA:148,3,0,0
BRDA:148,3,1,3
BRF:8
BRH:5
end_of_record
TN:
SF:src/lib/ai/vocal/tuner.ts
FN:28,(anonymous_0)
FN:35,(anonymous_1)
FN:71,(anonymous_2)
FN:96,(anonymous_3)
FN:153,(anonymous_4)
FN:190,(anonymous_5)
FNF:6
FNH:4
FNDA:2,(anonymous_0)
FNDA:3,(anonymous_1)
FNDA:4,(anonymous_2)
FNDA:0,(anonymous_3)
FNDA:0,(anonymous_4)
FNDA:4,(anonymous_5)
DA:25,2
DA:26,2
DA:39,3
DA:40,0
DA:45,3
DA:46,3
DA:49,3
DA:50,3
DA:52,3
DA:53,395551
DA:54,395551
DA:55,395551
DA:56,395551
DA:58,395551
DA:59,395551
DA:61,0
DA:65,3
DA:75,4
DA:76,0
DA:82,4
DA:85,4
DA:87,719184
DA:90,4
DA:100,0
DA:101,0
DA:104,0
DA:110,0
DA:111,0
DA:112,0
DA:115,0
DA:116,0
DA:119,0
DA:120,0
DA:122,0
DA:123,0
DA:124,0
DA:125,0
DA:126,0
DA:128,0
DA:129,0
DA:131,0
DA:136,0
DA:137,0
DA:138,0
DA:139,0
DA:140,0
DA:143,0
DA:144,0
DA:147,0
DA:158,0
DA:159,0
DA:162,0
DA:163,0
DA:164,0
DA:166,0
DA:167,0
DA:168,0
DA:169,0
DA:172,0
DA:173,0
DA:174,0
DA:175,0
DA:177,0
DA:178,0
DA:180,0
DA:184,0
DA:195,4
DA:198,4
DA:199,4
DA:205,4
DA:208,4
DA:209,3
DA:210,3
DA:211,3
DA:214,4
DA:215,2
DA:216,2
DA:217,2
DA:220,4
DA:221,0
DA:222,0
DA:223,0
DA:226,4
DA:227,0
DA:228,0
DA:229,0
DA:232,4
DA:233,2
DA:234,2
DA:235,2
DA:238,4
DA:239,0
DA:240,0
DA:241,0
DA:244,4
DA:245,0
DA:246,0
DA:247,0
DA:251,4
DA:252,4
DA:254,4
DA:255,443551
DA:258,4
DA:267,2
LF:104
LH:46
BRDA:39,0,0,0
BRDA:39,0,1,3
BRDA:39,1,0,3
BRDA:39,1,1,3
BRDA:58,2,0,395551
BRDA:58,2,1,0
BRDA:58,3,0,395551
BRDA:58,3,1,395551
BRDA:75,4,0,0
BRDA:75,4,1,4
BRDA:100,5,0,0
BRDA:100,5,1,0
BRDA:100,6,0,0
BRDA:100,6,1,0
BRDA:110,7,0,0
BRDA:110,7,1,0
BRDA:111,8,0,0
BRDA:111,8,1,0
BRDA:128,9,0,0
BRDA:128,9,1,0
BRDA:128,10,0,0
BRDA:128,10,1,0
BRDA:139,11,0,0
BRDA:139,11,1,0
BRDA:143,12,0,0
BRDA:143,12,1,0
BRDA:144,13,0,0
BRDA:144,13,1,0
BRDA:158,14,0,0
BRDA:158,14,1,0
BRDA:158,15,0,0
BRDA:158,15,1,0
BRDA:158,15,2,0
BRDA:177,16,0,0
BRDA:177,16,1,0
BRDA:177,17,0,0
BRDA:177,17,1,0
BRDA:208,18,0,3
BRDA:208,18,1,1
BRDA:208,19,0,4
BRDA:208,19,1,3
BRDA:214,20,0,2
BRDA:214,20,1,2
BRDA:220,21,0,0
BRDA:220,21,1,4
BRDA:220,22,0,4
BRDA:220,22,1,0
BRDA:226,23,0,0
BRDA:226,23,1,4
BRDA:226,24,0,4
BRDA:226,24,1,0
BRDA:226,24,2,0
BRDA:232,25,0,2
BRDA:232,25,1,2
BRDA:238,26,0,0
BRDA:238,26,1,4
BRDA:238,27,0,4
BRDA:238,27,1,0
BRDA:244,28,0,0
BRDA:244,28,1,4
BRDA:244,29,0,4
BRDA:244,29,1,0
BRDA:244,29,2,0
BRF:63
BRH:23
end_of_record
TN:
SF:src/lib/performance/benchmark.ts
FN:9,benchmarkProcessing
FN:152,(anonymous_1)
FNF:2
FNH:0
FNDA:0,benchmarkProcessing
FNDA:0,(anonymous_1)
DA:10,0
DA:13,0
DA:14,0
DA:15,0
DA:16,0
DA:17,0
DA:18,0
DA:21,0
DA:22,0
DA:23,0
DA:25,0
DA:32,0
DA:35,0
DA:38,0
DA:39,0
DA:41,0
DA:42,0
DA:43,0
DA:44,0
DA:50,0
DA:51,0
DA:53,0
DA:56,0
DA:57,0
DA:60,0
DA:61,0
DA:63,0
DA:75,0
DA:76,0
DA:78,0
DA:79,0
DA:80,0
DA:83,0
DA:84,0
DA:86,0
DA:95,0
DA:101,0
DA:103,0
DA:104,0
DA:107,0
DA:108,0
DA:111,0
DA:118,0
DA:121,0
DA:127,0
DA:129,0
DA:130,0
DA:131,0
DA:134,0
DA:135,0
DA:136,0
DA:137,0
DA:138,0
DA:139,0
DA:141,0
DA:151,0
DA:152,0
DA:153,0
DA:154,0
DA:156,0
DA:157,0
LF:61
LH:0
BRDA:32,0,0,0
BRDA:32,0,1,0
BRDA:80,1,0,0
BRDA:80,1,1,0
BRDA:80,2,0,0
BRDA:80,2,1,0
BRDA:131,3,0,0
BRDA:131,3,1,0
BRDA:151,4,0,0
BRDA:151,4,1,0
BRDA:151,5,0,0
BRDA:151,5,1,0
BRDA:151,6,0,0
BRDA:151,6,1,0
BRDA:151,7,0,0
BRDA:151,7,1,0
BRF:16
BRH:0
end_of_record
TN:
SF:src/lib/workers/audio-worker.ts
FN:20,updateTrackStatus
FN:49,validateAudio
FN:50,(anonymous_2)
FN:51,(anonymous_3)
FN:57,performStemSeparation
FN:58,(anonymous_5)
FN:62,performMixing
FN:63,(anonymous_7)
FN:67,performMastering
FN:68,(anonymous_9)
FN:72,processJob
FN:122,(anonymous_11)
FN:126,(anonymous_12)
FN:130,(anonymous_13)
FN:136,(anonymous_14)
FNF:15
FNH:0
FNDA:0,updateTrackStatus
FNDA:0,validateAudio
FNDA:0,(anonymous_2)
FNDA:0,(anonymous_3)
FNDA:0,performStemSeparation
FNDA:0,(anonymous_5)
FNDA:0,performMixing
FNDA:0,(anonymous_7)
FNDA:0,performMastering
FNDA:0,(anonymous_9)
FNDA:0,processJob
FNDA:0,(anonymous_11)
FNDA:0,(anonymous_12)
FNDA:0,(anonymous_13)
FNDA:0,(anonymous_14)
DA:5,0
DA:7,0
DA:26,0
DA:36,0
DA:37,0
DA:50,0
DA:51,0
DA:52,0
DA:58,0
DA:59,0
DA:63,0
DA:64,0
DA:68,0
DA:69,0
DA:73,0
DA:75,0
DA:76,0
DA:78,0
DA:79,0
DA:81,0
DA:82,0
DA:83,0
DA:86,0
DA:87,0
DA:89,0
DA:91,0
DA:92,0
DA:94,0
DA:96,0
DA:97,0
DA:99,0
DA:101,0
DA:102,0
DA:104,0
DA:107,0
DA:108,0
DA:109,0
DA:113,0
DA:122,0
DA:123,0
DA:126,0
DA:127,0
DA:130,0
DA:131,0
DA:134,0
DA:136,0
DA:137,0
DA:138,0
DA:139,0
DA:140,0
LF:50
LH:0
BRDA:8,0,0,0
BRDA:8,0,1,0
BRDA:9,1,0,0
BRDA:9,1,1,0
BRDA:31,2,0,0
BRDA:31,2,1,0
BRDA:31,3,0,0
BRDA:31,3,1,0
BRDA:32,4,0,0
BRDA:32,4,1,0
BRDA:36,5,0,0
BRDA:36,5,1,0
BRDA:41,6,0,0
BRDA:41,6,1,0
BRDA:43,7,0,0
BRDA:43,7,1,0
BRDA:82,8,0,0
BRDA:82,8,1,0
BRDA:127,9,0,0
BRDA:127,9,1,0
BRDA:127,10,0,0
BRDA:127,10,1,0
BRF:22
BRH:0
end_of_record
TN:
SF:src/lib/workers/start-worker.ts
FNF:0
FNH:0
DA:3,0
LF:1
LH:0
BRF:0
BRH:0
end_of_record
